{"C:\\Users\\JUMIA-430.JUMLOS-430\\Desktop\\Epic-Mail\\server\\test\\app.js":{"path":"C:\\Users\\JUMIA-430.JUMLOS-430\\Desktop\\Epic-Mail\\server\\test\\app.js","statementMap":{"0":{"start":{"line":3,"column":13},"end":{"line":3,"column":29}},"1":{"start":{"line":5,"column":14},"end":{"line":5,"column":44}},"2":{"start":{"line":7,"column":12},"end":{"line":7,"column":27}},"3":{"start":{"line":9,"column":13},"end":{"line":9,"column":42}},"4":{"start":{"line":11,"column":16},"end":{"line":11,"column":36}},"5":{"start":{"line":13,"column":17},"end":{"line":13,"column":50}},"6":{"start":{"line":15,"column":14},"end":{"line":15,"column":31}},"7":{"start":{"line":17,"column":15},"end":{"line":17,"column":46}},"8":{"start":{"line":19,"column":20},"end":{"line":19,"column":43}},"9":{"start":{"line":21,"column":21},"end":{"line":21,"column":58}},"10":{"start":{"line":23,"column":13},"end":{"line":23,"column":32}},"11":{"start":{"line":25,"column":14},"end":{"line":25,"column":44}},"12":{"start":{"line":27,"column":39},"end":{"line":27,"column":93}},"13":{"start":{"line":29,"column":0},"end":{"line":29,"column":26}},"14":{"start":{"line":30,"column":0},"end":{"line":30,"column":39}},"15":{"start":{"line":31,"column":0},"end":{"line":31,"column":24}},"16":{"start":{"line":33,"column":12},"end":{"line":35,"column":2}},"17":{"start":{"line":36,"column":14},"end":{"line":41,"column":1}},"18":{"start":{"line":42,"column":19},"end":{"line":47,"column":1}},"19":{"start":{"line":48,"column":19},"end":{"line":51,"column":1}},"20":{"start":{"line":52,"column":20},"end":{"line":55,"column":1}},"21":{"start":{"line":56,"column":19},"end":{"line":59,"column":1}},"22":{"start":{"line":60,"column":17},"end":{"line":69,"column":1}},"23":{"start":{"line":71,"column":0},"end":{"line":482,"column":3}},"24":{"start":{"line":72,"column":2},"end":{"line":128,"column":5}},"25":{"start":{"line":73,"column":4},"end":{"line":86,"column":7}},"26":{"start":{"line":74,"column":6},"end":{"line":85,"column":9}},"27":{"start":{"line":75,"column":8},"end":{"line":75,"column":27}},"28":{"start":{"line":75,"column":17},"end":{"line":75,"column":27}},"29":{"start":{"line":76,"column":8},"end":{"line":76,"column":37}},"30":{"start":{"line":77,"column":8},"end":{"line":77,"column":42}},"31":{"start":{"line":78,"column":8},"end":{"line":78,"column":47}},"32":{"start":{"line":79,"column":8},"end":{"line":79,"column":48}},"33":{"start":{"line":80,"column":8},"end":{"line":80,"column":39}},"34":{"start":{"line":81,"column":8},"end":{"line":81,"column":46}},"35":{"start":{"line":82,"column":8},"end":{"line":82,"column":45}},"36":{"start":{"line":83,"column":8},"end":{"line":83,"column":61}},"37":{"start":{"line":84,"column":8},"end":{"line":84,"column":15}},"38":{"start":{"line":87,"column":4},"end":{"line":100,"column":7}},"39":{"start":{"line":88,"column":6},"end":{"line":99,"column":9}},"40":{"start":{"line":89,"column":8},"end":{"line":89,"column":27}},"41":{"start":{"line":89,"column":17},"end":{"line":89,"column":27}},"42":{"start":{"line":90,"column":8},"end":{"line":90,"column":37}},"43":{"start":{"line":91,"column":8},"end":{"line":91,"column":42}},"44":{"start":{"line":92,"column":8},"end":{"line":92,"column":47}},"45":{"start":{"line":93,"column":8},"end":{"line":93,"column":48}},"46":{"start":{"line":94,"column":8},"end":{"line":94,"column":39}},"47":{"start":{"line":95,"column":8},"end":{"line":95,"column":46}},"48":{"start":{"line":96,"column":8},"end":{"line":96,"column":45}},"49":{"start":{"line":97,"column":8},"end":{"line":97,"column":61}},"50":{"start":{"line":98,"column":8},"end":{"line":98,"column":15}},"51":{"start":{"line":101,"column":4},"end":{"line":113,"column":7}},"52":{"start":{"line":102,"column":6},"end":{"line":112,"column":9}},"53":{"start":{"line":103,"column":8},"end":{"line":103,"column":27}},"54":{"start":{"line":103,"column":17},"end":{"line":103,"column":27}},"55":{"start":{"line":104,"column":8},"end":{"line":104,"column":37}},"56":{"start":{"line":105,"column":8},"end":{"line":105,"column":42}},"57":{"start":{"line":106,"column":8},"end":{"line":106,"column":46}},"58":{"start":{"line":107,"column":8},"end":{"line":107,"column":48}},"59":{"start":{"line":108,"column":8},"end":{"line":108,"column":39}},"60":{"start":{"line":109,"column":8},"end":{"line":109,"column":46}},"61":{"start":{"line":110,"column":8},"end":{"line":110,"column":43}},"62":{"start":{"line":111,"column":8},"end":{"line":111,"column":15}},"63":{"start":{"line":114,"column":4},"end":{"line":127,"column":7}},"64":{"start":{"line":115,"column":6},"end":{"line":126,"column":9}},"65":{"start":{"line":116,"column":8},"end":{"line":116,"column":27}},"66":{"start":{"line":116,"column":17},"end":{"line":116,"column":27}},"67":{"start":{"line":117,"column":8},"end":{"line":117,"column":37}},"68":{"start":{"line":118,"column":8},"end":{"line":118,"column":42}},"69":{"start":{"line":119,"column":8},"end":{"line":119,"column":47}},"70":{"start":{"line":120,"column":8},"end":{"line":120,"column":48}},"71":{"start":{"line":121,"column":8},"end":{"line":121,"column":39}},"72":{"start":{"line":122,"column":8},"end":{"line":122,"column":46}},"73":{"start":{"line":123,"column":8},"end":{"line":123,"column":45}},"74":{"start":{"line":124,"column":8},"end":{"line":124,"column":111}},"75":{"start":{"line":125,"column":8},"end":{"line":125,"column":15}},"76":{"start":{"line":130,"column":2},"end":{"line":185,"column":5}},"77":{"start":{"line":131,"column":4},"end":{"line":143,"column":7}},"78":{"start":{"line":132,"column":6},"end":{"line":142,"column":9}},"79":{"start":{"line":133,"column":8},"end":{"line":133,"column":37}},"80":{"start":{"line":134,"column":8},"end":{"line":134,"column":42}},"81":{"start":{"line":135,"column":8},"end":{"line":135,"column":47}},"82":{"start":{"line":136,"column":8},"end":{"line":136,"column":48}},"83":{"start":{"line":137,"column":8},"end":{"line":137,"column":39}},"84":{"start":{"line":138,"column":8},"end":{"line":138,"column":46}},"85":{"start":{"line":139,"column":8},"end":{"line":139,"column":45}},"86":{"start":{"line":140,"column":8},"end":{"line":140,"column":61}},"87":{"start":{"line":141,"column":8},"end":{"line":141,"column":15}},"88":{"start":{"line":144,"column":4},"end":{"line":157,"column":7}},"89":{"start":{"line":145,"column":6},"end":{"line":156,"column":9}},"90":{"start":{"line":146,"column":8},"end":{"line":146,"column":27}},"91":{"start":{"line":146,"column":17},"end":{"line":146,"column":27}},"92":{"start":{"line":147,"column":8},"end":{"line":147,"column":37}},"93":{"start":{"line":148,"column":8},"end":{"line":148,"column":42}},"94":{"start":{"line":149,"column":8},"end":{"line":149,"column":47}},"95":{"start":{"line":150,"column":8},"end":{"line":150,"column":48}},"96":{"start":{"line":151,"column":8},"end":{"line":151,"column":39}},"97":{"start":{"line":152,"column":8},"end":{"line":152,"column":46}},"98":{"start":{"line":153,"column":8},"end":{"line":153,"column":45}},"99":{"start":{"line":154,"column":8},"end":{"line":154,"column":61}},"100":{"start":{"line":155,"column":8},"end":{"line":155,"column":15}},"101":{"start":{"line":158,"column":4},"end":{"line":171,"column":7}},"102":{"start":{"line":159,"column":6},"end":{"line":170,"column":9}},"103":{"start":{"line":160,"column":8},"end":{"line":160,"column":27}},"104":{"start":{"line":160,"column":17},"end":{"line":160,"column":27}},"105":{"start":{"line":161,"column":8},"end":{"line":161,"column":37}},"106":{"start":{"line":162,"column":8},"end":{"line":162,"column":42}},"107":{"start":{"line":163,"column":8},"end":{"line":163,"column":47}},"108":{"start":{"line":164,"column":8},"end":{"line":164,"column":48}},"109":{"start":{"line":165,"column":8},"end":{"line":165,"column":39}},"110":{"start":{"line":166,"column":8},"end":{"line":166,"column":46}},"111":{"start":{"line":167,"column":8},"end":{"line":167,"column":45}},"112":{"start":{"line":168,"column":8},"end":{"line":168,"column":77}},"113":{"start":{"line":169,"column":8},"end":{"line":169,"column":15}},"114":{"start":{"line":172,"column":4},"end":{"line":184,"column":7}},"115":{"start":{"line":173,"column":6},"end":{"line":183,"column":9}},"116":{"start":{"line":174,"column":8},"end":{"line":174,"column":27}},"117":{"start":{"line":174,"column":17},"end":{"line":174,"column":27}},"118":{"start":{"line":175,"column":8},"end":{"line":175,"column":37}},"119":{"start":{"line":176,"column":8},"end":{"line":176,"column":42}},"120":{"start":{"line":177,"column":8},"end":{"line":177,"column":46}},"121":{"start":{"line":178,"column":8},"end":{"line":178,"column":48}},"122":{"start":{"line":179,"column":8},"end":{"line":179,"column":39}},"123":{"start":{"line":180,"column":8},"end":{"line":180,"column":46}},"124":{"start":{"line":181,"column":8},"end":{"line":181,"column":43}},"125":{"start":{"line":182,"column":8},"end":{"line":182,"column":15}},"126":{"start":{"line":188,"column":2},"end":{"line":230,"column":5}},"127":{"start":{"line":189,"column":4},"end":{"line":201,"column":7}},"128":{"start":{"line":190,"column":6},"end":{"line":200,"column":9}},"129":{"start":{"line":191,"column":8},"end":{"line":191,"column":27}},"130":{"start":{"line":191,"column":17},"end":{"line":191,"column":27}},"131":{"start":{"line":192,"column":8},"end":{"line":192,"column":37}},"132":{"start":{"line":193,"column":8},"end":{"line":193,"column":42}},"133":{"start":{"line":194,"column":8},"end":{"line":194,"column":46}},"134":{"start":{"line":195,"column":8},"end":{"line":195,"column":48}},"135":{"start":{"line":196,"column":8},"end":{"line":196,"column":39}},"136":{"start":{"line":197,"column":8},"end":{"line":197,"column":46}},"137":{"start":{"line":198,"column":8},"end":{"line":198,"column":43}},"138":{"start":{"line":199,"column":8},"end":{"line":199,"column":15}},"139":{"start":{"line":202,"column":4},"end":{"line":215,"column":7}},"140":{"start":{"line":203,"column":6},"end":{"line":214,"column":9}},"141":{"start":{"line":204,"column":8},"end":{"line":204,"column":27}},"142":{"start":{"line":204,"column":17},"end":{"line":204,"column":27}},"143":{"start":{"line":205,"column":8},"end":{"line":205,"column":37}},"144":{"start":{"line":206,"column":8},"end":{"line":206,"column":42}},"145":{"start":{"line":207,"column":8},"end":{"line":207,"column":47}},"146":{"start":{"line":208,"column":8},"end":{"line":208,"column":48}},"147":{"start":{"line":209,"column":8},"end":{"line":209,"column":39}},"148":{"start":{"line":210,"column":8},"end":{"line":210,"column":46}},"149":{"start":{"line":211,"column":8},"end":{"line":211,"column":45}},"150":{"start":{"line":212,"column":8},"end":{"line":212,"column":58}},"151":{"start":{"line":213,"column":8},"end":{"line":213,"column":15}},"152":{"start":{"line":216,"column":4},"end":{"line":229,"column":7}},"153":{"start":{"line":217,"column":6},"end":{"line":228,"column":9}},"154":{"start":{"line":218,"column":8},"end":{"line":218,"column":27}},"155":{"start":{"line":218,"column":17},"end":{"line":218,"column":27}},"156":{"start":{"line":219,"column":8},"end":{"line":219,"column":37}},"157":{"start":{"line":220,"column":8},"end":{"line":220,"column":42}},"158":{"start":{"line":221,"column":8},"end":{"line":221,"column":47}},"159":{"start":{"line":222,"column":8},"end":{"line":222,"column":48}},"160":{"start":{"line":223,"column":8},"end":{"line":223,"column":39}},"161":{"start":{"line":224,"column":8},"end":{"line":224,"column":46}},"162":{"start":{"line":225,"column":8},"end":{"line":225,"column":45}},"163":{"start":{"line":226,"column":8},"end":{"line":226,"column":74}},"164":{"start":{"line":227,"column":8},"end":{"line":227,"column":15}},"165":{"start":{"line":233,"column":2},"end":{"line":275,"column":5}},"166":{"start":{"line":234,"column":4},"end":{"line":246,"column":7}},"167":{"start":{"line":235,"column":6},"end":{"line":245,"column":9}},"168":{"start":{"line":236,"column":8},"end":{"line":236,"column":27}},"169":{"start":{"line":236,"column":17},"end":{"line":236,"column":27}},"170":{"start":{"line":237,"column":8},"end":{"line":237,"column":37}},"171":{"start":{"line":238,"column":8},"end":{"line":238,"column":42}},"172":{"start":{"line":239,"column":8},"end":{"line":239,"column":39}},"173":{"start":{"line":240,"column":8},"end":{"line":240,"column":48}},"174":{"start":{"line":241,"column":8},"end":{"line":241,"column":46}},"175":{"start":{"line":242,"column":8},"end":{"line":242,"column":46}},"176":{"start":{"line":243,"column":8},"end":{"line":243,"column":43}},"177":{"start":{"line":244,"column":8},"end":{"line":244,"column":15}},"178":{"start":{"line":247,"column":4},"end":{"line":260,"column":7}},"179":{"start":{"line":248,"column":6},"end":{"line":259,"column":9}},"180":{"start":{"line":249,"column":8},"end":{"line":249,"column":27}},"181":{"start":{"line":249,"column":17},"end":{"line":249,"column":27}},"182":{"start":{"line":250,"column":8},"end":{"line":250,"column":37}},"183":{"start":{"line":251,"column":8},"end":{"line":251,"column":42}},"184":{"start":{"line":252,"column":8},"end":{"line":252,"column":47}},"185":{"start":{"line":253,"column":8},"end":{"line":253,"column":48}},"186":{"start":{"line":254,"column":8},"end":{"line":254,"column":39}},"187":{"start":{"line":255,"column":8},"end":{"line":255,"column":46}},"188":{"start":{"line":256,"column":8},"end":{"line":256,"column":45}},"189":{"start":{"line":257,"column":8},"end":{"line":257,"column":58}},"190":{"start":{"line":258,"column":8},"end":{"line":258,"column":15}},"191":{"start":{"line":261,"column":4},"end":{"line":274,"column":7}},"192":{"start":{"line":262,"column":6},"end":{"line":273,"column":9}},"193":{"start":{"line":263,"column":8},"end":{"line":263,"column":27}},"194":{"start":{"line":263,"column":17},"end":{"line":263,"column":27}},"195":{"start":{"line":264,"column":8},"end":{"line":264,"column":37}},"196":{"start":{"line":265,"column":8},"end":{"line":265,"column":42}},"197":{"start":{"line":266,"column":8},"end":{"line":266,"column":47}},"198":{"start":{"line":267,"column":8},"end":{"line":267,"column":48}},"199":{"start":{"line":268,"column":8},"end":{"line":268,"column":39}},"200":{"start":{"line":269,"column":8},"end":{"line":269,"column":46}},"201":{"start":{"line":270,"column":8},"end":{"line":270,"column":45}},"202":{"start":{"line":271,"column":8},"end":{"line":271,"column":74}},"203":{"start":{"line":272,"column":8},"end":{"line":272,"column":15}},"204":{"start":{"line":278,"column":2},"end":{"line":320,"column":5}},"205":{"start":{"line":279,"column":4},"end":{"line":291,"column":7}},"206":{"start":{"line":280,"column":6},"end":{"line":290,"column":9}},"207":{"start":{"line":281,"column":8},"end":{"line":281,"column":27}},"208":{"start":{"line":281,"column":17},"end":{"line":281,"column":27}},"209":{"start":{"line":282,"column":8},"end":{"line":282,"column":37}},"210":{"start":{"line":283,"column":8},"end":{"line":283,"column":42}},"211":{"start":{"line":284,"column":8},"end":{"line":284,"column":39}},"212":{"start":{"line":285,"column":8},"end":{"line":285,"column":48}},"213":{"start":{"line":286,"column":8},"end":{"line":286,"column":46}},"214":{"start":{"line":287,"column":8},"end":{"line":287,"column":46}},"215":{"start":{"line":288,"column":8},"end":{"line":288,"column":43}},"216":{"start":{"line":289,"column":8},"end":{"line":289,"column":15}},"217":{"start":{"line":292,"column":4},"end":{"line":305,"column":7}},"218":{"start":{"line":293,"column":6},"end":{"line":304,"column":9}},"219":{"start":{"line":294,"column":8},"end":{"line":294,"column":27}},"220":{"start":{"line":294,"column":17},"end":{"line":294,"column":27}},"221":{"start":{"line":295,"column":8},"end":{"line":295,"column":37}},"222":{"start":{"line":296,"column":8},"end":{"line":296,"column":42}},"223":{"start":{"line":297,"column":8},"end":{"line":297,"column":47}},"224":{"start":{"line":298,"column":8},"end":{"line":298,"column":48}},"225":{"start":{"line":299,"column":8},"end":{"line":299,"column":39}},"226":{"start":{"line":300,"column":8},"end":{"line":300,"column":46}},"227":{"start":{"line":301,"column":8},"end":{"line":301,"column":45}},"228":{"start":{"line":302,"column":8},"end":{"line":302,"column":58}},"229":{"start":{"line":303,"column":8},"end":{"line":303,"column":15}},"230":{"start":{"line":306,"column":4},"end":{"line":319,"column":7}},"231":{"start":{"line":307,"column":6},"end":{"line":318,"column":9}},"232":{"start":{"line":308,"column":8},"end":{"line":308,"column":27}},"233":{"start":{"line":308,"column":17},"end":{"line":308,"column":27}},"234":{"start":{"line":309,"column":8},"end":{"line":309,"column":37}},"235":{"start":{"line":310,"column":8},"end":{"line":310,"column":42}},"236":{"start":{"line":311,"column":8},"end":{"line":311,"column":47}},"237":{"start":{"line":312,"column":8},"end":{"line":312,"column":48}},"238":{"start":{"line":313,"column":8},"end":{"line":313,"column":39}},"239":{"start":{"line":314,"column":8},"end":{"line":314,"column":46}},"240":{"start":{"line":315,"column":8},"end":{"line":315,"column":45}},"241":{"start":{"line":316,"column":8},"end":{"line":316,"column":74}},"242":{"start":{"line":317,"column":8},"end":{"line":317,"column":15}},"243":{"start":{"line":323,"column":2},"end":{"line":365,"column":5}},"244":{"start":{"line":324,"column":4},"end":{"line":336,"column":7}},"245":{"start":{"line":325,"column":6},"end":{"line":335,"column":9}},"246":{"start":{"line":326,"column":8},"end":{"line":326,"column":27}},"247":{"start":{"line":326,"column":17},"end":{"line":326,"column":27}},"248":{"start":{"line":327,"column":8},"end":{"line":327,"column":37}},"249":{"start":{"line":328,"column":8},"end":{"line":328,"column":42}},"250":{"start":{"line":329,"column":8},"end":{"line":329,"column":39}},"251":{"start":{"line":330,"column":8},"end":{"line":330,"column":48}},"252":{"start":{"line":331,"column":8},"end":{"line":331,"column":46}},"253":{"start":{"line":332,"column":8},"end":{"line":332,"column":46}},"254":{"start":{"line":333,"column":8},"end":{"line":333,"column":43}},"255":{"start":{"line":334,"column":8},"end":{"line":334,"column":15}},"256":{"start":{"line":337,"column":4},"end":{"line":350,"column":7}},"257":{"start":{"line":338,"column":6},"end":{"line":349,"column":9}},"258":{"start":{"line":339,"column":8},"end":{"line":339,"column":27}},"259":{"start":{"line":339,"column":17},"end":{"line":339,"column":27}},"260":{"start":{"line":340,"column":8},"end":{"line":340,"column":37}},"261":{"start":{"line":341,"column":8},"end":{"line":341,"column":42}},"262":{"start":{"line":342,"column":8},"end":{"line":342,"column":47}},"263":{"start":{"line":343,"column":8},"end":{"line":343,"column":48}},"264":{"start":{"line":344,"column":8},"end":{"line":344,"column":39}},"265":{"start":{"line":345,"column":8},"end":{"line":345,"column":46}},"266":{"start":{"line":346,"column":8},"end":{"line":346,"column":45}},"267":{"start":{"line":347,"column":8},"end":{"line":347,"column":58}},"268":{"start":{"line":348,"column":8},"end":{"line":348,"column":15}},"269":{"start":{"line":351,"column":4},"end":{"line":364,"column":7}},"270":{"start":{"line":352,"column":6},"end":{"line":363,"column":9}},"271":{"start":{"line":353,"column":8},"end":{"line":353,"column":27}},"272":{"start":{"line":353,"column":17},"end":{"line":353,"column":27}},"273":{"start":{"line":354,"column":8},"end":{"line":354,"column":37}},"274":{"start":{"line":355,"column":8},"end":{"line":355,"column":42}},"275":{"start":{"line":356,"column":8},"end":{"line":356,"column":47}},"276":{"start":{"line":357,"column":8},"end":{"line":357,"column":48}},"277":{"start":{"line":358,"column":8},"end":{"line":358,"column":39}},"278":{"start":{"line":359,"column":8},"end":{"line":359,"column":46}},"279":{"start":{"line":360,"column":8},"end":{"line":360,"column":45}},"280":{"start":{"line":361,"column":8},"end":{"line":361,"column":74}},"281":{"start":{"line":362,"column":8},"end":{"line":362,"column":15}},"282":{"start":{"line":368,"column":2},"end":{"line":423,"column":5}},"283":{"start":{"line":369,"column":4},"end":{"line":381,"column":7}},"284":{"start":{"line":370,"column":6},"end":{"line":380,"column":9}},"285":{"start":{"line":371,"column":8},"end":{"line":371,"column":27}},"286":{"start":{"line":371,"column":17},"end":{"line":371,"column":27}},"287":{"start":{"line":372,"column":8},"end":{"line":372,"column":37}},"288":{"start":{"line":373,"column":8},"end":{"line":373,"column":42}},"289":{"start":{"line":374,"column":8},"end":{"line":374,"column":39}},"290":{"start":{"line":375,"column":8},"end":{"line":375,"column":48}},"291":{"start":{"line":376,"column":8},"end":{"line":376,"column":46}},"292":{"start":{"line":377,"column":8},"end":{"line":377,"column":46}},"293":{"start":{"line":378,"column":8},"end":{"line":378,"column":43}},"294":{"start":{"line":379,"column":8},"end":{"line":379,"column":15}},"295":{"start":{"line":382,"column":4},"end":{"line":394,"column":7}},"296":{"start":{"line":383,"column":6},"end":{"line":393,"column":9}},"297":{"start":{"line":384,"column":8},"end":{"line":384,"column":27}},"298":{"start":{"line":384,"column":17},"end":{"line":384,"column":27}},"299":{"start":{"line":385,"column":8},"end":{"line":385,"column":37}},"300":{"start":{"line":386,"column":8},"end":{"line":386,"column":42}},"301":{"start":{"line":387,"column":8},"end":{"line":387,"column":39}},"302":{"start":{"line":388,"column":8},"end":{"line":388,"column":48}},"303":{"start":{"line":389,"column":8},"end":{"line":389,"column":47}},"304":{"start":{"line":390,"column":8},"end":{"line":390,"column":46}},"305":{"start":{"line":391,"column":8},"end":{"line":391,"column":45}},"306":{"start":{"line":392,"column":8},"end":{"line":392,"column":15}},"307":{"start":{"line":395,"column":4},"end":{"line":408,"column":7}},"308":{"start":{"line":396,"column":6},"end":{"line":407,"column":9}},"309":{"start":{"line":397,"column":8},"end":{"line":397,"column":27}},"310":{"start":{"line":397,"column":17},"end":{"line":397,"column":27}},"311":{"start":{"line":398,"column":8},"end":{"line":398,"column":37}},"312":{"start":{"line":399,"column":8},"end":{"line":399,"column":42}},"313":{"start":{"line":400,"column":8},"end":{"line":400,"column":47}},"314":{"start":{"line":401,"column":8},"end":{"line":401,"column":48}},"315":{"start":{"line":402,"column":8},"end":{"line":402,"column":39}},"316":{"start":{"line":403,"column":8},"end":{"line":403,"column":46}},"317":{"start":{"line":404,"column":8},"end":{"line":404,"column":45}},"318":{"start":{"line":405,"column":8},"end":{"line":405,"column":58}},"319":{"start":{"line":406,"column":8},"end":{"line":406,"column":15}},"320":{"start":{"line":409,"column":4},"end":{"line":422,"column":7}},"321":{"start":{"line":410,"column":6},"end":{"line":421,"column":9}},"322":{"start":{"line":411,"column":8},"end":{"line":411,"column":27}},"323":{"start":{"line":411,"column":17},"end":{"line":411,"column":27}},"324":{"start":{"line":412,"column":8},"end":{"line":412,"column":37}},"325":{"start":{"line":413,"column":8},"end":{"line":413,"column":42}},"326":{"start":{"line":414,"column":8},"end":{"line":414,"column":47}},"327":{"start":{"line":415,"column":8},"end":{"line":415,"column":48}},"328":{"start":{"line":416,"column":8},"end":{"line":416,"column":39}},"329":{"start":{"line":417,"column":8},"end":{"line":417,"column":46}},"330":{"start":{"line":418,"column":8},"end":{"line":418,"column":45}},"331":{"start":{"line":419,"column":8},"end":{"line":419,"column":74}},"332":{"start":{"line":420,"column":8},"end":{"line":420,"column":15}},"333":{"start":{"line":426,"column":2},"end":{"line":481,"column":5}},"334":{"start":{"line":427,"column":4},"end":{"line":439,"column":7}},"335":{"start":{"line":428,"column":6},"end":{"line":438,"column":9}},"336":{"start":{"line":429,"column":8},"end":{"line":429,"column":27}},"337":{"start":{"line":429,"column":17},"end":{"line":429,"column":27}},"338":{"start":{"line":430,"column":8},"end":{"line":430,"column":37}},"339":{"start":{"line":431,"column":8},"end":{"line":431,"column":42}},"340":{"start":{"line":432,"column":8},"end":{"line":432,"column":39}},"341":{"start":{"line":433,"column":8},"end":{"line":433,"column":48}},"342":{"start":{"line":434,"column":8},"end":{"line":434,"column":46}},"343":{"start":{"line":435,"column":8},"end":{"line":435,"column":46}},"344":{"start":{"line":436,"column":8},"end":{"line":436,"column":43}},"345":{"start":{"line":437,"column":8},"end":{"line":437,"column":15}},"346":{"start":{"line":440,"column":4},"end":{"line":452,"column":7}},"347":{"start":{"line":441,"column":6},"end":{"line":451,"column":9}},"348":{"start":{"line":442,"column":8},"end":{"line":442,"column":27}},"349":{"start":{"line":442,"column":17},"end":{"line":442,"column":27}},"350":{"start":{"line":443,"column":8},"end":{"line":443,"column":37}},"351":{"start":{"line":444,"column":8},"end":{"line":444,"column":42}},"352":{"start":{"line":445,"column":8},"end":{"line":445,"column":39}},"353":{"start":{"line":446,"column":8},"end":{"line":446,"column":48}},"354":{"start":{"line":447,"column":8},"end":{"line":447,"column":47}},"355":{"start":{"line":448,"column":8},"end":{"line":448,"column":46}},"356":{"start":{"line":449,"column":8},"end":{"line":449,"column":45}},"357":{"start":{"line":450,"column":8},"end":{"line":450,"column":15}},"358":{"start":{"line":453,"column":4},"end":{"line":466,"column":7}},"359":{"start":{"line":454,"column":6},"end":{"line":465,"column":9}},"360":{"start":{"line":455,"column":8},"end":{"line":455,"column":27}},"361":{"start":{"line":455,"column":17},"end":{"line":455,"column":27}},"362":{"start":{"line":456,"column":8},"end":{"line":456,"column":37}},"363":{"start":{"line":457,"column":8},"end":{"line":457,"column":42}},"364":{"start":{"line":458,"column":8},"end":{"line":458,"column":47}},"365":{"start":{"line":459,"column":8},"end":{"line":459,"column":48}},"366":{"start":{"line":460,"column":8},"end":{"line":460,"column":39}},"367":{"start":{"line":461,"column":8},"end":{"line":461,"column":46}},"368":{"start":{"line":462,"column":8},"end":{"line":462,"column":45}},"369":{"start":{"line":463,"column":8},"end":{"line":463,"column":58}},"370":{"start":{"line":464,"column":8},"end":{"line":464,"column":15}},"371":{"start":{"line":467,"column":4},"end":{"line":480,"column":7}},"372":{"start":{"line":468,"column":6},"end":{"line":479,"column":9}},"373":{"start":{"line":469,"column":8},"end":{"line":469,"column":27}},"374":{"start":{"line":469,"column":17},"end":{"line":469,"column":27}},"375":{"start":{"line":470,"column":8},"end":{"line":470,"column":37}},"376":{"start":{"line":471,"column":8},"end":{"line":471,"column":42}},"377":{"start":{"line":472,"column":8},"end":{"line":472,"column":47}},"378":{"start":{"line":473,"column":8},"end":{"line":473,"column":48}},"379":{"start":{"line":474,"column":8},"end":{"line":474,"column":39}},"380":{"start":{"line":475,"column":8},"end":{"line":475,"column":46}},"381":{"start":{"line":476,"column":8},"end":{"line":476,"column":45}},"382":{"start":{"line":477,"column":8},"end":{"line":477,"column":74}},"383":{"start":{"line":478,"column":8},"end":{"line":478,"column":15}}},"fnMap":{"0":{"name":"_interopRequireDefault","decl":{"start":{"line":27,"column":9},"end":{"line":27,"column":31}},"loc":{"start":{"line":27,"column":37},"end":{"line":27,"column":95}},"line":27},"1":{"name":"(anonymous_1)","decl":{"start":{"line":71,"column":33},"end":{"line":71,"column":34}},"loc":{"start":{"line":71,"column":45},"end":{"line":482,"column":1}},"line":71},"2":{"name":"(anonymous_2)","decl":{"start":{"line":72,"column":53},"end":{"line":72,"column":54}},"loc":{"start":{"line":72,"column":65},"end":{"line":128,"column":3}},"line":72},"3":{"name":"(anonymous_3)","decl":{"start":{"line":73,"column":57},"end":{"line":73,"column":58}},"loc":{"start":{"line":73,"column":73},"end":{"line":86,"column":5}},"line":73},"4":{"name":"(anonymous_4)","decl":{"start":{"line":74,"column":97},"end":{"line":74,"column":98}},"loc":{"start":{"line":74,"column":117},"end":{"line":85,"column":7}},"line":74},"5":{"name":"(anonymous_5)","decl":{"start":{"line":87,"column":57},"end":{"line":87,"column":58}},"loc":{"start":{"line":87,"column":73},"end":{"line":100,"column":5}},"line":87},"6":{"name":"(anonymous_6)","decl":{"start":{"line":88,"column":97},"end":{"line":88,"column":98}},"loc":{"start":{"line":88,"column":117},"end":{"line":99,"column":7}},"line":88},"7":{"name":"(anonymous_7)","decl":{"start":{"line":101,"column":37},"end":{"line":101,"column":38}},"loc":{"start":{"line":101,"column":53},"end":{"line":113,"column":5}},"line":101},"8":{"name":"(anonymous_8)","decl":{"start":{"line":102,"column":92},"end":{"line":102,"column":93}},"loc":{"start":{"line":102,"column":112},"end":{"line":112,"column":7}},"line":102},"9":{"name":"(anonymous_9)","decl":{"start":{"line":114,"column":56},"end":{"line":114,"column":57}},"loc":{"start":{"line":114,"column":72},"end":{"line":127,"column":5}},"line":114},"10":{"name":"(anonymous_10)","decl":{"start":{"line":115,"column":92},"end":{"line":115,"column":93}},"loc":{"start":{"line":115,"column":112},"end":{"line":126,"column":7}},"line":115},"11":{"name":"(anonymous_11)","decl":{"start":{"line":130,"column":30},"end":{"line":130,"column":31}},"loc":{"start":{"line":130,"column":42},"end":{"line":185,"column":3}},"line":130},"12":{"name":"(anonymous_12)","decl":{"start":{"line":131,"column":52},"end":{"line":131,"column":53}},"loc":{"start":{"line":131,"column":68},"end":{"line":143,"column":5}},"line":131},"13":{"name":"(anonymous_13)","decl":{"start":{"line":132,"column":96},"end":{"line":132,"column":97}},"loc":{"start":{"line":132,"column":116},"end":{"line":142,"column":7}},"line":132},"14":{"name":"(anonymous_14)","decl":{"start":{"line":144,"column":54},"end":{"line":144,"column":55}},"loc":{"start":{"line":144,"column":70},"end":{"line":157,"column":5}},"line":144},"15":{"name":"(anonymous_15)","decl":{"start":{"line":145,"column":96},"end":{"line":145,"column":97}},"loc":{"start":{"line":145,"column":116},"end":{"line":156,"column":7}},"line":145},"16":{"name":"(anonymous_16)","decl":{"start":{"line":158,"column":55},"end":{"line":158,"column":56}},"loc":{"start":{"line":158,"column":71},"end":{"line":171,"column":5}},"line":158},"17":{"name":"(anonymous_17)","decl":{"start":{"line":159,"column":97},"end":{"line":159,"column":98}},"loc":{"start":{"line":159,"column":117},"end":{"line":170,"column":7}},"line":159},"18":{"name":"(anonymous_18)","decl":{"start":{"line":172,"column":30},"end":{"line":172,"column":31}},"loc":{"start":{"line":172,"column":46},"end":{"line":184,"column":5}},"line":172},"19":{"name":"(anonymous_19)","decl":{"start":{"line":173,"column":96},"end":{"line":173,"column":97}},"loc":{"start":{"line":173,"column":116},"end":{"line":183,"column":7}},"line":173},"20":{"name":"(anonymous_20)","decl":{"start":{"line":188,"column":28},"end":{"line":188,"column":29}},"loc":{"start":{"line":188,"column":40},"end":{"line":230,"column":3}},"line":188},"21":{"name":"(anonymous_21)","decl":{"start":{"line":189,"column":34},"end":{"line":189,"column":35}},"loc":{"start":{"line":189,"column":50},"end":{"line":201,"column":5}},"line":189},"22":{"name":"(anonymous_22)","decl":{"start":{"line":190,"column":108},"end":{"line":190,"column":109}},"loc":{"start":{"line":190,"column":128},"end":{"line":200,"column":7}},"line":190},"23":{"name":"(anonymous_23)","decl":{"start":{"line":202,"column":63},"end":{"line":202,"column":64}},"loc":{"start":{"line":202,"column":79},"end":{"line":215,"column":5}},"line":202},"24":{"name":"(anonymous_24)","decl":{"start":{"line":203,"column":75},"end":{"line":203,"column":76}},"loc":{"start":{"line":203,"column":95},"end":{"line":214,"column":7}},"line":203},"25":{"name":"(anonymous_25)","decl":{"start":{"line":216,"column":54},"end":{"line":216,"column":55}},"loc":{"start":{"line":216,"column":70},"end":{"line":229,"column":5}},"line":216},"26":{"name":"(anonymous_26)","decl":{"start":{"line":217,"column":92},"end":{"line":217,"column":93}},"loc":{"start":{"line":217,"column":112},"end":{"line":228,"column":7}},"line":217},"27":{"name":"(anonymous_27)","decl":{"start":{"line":233,"column":28},"end":{"line":233,"column":29}},"loc":{"start":{"line":233,"column":40},"end":{"line":275,"column":3}},"line":233},"28":{"name":"(anonymous_28)","decl":{"start":{"line":234,"column":56},"end":{"line":234,"column":57}},"loc":{"start":{"line":234,"column":72},"end":{"line":246,"column":5}},"line":234},"29":{"name":"(anonymous_29)","decl":{"start":{"line":235,"column":90},"end":{"line":235,"column":91}},"loc":{"start":{"line":235,"column":110},"end":{"line":245,"column":7}},"line":235},"30":{"name":"(anonymous_30)","decl":{"start":{"line":247,"column":59},"end":{"line":247,"column":60}},"loc":{"start":{"line":247,"column":75},"end":{"line":260,"column":5}},"line":247},"31":{"name":"(anonymous_31)","decl":{"start":{"line":248,"column":74},"end":{"line":248,"column":75}},"loc":{"start":{"line":248,"column":94},"end":{"line":259,"column":7}},"line":248},"32":{"name":"(anonymous_32)","decl":{"start":{"line":261,"column":52},"end":{"line":261,"column":53}},"loc":{"start":{"line":261,"column":68},"end":{"line":274,"column":5}},"line":261},"33":{"name":"(anonymous_33)","decl":{"start":{"line":262,"column":91},"end":{"line":262,"column":92}},"loc":{"start":{"line":262,"column":111},"end":{"line":273,"column":7}},"line":262},"34":{"name":"(anonymous_34)","decl":{"start":{"line":278,"column":33},"end":{"line":278,"column":34}},"loc":{"start":{"line":278,"column":45},"end":{"line":320,"column":3}},"line":278},"35":{"name":"(anonymous_35)","decl":{"start":{"line":279,"column":52},"end":{"line":279,"column":53}},"loc":{"start":{"line":279,"column":68},"end":{"line":291,"column":5}},"line":279},"36":{"name":"(anonymous_36)","decl":{"start":{"line":280,"column":95},"end":{"line":280,"column":96}},"loc":{"start":{"line":280,"column":115},"end":{"line":290,"column":7}},"line":280},"37":{"name":"(anonymous_37)","decl":{"start":{"line":292,"column":59},"end":{"line":292,"column":60}},"loc":{"start":{"line":292,"column":75},"end":{"line":305,"column":5}},"line":292},"38":{"name":"(anonymous_38)","decl":{"start":{"line":293,"column":79},"end":{"line":293,"column":80}},"loc":{"start":{"line":293,"column":99},"end":{"line":304,"column":7}},"line":293},"39":{"name":"(anonymous_39)","decl":{"start":{"line":306,"column":52},"end":{"line":306,"column":53}},"loc":{"start":{"line":306,"column":68},"end":{"line":319,"column":5}},"line":306},"40":{"name":"(anonymous_40)","decl":{"start":{"line":307,"column":96},"end":{"line":307,"column":97}},"loc":{"start":{"line":307,"column":116},"end":{"line":318,"column":7}},"line":307},"41":{"name":"(anonymous_41)","decl":{"start":{"line":323,"column":35},"end":{"line":323,"column":36}},"loc":{"start":{"line":323,"column":47},"end":{"line":365,"column":3}},"line":323},"42":{"name":"(anonymous_42)","decl":{"start":{"line":324,"column":54},"end":{"line":324,"column":55}},"loc":{"start":{"line":324,"column":70},"end":{"line":336,"column":5}},"line":324},"43":{"name":"(anonymous_43)","decl":{"start":{"line":325,"column":97},"end":{"line":325,"column":98}},"loc":{"start":{"line":325,"column":117},"end":{"line":335,"column":7}},"line":325},"44":{"name":"(anonymous_44)","decl":{"start":{"line":337,"column":59},"end":{"line":337,"column":60}},"loc":{"start":{"line":337,"column":75},"end":{"line":350,"column":5}},"line":337},"45":{"name":"(anonymous_45)","decl":{"start":{"line":338,"column":81},"end":{"line":338,"column":82}},"loc":{"start":{"line":338,"column":101},"end":{"line":349,"column":7}},"line":338},"46":{"name":"(anonymous_46)","decl":{"start":{"line":351,"column":52},"end":{"line":351,"column":53}},"loc":{"start":{"line":351,"column":68},"end":{"line":364,"column":5}},"line":351},"47":{"name":"(anonymous_47)","decl":{"start":{"line":352,"column":98},"end":{"line":352,"column":99}},"loc":{"start":{"line":352,"column":118},"end":{"line":363,"column":7}},"line":352},"48":{"name":"(anonymous_48)","decl":{"start":{"line":368,"column":41},"end":{"line":368,"column":42}},"loc":{"start":{"line":368,"column":53},"end":{"line":423,"column":3}},"line":368},"49":{"name":"(anonymous_49)","decl":{"start":{"line":369,"column":40},"end":{"line":369,"column":41}},"loc":{"start":{"line":369,"column":56},"end":{"line":381,"column":5}},"line":369},"50":{"name":"(anonymous_50)","decl":{"start":{"line":370,"column":91},"end":{"line":370,"column":92}},"loc":{"start":{"line":370,"column":111},"end":{"line":380,"column":7}},"line":370},"51":{"name":"(anonymous_51)","decl":{"start":{"line":382,"column":46},"end":{"line":382,"column":47}},"loc":{"start":{"line":382,"column":62},"end":{"line":394,"column":5}},"line":382},"52":{"name":"(anonymous_52)","decl":{"start":{"line":383,"column":94},"end":{"line":383,"column":95}},"loc":{"start":{"line":383,"column":114},"end":{"line":393,"column":7}},"line":383},"53":{"name":"(anonymous_53)","decl":{"start":{"line":395,"column":71},"end":{"line":395,"column":72}},"loc":{"start":{"line":395,"column":87},"end":{"line":408,"column":5}},"line":395},"54":{"name":"(anonymous_54)","decl":{"start":{"line":396,"column":76},"end":{"line":396,"column":77}},"loc":{"start":{"line":396,"column":96},"end":{"line":407,"column":7}},"line":396},"55":{"name":"(anonymous_55)","decl":{"start":{"line":409,"column":64},"end":{"line":409,"column":65}},"loc":{"start":{"line":409,"column":80},"end":{"line":422,"column":5}},"line":409},"56":{"name":"(anonymous_56)","decl":{"start":{"line":410,"column":93},"end":{"line":410,"column":94}},"loc":{"start":{"line":410,"column":113},"end":{"line":421,"column":7}},"line":410},"57":{"name":"(anonymous_57)","decl":{"start":{"line":426,"column":41},"end":{"line":426,"column":42}},"loc":{"start":{"line":426,"column":53},"end":{"line":481,"column":3}},"line":426},"58":{"name":"(anonymous_58)","decl":{"start":{"line":427,"column":41},"end":{"line":427,"column":42}},"loc":{"start":{"line":427,"column":57},"end":{"line":439,"column":5}},"line":427},"59":{"name":"(anonymous_59)","decl":{"start":{"line":428,"column":94},"end":{"line":428,"column":95}},"loc":{"start":{"line":428,"column":114},"end":{"line":438,"column":7}},"line":428},"60":{"name":"(anonymous_60)","decl":{"start":{"line":440,"column":45},"end":{"line":440,"column":46}},"loc":{"start":{"line":440,"column":61},"end":{"line":452,"column":5}},"line":440},"61":{"name":"(anonymous_61)","decl":{"start":{"line":441,"column":97},"end":{"line":441,"column":98}},"loc":{"start":{"line":441,"column":117},"end":{"line":451,"column":7}},"line":441},"62":{"name":"(anonymous_62)","decl":{"start":{"line":453,"column":72},"end":{"line":453,"column":73}},"loc":{"start":{"line":453,"column":88},"end":{"line":466,"column":5}},"line":453},"63":{"name":"(anonymous_63)","decl":{"start":{"line":454,"column":79},"end":{"line":454,"column":80}},"loc":{"start":{"line":454,"column":99},"end":{"line":465,"column":7}},"line":454},"64":{"name":"(anonymous_64)","decl":{"start":{"line":467,"column":65},"end":{"line":467,"column":66}},"loc":{"start":{"line":467,"column":81},"end":{"line":480,"column":5}},"line":467},"65":{"name":"(anonymous_65)","decl":{"start":{"line":468,"column":96},"end":{"line":468,"column":97}},"loc":{"start":{"line":468,"column":116},"end":{"line":479,"column":7}},"line":468}},"branchMap":{"0":{"loc":{"start":{"line":27,"column":46},"end":{"line":27,"column":92}},"type":"cond-expr","locations":[{"start":{"line":27,"column":70},"end":{"line":27,"column":73}},{"start":{"line":27,"column":76},"end":{"line":27,"column":92}}],"line":27},"1":{"loc":{"start":{"line":27,"column":46},"end":{"line":27,"column":67}},"type":"binary-expr","locations":[{"start":{"line":27,"column":46},"end":{"line":27,"column":49}},{"start":{"line":27,"column":53},"end":{"line":27,"column":67}}],"line":27},"2":{"loc":{"start":{"line":75,"column":8},"end":{"line":75,"column":27}},"type":"if","locations":[{"start":{"line":75,"column":8},"end":{"line":75,"column":27}},{"start":{"line":75,"column":8},"end":{"line":75,"column":27}}],"line":75},"3":{"loc":{"start":{"line":89,"column":8},"end":{"line":89,"column":27}},"type":"if","locations":[{"start":{"line":89,"column":8},"end":{"line":89,"column":27}},{"start":{"line":89,"column":8},"end":{"line":89,"column":27}}],"line":89},"4":{"loc":{"start":{"line":103,"column":8},"end":{"line":103,"column":27}},"type":"if","locations":[{"start":{"line":103,"column":8},"end":{"line":103,"column":27}},{"start":{"line":103,"column":8},"end":{"line":103,"column":27}}],"line":103},"5":{"loc":{"start":{"line":116,"column":8},"end":{"line":116,"column":27}},"type":"if","locations":[{"start":{"line":116,"column":8},"end":{"line":116,"column":27}},{"start":{"line":116,"column":8},"end":{"line":116,"column":27}}],"line":116},"6":{"loc":{"start":{"line":146,"column":8},"end":{"line":146,"column":27}},"type":"if","locations":[{"start":{"line":146,"column":8},"end":{"line":146,"column":27}},{"start":{"line":146,"column":8},"end":{"line":146,"column":27}}],"line":146},"7":{"loc":{"start":{"line":160,"column":8},"end":{"line":160,"column":27}},"type":"if","locations":[{"start":{"line":160,"column":8},"end":{"line":160,"column":27}},{"start":{"line":160,"column":8},"end":{"line":160,"column":27}}],"line":160},"8":{"loc":{"start":{"line":174,"column":8},"end":{"line":174,"column":27}},"type":"if","locations":[{"start":{"line":174,"column":8},"end":{"line":174,"column":27}},{"start":{"line":174,"column":8},"end":{"line":174,"column":27}}],"line":174},"9":{"loc":{"start":{"line":191,"column":8},"end":{"line":191,"column":27}},"type":"if","locations":[{"start":{"line":191,"column":8},"end":{"line":191,"column":27}},{"start":{"line":191,"column":8},"end":{"line":191,"column":27}}],"line":191},"10":{"loc":{"start":{"line":204,"column":8},"end":{"line":204,"column":27}},"type":"if","locations":[{"start":{"line":204,"column":8},"end":{"line":204,"column":27}},{"start":{"line":204,"column":8},"end":{"line":204,"column":27}}],"line":204},"11":{"loc":{"start":{"line":218,"column":8},"end":{"line":218,"column":27}},"type":"if","locations":[{"start":{"line":218,"column":8},"end":{"line":218,"column":27}},{"start":{"line":218,"column":8},"end":{"line":218,"column":27}}],"line":218},"12":{"loc":{"start":{"line":236,"column":8},"end":{"line":236,"column":27}},"type":"if","locations":[{"start":{"line":236,"column":8},"end":{"line":236,"column":27}},{"start":{"line":236,"column":8},"end":{"line":236,"column":27}}],"line":236},"13":{"loc":{"start":{"line":249,"column":8},"end":{"line":249,"column":27}},"type":"if","locations":[{"start":{"line":249,"column":8},"end":{"line":249,"column":27}},{"start":{"line":249,"column":8},"end":{"line":249,"column":27}}],"line":249},"14":{"loc":{"start":{"line":263,"column":8},"end":{"line":263,"column":27}},"type":"if","locations":[{"start":{"line":263,"column":8},"end":{"line":263,"column":27}},{"start":{"line":263,"column":8},"end":{"line":263,"column":27}}],"line":263},"15":{"loc":{"start":{"line":281,"column":8},"end":{"line":281,"column":27}},"type":"if","locations":[{"start":{"line":281,"column":8},"end":{"line":281,"column":27}},{"start":{"line":281,"column":8},"end":{"line":281,"column":27}}],"line":281},"16":{"loc":{"start":{"line":294,"column":8},"end":{"line":294,"column":27}},"type":"if","locations":[{"start":{"line":294,"column":8},"end":{"line":294,"column":27}},{"start":{"line":294,"column":8},"end":{"line":294,"column":27}}],"line":294},"17":{"loc":{"start":{"line":308,"column":8},"end":{"line":308,"column":27}},"type":"if","locations":[{"start":{"line":308,"column":8},"end":{"line":308,"column":27}},{"start":{"line":308,"column":8},"end":{"line":308,"column":27}}],"line":308},"18":{"loc":{"start":{"line":326,"column":8},"end":{"line":326,"column":27}},"type":"if","locations":[{"start":{"line":326,"column":8},"end":{"line":326,"column":27}},{"start":{"line":326,"column":8},"end":{"line":326,"column":27}}],"line":326},"19":{"loc":{"start":{"line":339,"column":8},"end":{"line":339,"column":27}},"type":"if","locations":[{"start":{"line":339,"column":8},"end":{"line":339,"column":27}},{"start":{"line":339,"column":8},"end":{"line":339,"column":27}}],"line":339},"20":{"loc":{"start":{"line":353,"column":8},"end":{"line":353,"column":27}},"type":"if","locations":[{"start":{"line":353,"column":8},"end":{"line":353,"column":27}},{"start":{"line":353,"column":8},"end":{"line":353,"column":27}}],"line":353},"21":{"loc":{"start":{"line":371,"column":8},"end":{"line":371,"column":27}},"type":"if","locations":[{"start":{"line":371,"column":8},"end":{"line":371,"column":27}},{"start":{"line":371,"column":8},"end":{"line":371,"column":27}}],"line":371},"22":{"loc":{"start":{"line":384,"column":8},"end":{"line":384,"column":27}},"type":"if","locations":[{"start":{"line":384,"column":8},"end":{"line":384,"column":27}},{"start":{"line":384,"column":8},"end":{"line":384,"column":27}}],"line":384},"23":{"loc":{"start":{"line":397,"column":8},"end":{"line":397,"column":27}},"type":"if","locations":[{"start":{"line":397,"column":8},"end":{"line":397,"column":27}},{"start":{"line":397,"column":8},"end":{"line":397,"column":27}}],"line":397},"24":{"loc":{"start":{"line":411,"column":8},"end":{"line":411,"column":27}},"type":"if","locations":[{"start":{"line":411,"column":8},"end":{"line":411,"column":27}},{"start":{"line":411,"column":8},"end":{"line":411,"column":27}}],"line":411},"25":{"loc":{"start":{"line":429,"column":8},"end":{"line":429,"column":27}},"type":"if","locations":[{"start":{"line":429,"column":8},"end":{"line":429,"column":27}},{"start":{"line":429,"column":8},"end":{"line":429,"column":27}}],"line":429},"26":{"loc":{"start":{"line":442,"column":8},"end":{"line":442,"column":27}},"type":"if","locations":[{"start":{"line":442,"column":8},"end":{"line":442,"column":27}},{"start":{"line":442,"column":8},"end":{"line":442,"column":27}}],"line":442},"27":{"loc":{"start":{"line":455,"column":8},"end":{"line":455,"column":27}},"type":"if","locations":[{"start":{"line":455,"column":8},"end":{"line":455,"column":27}},{"start":{"line":455,"column":8},"end":{"line":455,"column":27}}],"line":455},"28":{"loc":{"start":{"line":469,"column":8},"end":{"line":469,"column":27}},"type":"if","locations":[{"start":{"line":469,"column":8},"end":{"line":469,"column":27}},{"start":{"line":469,"column":8},"end":{"line":469,"column":27}}],"line":469}},"s":{"0":1,"1":1,"2":1,"3":1,"4":1,"5":1,"6":1,"7":1,"8":1,"9":1,"10":1,"11":1,"12":6,"13":1,"14":1,"15":1,"16":1,"17":1,"18":1,"19":1,"20":1,"21":1,"22":1,"23":1,"24":1,"25":1,"26":1,"27":1,"28":0,"29":1,"30":1,"31":1,"32":1,"33":1,"34":1,"35":1,"36":1,"37":1,"38":1,"39":1,"40":1,"41":0,"42":1,"43":1,"44":1,"45":1,"46":1,"47":1,"48":1,"49":1,"50":1,"51":1,"52":1,"53":1,"54":0,"55":1,"56":1,"57":1,"58":1,"59":1,"60":1,"61":1,"62":1,"63":1,"64":1,"65":1,"66":0,"67":1,"68":1,"69":1,"70":1,"71":1,"72":1,"73":1,"74":1,"75":1,"76":1,"77":1,"78":1,"79":1,"80":1,"81":1,"82":1,"83":1,"84":1,"85":1,"86":1,"87":1,"88":1,"89":1,"90":1,"91":0,"92":1,"93":1,"94":1,"95":1,"96":1,"97":1,"98":1,"99":1,"100":1,"101":1,"102":1,"103":1,"104":0,"105":1,"106":1,"107":1,"108":1,"109":1,"110":1,"111":1,"112":1,"113":1,"114":1,"115":1,"116":1,"117":0,"118":1,"119":1,"120":1,"121":1,"122":1,"123":1,"124":1,"125":1,"126":1,"127":1,"128":1,"129":1,"130":0,"131":1,"132":1,"133":1,"134":1,"135":1,"136":1,"137":1,"138":1,"139":1,"140":1,"141":1,"142":0,"143":1,"144":1,"145":1,"146":1,"147":1,"148":1,"149":1,"150":1,"151":1,"152":1,"153":1,"154":1,"155":0,"156":1,"157":1,"158":1,"159":1,"160":1,"161":1,"162":1,"163":1,"164":1,"165":1,"166":1,"167":1,"168":1,"169":0,"170":1,"171":1,"172":1,"173":1,"174":1,"175":1,"176":1,"177":1,"178":1,"179":1,"180":1,"181":0,"182":1,"183":1,"184":1,"185":1,"186":1,"187":1,"188":1,"189":1,"190":1,"191":1,"192":1,"193":1,"194":0,"195":1,"196":1,"197":1,"198":1,"199":1,"200":1,"201":1,"202":1,"203":1,"204":1,"205":1,"206":1,"207":1,"208":0,"209":1,"210":1,"211":1,"212":1,"213":1,"214":1,"215":1,"216":1,"217":1,"218":1,"219":1,"220":0,"221":1,"222":1,"223":1,"224":1,"225":1,"226":1,"227":1,"228":1,"229":1,"230":1,"231":1,"232":1,"233":0,"234":1,"235":1,"236":1,"237":1,"238":1,"239":1,"240":1,"241":1,"242":1,"243":1,"244":1,"245":1,"246":1,"247":0,"248":1,"249":1,"250":1,"251":1,"252":1,"253":1,"254":1,"255":1,"256":1,"257":1,"258":1,"259":0,"260":1,"261":1,"262":1,"263":1,"264":1,"265":1,"266":1,"267":1,"268":1,"269":1,"270":1,"271":1,"272":0,"273":1,"274":1,"275":1,"276":1,"277":1,"278":1,"279":1,"280":1,"281":1,"282":1,"283":1,"284":1,"285":1,"286":0,"287":1,"288":1,"289":1,"290":1,"291":1,"292":1,"293":1,"294":1,"295":1,"296":1,"297":1,"298":0,"299":1,"300":1,"301":1,"302":1,"303":1,"304":1,"305":1,"306":1,"307":1,"308":1,"309":1,"310":0,"311":1,"312":1,"313":1,"314":1,"315":1,"316":1,"317":1,"318":1,"319":1,"320":1,"321":1,"322":1,"323":0,"324":1,"325":1,"326":1,"327":1,"328":1,"329":1,"330":1,"331":1,"332":1,"333":1,"334":1,"335":1,"336":1,"337":0,"338":1,"339":1,"340":1,"341":1,"342":1,"343":1,"344":1,"345":1,"346":1,"347":1,"348":1,"349":0,"350":1,"351":1,"352":1,"353":1,"354":1,"355":1,"356":1,"357":1,"358":1,"359":1,"360":1,"361":0,"362":1,"363":1,"364":1,"365":1,"366":1,"367":1,"368":1,"369":1,"370":1,"371":1,"372":1,"373":1,"374":0,"375":1,"376":1,"377":1,"378":1,"379":1,"380":1,"381":1,"382":1,"383":1},"f":{"0":6,"1":1,"2":1,"3":1,"4":1,"5":1,"6":1,"7":1,"8":1,"9":1,"10":1,"11":1,"12":1,"13":1,"14":1,"15":1,"16":1,"17":1,"18":1,"19":1,"20":1,"21":1,"22":1,"23":1,"24":1,"25":1,"26":1,"27":1,"28":1,"29":1,"30":1,"31":1,"32":1,"33":1,"34":1,"35":1,"36":1,"37":1,"38":1,"39":1,"40":1,"41":1,"42":1,"43":1,"44":1,"45":1,"46":1,"47":1,"48":1,"49":1,"50":1,"51":1,"52":1,"53":1,"54":1,"55":1,"56":1,"57":1,"58":1,"59":1,"60":1,"61":1,"62":1,"63":1,"64":1,"65":1},"b":{"0":[1,5],"1":[6,6],"2":[0,1],"3":[0,1],"4":[0,1],"5":[0,1],"6":[0,1],"7":[0,1],"8":[0,1],"9":[0,1],"10":[0,1],"11":[0,1],"12":[0,1],"13":[0,1],"14":[0,1],"15":[0,1],"16":[0,1],"17":[0,1],"18":[0,1],"19":[0,1],"20":[0,1],"21":[0,1],"22":[0,1],"23":[0,1],"24":[0,1],"25":[0,1],"26":[0,1],"27":[0,1],"28":[0,1]},"_coverageSchema":"43e27e138ebf9cfc5966b082cf9a028302ed4184","hash":"d266e4371001e902249693f2598c12ce3c8061f9","contentHash":"41b3a6535be5ac51cee3dc83dcb580b095d0fe27d0a31c1875e13276c2839282"},"C:\\Users\\JUMIA-430.JUMLOS-430\\Desktop\\Epic-Mail\\server\\index.js":{"path":"C:\\Users\\JUMIA-430.JUMLOS-430\\Desktop\\Epic-Mail\\server\\index.js","statementMap":{"0":{"start":{"line":3,"column":0},"end":{"line":5,"column":3}},"1":{"start":{"line":7,"column":15},"end":{"line":7,"column":33}},"2":{"start":{"line":9,"column":16},"end":{"line":9,"column":48}},"3":{"start":{"line":11,"column":18},"end":{"line":11,"column":40}},"4":{"start":{"line":13,"column":19},"end":{"line":13,"column":54}},"5":{"start":{"line":15,"column":13},"end":{"line":15,"column":38}},"6":{"start":{"line":17,"column":39},"end":{"line":17,"column":93}},"7":{"start":{"line":19,"column":10},"end":{"line":19,"column":34}},"8":{"start":{"line":21,"column":0},"end":{"line":21,"column":37}},"9":{"start":{"line":22,"column":0},"end":{"line":22,"column":62}},"10":{"start":{"line":23,"column":0},"end":{"line":23,"column":38}},"11":{"start":{"line":24,"column":0},"end":{"line":24,"column":36}},"12":{"start":{"line":25,"column":0},"end":{"line":27,"column":3}},"13":{"start":{"line":26,"column":2},"end":{"line":26,"column":50}},"14":{"start":{"line":28,"column":11},"end":{"line":28,"column":35}},"15":{"start":{"line":29,"column":0},"end":{"line":31,"column":3}},"16":{"start":{"line":30,"column":2},"end":{"line":30,"column":59}},"17":{"start":{"line":32,"column":0},"end":{"line":32,"column":22}}},"fnMap":{"0":{"name":"_interopRequireDefault","decl":{"start":{"line":17,"column":9},"end":{"line":17,"column":31}},"loc":{"start":{"line":17,"column":37},"end":{"line":17,"column":95}},"line":17},"1":{"name":"(anonymous_1)","decl":{"start":{"line":25,"column":13},"end":{"line":25,"column":14}},"loc":{"start":{"line":25,"column":33},"end":{"line":27,"column":1}},"line":25},"2":{"name":"(anonymous_2)","decl":{"start":{"line":29,"column":37},"end":{"line":29,"column":38}},"loc":{"start":{"line":29,"column":49},"end":{"line":31,"column":1}},"line":29}},"branchMap":{"0":{"loc":{"start":{"line":17,"column":46},"end":{"line":17,"column":92}},"type":"cond-expr","locations":[{"start":{"line":17,"column":70},"end":{"line":17,"column":73}},{"start":{"line":17,"column":76},"end":{"line":17,"column":92}}],"line":17},"1":{"loc":{"start":{"line":17,"column":46},"end":{"line":17,"column":67}},"type":"binary-expr","locations":[{"start":{"line":17,"column":46},"end":{"line":17,"column":49}},{"start":{"line":17,"column":53},"end":{"line":17,"column":67}}],"line":17},"2":{"loc":{"start":{"line":28,"column":11},"end":{"line":28,"column":35}},"type":"binary-expr","locations":[{"start":{"line":28,"column":11},"end":{"line":28,"column":27}},{"start":{"line":28,"column":31},"end":{"line":28,"column":35}}],"line":28},"3":{"loc":{"start":{"line":29,"column":11},"end":{"line":29,"column":35}},"type":"binary-expr","locations":[{"start":{"line":29,"column":11},"end":{"line":29,"column":27}},{"start":{"line":29,"column":31},"end":{"line":29,"column":35}}],"line":29}},"s":{"0":1,"1":1,"2":1,"3":1,"4":1,"5":1,"6":2,"7":1,"8":1,"9":1,"10":1,"11":1,"12":1,"13":0,"14":1,"15":1,"16":1,"17":1},"f":{"0":2,"1":0,"2":1},"b":{"0":[0,2],"1":[2,2],"2":[1,1],"3":[1,1]},"_coverageSchema":"43e27e138ebf9cfc5966b082cf9a028302ed4184","hash":"e29a3baac6d68dffdbcf2b8ae0de70eb0847d7d0","contentHash":"1f3c076679d2c4e38040ebf686cfe49380e4c125457059849db12ad1bf88df15"},"C:\\Users\\JUMIA-430.JUMLOS-430\\Desktop\\Epic-Mail\\server\\routes\\index.js":{"path":"C:\\Users\\JUMIA-430.JUMLOS-430\\Desktop\\Epic-Mail\\server\\routes\\index.js","statementMap":{"0":{"start":{"line":3,"column":0},"end":{"line":5,"column":3}},"1":{"start":{"line":6,"column":0},"end":{"line":6,"column":45}},"2":{"start":{"line":8,"column":12},"end":{"line":8,"column":29}},"3":{"start":{"line":10,"column":13},"end":{"line":10,"column":42}},"4":{"start":{"line":12,"column":15},"end":{"line":12,"column":35}},"5":{"start":{"line":14,"column":16},"end":{"line":14,"column":48}},"6":{"start":{"line":16,"column":39},"end":{"line":16,"column":93}},"7":{"start":{"line":18,"column":0},"end":{"line":18,"column":31}},"8":{"start":{"line":19,"column":0},"end":{"line":19,"column":37}}},"fnMap":{"0":{"name":"_interopRequireDefault","decl":{"start":{"line":16,"column":9},"end":{"line":16,"column":31}},"loc":{"start":{"line":16,"column":37},"end":{"line":16,"column":95}},"line":16}},"branchMap":{"0":{"loc":{"start":{"line":16,"column":46},"end":{"line":16,"column":92}},"type":"cond-expr","locations":[{"start":{"line":16,"column":70},"end":{"line":16,"column":73}},{"start":{"line":16,"column":76},"end":{"line":16,"column":92}}],"line":16},"1":{"loc":{"start":{"line":16,"column":46},"end":{"line":16,"column":67}},"type":"binary-expr","locations":[{"start":{"line":16,"column":46},"end":{"line":16,"column":49}},{"start":{"line":16,"column":53},"end":{"line":16,"column":67}}],"line":16}},"s":{"0":1,"1":1,"2":1,"3":1,"4":1,"5":1,"6":2,"7":1,"8":1},"f":{"0":2},"b":{"0":[2,0],"1":[2,2]},"_coverageSchema":"43e27e138ebf9cfc5966b082cf9a028302ed4184","hash":"2cc2ab7c531ffbb46fc1c35c2236a1fcbe34cbd7","contentHash":"11e413e8f5a81a3052fa3c0f70a096021af1332022a6487d485e397c5e1c3488"},"C:\\Users\\JUMIA-430.JUMLOS-430\\Desktop\\Epic-Mail\\server\\routes\\user.js":{"path":"C:\\Users\\JUMIA-430.JUMLOS-430\\Desktop\\Epic-Mail\\server\\routes\\user.js","statementMap":{"0":{"start":{"line":3,"column":0},"end":{"line":5,"column":3}},"1":{"start":{"line":7,"column":15},"end":{"line":7,"column":33}},"2":{"start":{"line":9,"column":16},"end":{"line":9,"column":48}},"3":{"start":{"line":11,"column":13},"end":{"line":11,"column":44}},"4":{"start":{"line":13,"column":14},"end":{"line":13,"column":41}},"5":{"start":{"line":15,"column":39},"end":{"line":15,"column":93}},"6":{"start":{"line":17,"column":13},"end":{"line":17,"column":39}},"7":{"start":{"line":19,"column":0},"end":{"line":19,"column":110}},"8":{"start":{"line":20,"column":0},"end":{"line":20,"column":89}},"9":{"start":{"line":22,"column":0},"end":{"line":22,"column":25}}},"fnMap":{"0":{"name":"_interopRequireDefault","decl":{"start":{"line":15,"column":9},"end":{"line":15,"column":31}},"loc":{"start":{"line":15,"column":37},"end":{"line":15,"column":95}},"line":15}},"branchMap":{"0":{"loc":{"start":{"line":15,"column":46},"end":{"line":15,"column":92}},"type":"cond-expr","locations":[{"start":{"line":15,"column":70},"end":{"line":15,"column":73}},{"start":{"line":15,"column":76},"end":{"line":15,"column":92}}],"line":15},"1":{"loc":{"start":{"line":15,"column":46},"end":{"line":15,"column":67}},"type":"binary-expr","locations":[{"start":{"line":15,"column":46},"end":{"line":15,"column":49}},{"start":{"line":15,"column":53},"end":{"line":15,"column":67}}],"line":15}},"s":{"0":1,"1":1,"2":1,"3":1,"4":1,"5":1,"6":1,"7":1,"8":1,"9":1},"f":{"0":1},"b":{"0":[0,1],"1":[1,1]},"_coverageSchema":"43e27e138ebf9cfc5966b082cf9a028302ed4184","hash":"a4672030cab1b9374ecc648555a5db162665f6fb","contentHash":"9329c90337ab6bb7fa21a76e7172cd8684129ba61ca9a64c1bd78fc4f45c3501"},"C:\\Users\\JUMIA-430.JUMLOS-430\\Desktop\\Epic-Mail\\server\\controllers\\index.js":{"path":"C:\\Users\\JUMIA-430.JUMLOS-430\\Desktop\\Epic-Mail\\server\\controllers\\index.js","statementMap":{"0":{"start":{"line":3,"column":0},"end":{"line":5,"column":3}},"1":{"start":{"line":6,"column":0},"end":{"line":6,"column":45}},"2":{"start":{"line":8,"column":13},"end":{"line":8,"column":31}},"3":{"start":{"line":10,"column":14},"end":{"line":10,"column":44}},"4":{"start":{"line":12,"column":16},"end":{"line":12,"column":37}},"5":{"start":{"line":14,"column":17},"end":{"line":14,"column":50}},"6":{"start":{"line":16,"column":39},"end":{"line":16,"column":93}},"7":{"start":{"line":18,"column":0},"end":{"line":18,"column":32}},"8":{"start":{"line":19,"column":0},"end":{"line":19,"column":38}}},"fnMap":{"0":{"name":"_interopRequireDefault","decl":{"start":{"line":16,"column":9},"end":{"line":16,"column":31}},"loc":{"start":{"line":16,"column":37},"end":{"line":16,"column":95}},"line":16}},"branchMap":{"0":{"loc":{"start":{"line":16,"column":46},"end":{"line":16,"column":92}},"type":"cond-expr","locations":[{"start":{"line":16,"column":70},"end":{"line":16,"column":73}},{"start":{"line":16,"column":76},"end":{"line":16,"column":92}}],"line":16},"1":{"loc":{"start":{"line":16,"column":46},"end":{"line":16,"column":67}},"type":"binary-expr","locations":[{"start":{"line":16,"column":46},"end":{"line":16,"column":49}},{"start":{"line":16,"column":53},"end":{"line":16,"column":67}}],"line":16}},"s":{"0":1,"1":1,"2":1,"3":1,"4":1,"5":1,"6":2,"7":1,"8":1},"f":{"0":2},"b":{"0":[2,0],"1":[2,2]},"_coverageSchema":"43e27e138ebf9cfc5966b082cf9a028302ed4184","hash":"25e4c1c5c396736e1a11e9443a305aaf1d01f3a7","contentHash":"6e0b3fe3888762481e5f7967b86f96975a1ed74d68f0d827a40042a3d81bd676"},"C:\\Users\\JUMIA-430.JUMLOS-430\\Desktop\\Epic-Mail\\server\\controllers\\Users.js":{"path":"C:\\Users\\JUMIA-430.JUMLOS-430\\Desktop\\Epic-Mail\\server\\controllers\\Users.js","statementMap":{"0":{"start":{"line":3,"column":0},"end":{"line":5,"column":3}},"1":{"start":{"line":7,"column":19},"end":{"line":7,"column":563}},"2":{"start":{"line":7,"column":76},"end":{"line":7,"column":347}},"3":{"start":{"line":7,"column":89},"end":{"line":7,"column":90}},"4":{"start":{"line":7,"column":134},"end":{"line":7,"column":142}},"5":{"start":{"line":7,"column":144},"end":{"line":7,"column":199}},"6":{"start":{"line":7,"column":200},"end":{"line":7,"column":231}},"7":{"start":{"line":7,"column":232},"end":{"line":7,"column":286}},"8":{"start":{"line":7,"column":259},"end":{"line":7,"column":286}},"9":{"start":{"line":7,"column":287},"end":{"line":7,"column":345}},"10":{"start":{"line":7,"column":350},"end":{"line":7,"column":559}},"11":{"start":{"line":7,"column":407},"end":{"line":7,"column":475}},"12":{"start":{"line":7,"column":423},"end":{"line":7,"column":475}},"13":{"start":{"line":7,"column":476},"end":{"line":7,"column":536}},"14":{"start":{"line":7,"column":493},"end":{"line":7,"column":536}},"15":{"start":{"line":7,"column":537},"end":{"line":7,"column":556}},"16":{"start":{"line":9,"column":14},"end":{"line":9,"column":31}},"17":{"start":{"line":11,"column":15},"end":{"line":11,"column":46}},"18":{"start":{"line":13,"column":20},"end":{"line":13,"column":43}},"19":{"start":{"line":15,"column":21},"end":{"line":15,"column":58}},"20":{"start":{"line":17,"column":14},"end":{"line":17,"column":31}},"21":{"start":{"line":19,"column":15},"end":{"line":19,"column":46}},"22":{"start":{"line":21,"column":13},"end":{"line":21,"column":35}},"23":{"start":{"line":23,"column":14},"end":{"line":23,"column":44}},"24":{"start":{"line":25,"column":39},"end":{"line":25,"column":93}},"25":{"start":{"line":27,"column":50},"end":{"line":27,"column":151}},"26":{"start":{"line":27,"column":92},"end":{"line":27,"column":149}},"27":{"start":{"line":29,"column":0},"end":{"line":29,"column":26}},"28":{"start":{"line":36,"column":12},"end":{"line":118,"column":3}},"29":{"start":{"line":38,"column":4},"end":{"line":38,"column":33}},"30":{"start":{"line":41,"column":2},"end":{"line":115,"column":6}},"31":{"start":{"line":55,"column":21},"end":{"line":55,"column":38}},"32":{"start":{"line":57,"column":23},"end":{"line":57,"column":25}},"33":{"start":{"line":58,"column":30},"end":{"line":58,"column":77}},"34":{"start":{"line":59,"column":17},"end":{"line":65,"column":7}},"35":{"start":{"line":66,"column":6},"end":{"line":66,"column":33}},"36":{"start":{"line":67,"column":18},"end":{"line":69,"column":8}},"37":{"start":{"line":70,"column":6},"end":{"line":76,"column":9}},"38":{"start":{"line":81,"column":20},"end":{"line":84,"column":7}},"39":{"start":{"line":85,"column":19},"end":{"line":87,"column":8}},"40":{"start":{"line":86,"column":8},"end":{"line":86,"column":26}},"41":{"start":{"line":88,"column":6},"end":{"line":93,"column":7}},"42":{"start":{"line":89,"column":8},"end":{"line":92,"column":11}},"43":{"start":{"line":94,"column":19},"end":{"line":96,"column":8}},"44":{"start":{"line":95,"column":8},"end":{"line":95,"column":44}},"45":{"start":{"line":97,"column":26},"end":{"line":97,"column":89}},"46":{"start":{"line":98,"column":6},"end":{"line":103,"column":7}},"47":{"start":{"line":99,"column":8},"end":{"line":102,"column":11}},"48":{"start":{"line":104,"column":18},"end":{"line":106,"column":8}},"49":{"start":{"line":107,"column":6},"end":{"line":113,"column":9}},"50":{"start":{"line":117,"column":2},"end":{"line":117,"column":15}},"51":{"start":{"line":120,"column":0},"end":{"line":120,"column":24}}},"fnMap":{"0":{"name":"(anonymous_0)","decl":{"start":{"line":7,"column":19},"end":{"line":7,"column":20}},"loc":{"start":{"line":7,"column":31},"end":{"line":7,"column":561}},"line":7},"1":{"name":"defineProperties","decl":{"start":{"line":7,"column":42},"end":{"line":7,"column":58}},"loc":{"start":{"line":7,"column":74},"end":{"line":7,"column":349}},"line":7},"2":{"name":"(anonymous_2)","decl":{"start":{"line":7,"column":357},"end":{"line":7,"column":358}},"loc":{"start":{"line":7,"column":405},"end":{"line":7,"column":558}},"line":7},"3":{"name":"_interopRequireDefault","decl":{"start":{"line":25,"column":9},"end":{"line":25,"column":31}},"loc":{"start":{"line":25,"column":37},"end":{"line":25,"column":95}},"line":25},"4":{"name":"_classCallCheck","decl":{"start":{"line":27,"column":9},"end":{"line":27,"column":24}},"loc":{"start":{"line":27,"column":48},"end":{"line":27,"column":153}},"line":27},"5":{"name":"(anonymous_5)","decl":{"start":{"line":36,"column":12},"end":{"line":36,"column":13}},"loc":{"start":{"line":36,"column":24},"end":{"line":118,"column":1}},"line":36},"6":{"name":"Users","decl":{"start":{"line":37,"column":11},"end":{"line":37,"column":16}},"loc":{"start":{"line":37,"column":19},"end":{"line":39,"column":3}},"line":37},"7":{"name":"signup","decl":{"start":{"line":54,"column":20},"end":{"line":54,"column":26}},"loc":{"start":{"line":54,"column":37},"end":{"line":77,"column":5}},"line":54},"8":{"name":"signin","decl":{"start":{"line":80,"column":20},"end":{"line":80,"column":26}},"loc":{"start":{"line":80,"column":37},"end":{"line":114,"column":5}},"line":80},"9":{"name":"(anonymous_9)","decl":{"start":{"line":85,"column":39},"end":{"line":85,"column":40}},"loc":{"start":{"line":85,"column":55},"end":{"line":87,"column":7}},"line":85},"10":{"name":"(anonymous_10)","decl":{"start":{"line":94,"column":40},"end":{"line":94,"column":41}},"loc":{"start":{"line":94,"column":56},"end":{"line":96,"column":7}},"line":94}},"branchMap":{"0":{"loc":{"start":{"line":7,"column":168},"end":{"line":7,"column":198}},"type":"binary-expr","locations":[{"start":{"line":7,"column":168},"end":{"line":7,"column":189}},{"start":{"line":7,"column":193},"end":{"line":7,"column":198}}],"line":7},"1":{"loc":{"start":{"line":7,"column":232},"end":{"line":7,"column":286}},"type":"if","locations":[{"start":{"line":7,"column":232},"end":{"line":7,"column":286}},{"start":{"line":7,"column":232},"end":{"line":7,"column":286}}],"line":7},"2":{"loc":{"start":{"line":7,"column":407},"end":{"line":7,"column":475}},"type":"if","locations":[{"start":{"line":7,"column":407},"end":{"line":7,"column":475}},{"start":{"line":7,"column":407},"end":{"line":7,"column":475}}],"line":7},"3":{"loc":{"start":{"line":7,"column":476},"end":{"line":7,"column":536}},"type":"if","locations":[{"start":{"line":7,"column":476},"end":{"line":7,"column":536}},{"start":{"line":7,"column":476},"end":{"line":7,"column":536}}],"line":7},"4":{"loc":{"start":{"line":25,"column":46},"end":{"line":25,"column":92}},"type":"cond-expr","locations":[{"start":{"line":25,"column":70},"end":{"line":25,"column":73}},{"start":{"line":25,"column":76},"end":{"line":25,"column":92}}],"line":25},"5":{"loc":{"start":{"line":25,"column":46},"end":{"line":25,"column":67}},"type":"binary-expr","locations":[{"start":{"line":25,"column":46},"end":{"line":25,"column":49}},{"start":{"line":25,"column":53},"end":{"line":25,"column":67}}],"line":25},"6":{"loc":{"start":{"line":27,"column":50},"end":{"line":27,"column":151}},"type":"if","locations":[{"start":{"line":27,"column":50},"end":{"line":27,"column":151}},{"start":{"line":27,"column":50},"end":{"line":27,"column":151}}],"line":27},"7":{"loc":{"start":{"line":88,"column":6},"end":{"line":93,"column":7}},"type":"if","locations":[{"start":{"line":88,"column":6},"end":{"line":93,"column":7}},{"start":{"line":88,"column":6},"end":{"line":93,"column":7}}],"line":88},"8":{"loc":{"start":{"line":98,"column":6},"end":{"line":103,"column":7}},"type":"if","locations":[{"start":{"line":98,"column":6},"end":{"line":103,"column":7}},{"start":{"line":98,"column":6},"end":{"line":103,"column":7}}],"line":98}},"s":{"0":1,"1":1,"2":1,"3":1,"4":2,"5":2,"6":2,"7":2,"8":2,"9":2,"10":1,"11":1,"12":0,"13":1,"14":1,"15":1,"16":1,"17":1,"18":1,"19":1,"20":1,"21":1,"22":1,"23":1,"24":4,"25":0,"26":0,"27":1,"28":1,"29":0,"30":1,"31":1,"32":1,"33":1,"34":1,"35":1,"36":1,"37":1,"38":2,"39":2,"40":6,"41":2,"42":0,"43":2,"44":6,"45":2,"46":2,"47":1,"48":1,"49":1,"50":1,"51":1},"f":{"0":1,"1":1,"2":1,"3":4,"4":0,"5":1,"6":0,"7":1,"8":2,"9":6,"10":6},"b":{"0":[2,2],"1":[2,0],"2":[0,1],"3":[1,0],"4":[1,3],"5":[4,4],"6":[0,0],"7":[0,2],"8":[1,1]},"_coverageSchema":"43e27e138ebf9cfc5966b082cf9a028302ed4184","hash":"f3498d407eaf3f54cb4e9e7f1b359e8e9e15a116","contentHash":"a36dd89ab7d13a050bbd10e898ba51df169e3cca7f4ffc123e525e92fea8ff52"},"C:\\Users\\JUMIA-430.JUMLOS-430\\Desktop\\Epic-Mail\\server\\db\\users.js":{"path":"C:\\Users\\JUMIA-430.JUMLOS-430\\Desktop\\Epic-Mail\\server\\db\\users.js","statementMap":{"0":{"start":{"line":3,"column":0},"end":{"line":5,"column":3}},"1":{"start":{"line":7,"column":12},"end":{"line":19,"column":2}},"2":{"start":{"line":20,"column":0},"end":{"line":20,"column":24}}},"fnMap":{},"branchMap":{},"s":{"0":1,"1":1,"2":1},"f":{},"b":{},"_coverageSchema":"43e27e138ebf9cfc5966b082cf9a028302ed4184","hash":"d94f0da2a57c03d97f06b156ee1fbb7c7aa477f4","contentHash":"6fd77fde04885c9bd1a913b626baf1bd540c60dd5cc372a1497346ea72af376b"},"C:\\Users\\JUMIA-430.JUMLOS-430\\Desktop\\Epic-Mail\\server\\controllers\\Messages.js":{"path":"C:\\Users\\JUMIA-430.JUMLOS-430\\Desktop\\Epic-Mail\\server\\controllers\\Messages.js","statementMap":{"0":{"start":{"line":3,"column":0},"end":{"line":5,"column":3}},"1":{"start":{"line":7,"column":19},"end":{"line":7,"column":563}},"2":{"start":{"line":7,"column":76},"end":{"line":7,"column":347}},"3":{"start":{"line":7,"column":89},"end":{"line":7,"column":90}},"4":{"start":{"line":7,"column":134},"end":{"line":7,"column":142}},"5":{"start":{"line":7,"column":144},"end":{"line":7,"column":199}},"6":{"start":{"line":7,"column":200},"end":{"line":7,"column":231}},"7":{"start":{"line":7,"column":232},"end":{"line":7,"column":286}},"8":{"start":{"line":7,"column":259},"end":{"line":7,"column":286}},"9":{"start":{"line":7,"column":287},"end":{"line":7,"column":345}},"10":{"start":{"line":7,"column":350},"end":{"line":7,"column":559}},"11":{"start":{"line":7,"column":407},"end":{"line":7,"column":475}},"12":{"start":{"line":7,"column":423},"end":{"line":7,"column":475}},"13":{"start":{"line":7,"column":476},"end":{"line":7,"column":536}},"14":{"start":{"line":7,"column":493},"end":{"line":7,"column":536}},"15":{"start":{"line":7,"column":537},"end":{"line":7,"column":556}},"16":{"start":{"line":9,"column":20},"end":{"line":9,"column":43}},"17":{"start":{"line":11,"column":21},"end":{"line":11,"column":58}},"18":{"start":{"line":13,"column":14},"end":{"line":13,"column":31}},"19":{"start":{"line":15,"column":15},"end":{"line":15,"column":46}},"20":{"start":{"line":17,"column":16},"end":{"line":17,"column":41}},"21":{"start":{"line":19,"column":17},"end":{"line":19,"column":50}},"22":{"start":{"line":21,"column":39},"end":{"line":21,"column":93}},"23":{"start":{"line":23,"column":50},"end":{"line":23,"column":151}},"24":{"start":{"line":23,"column":92},"end":{"line":23,"column":149}},"25":{"start":{"line":25,"column":0},"end":{"line":25,"column":26}},"26":{"start":{"line":27,"column":15},"end":{"line":205,"column":3}},"27":{"start":{"line":29,"column":4},"end":{"line":29,"column":36}},"28":{"start":{"line":32,"column":2},"end":{"line":202,"column":6}},"29":{"start":{"line":36,"column":18},"end":{"line":36,"column":84}},"30":{"start":{"line":38,"column":20},"end":{"line":38,"column":76}},"31":{"start":{"line":39,"column":20},"end":{"line":49,"column":7}},"32":{"start":{"line":50,"column":6},"end":{"line":50,"column":39}},"33":{"start":{"line":51,"column":6},"end":{"line":56,"column":9}},"34":{"start":{"line":62,"column":18},"end":{"line":62,"column":84}},"35":{"start":{"line":64,"column":20},"end":{"line":64,"column":76}},"36":{"start":{"line":65,"column":19},"end":{"line":67,"column":8}},"37":{"start":{"line":66,"column":8},"end":{"line":66,"column":44}},"38":{"start":{"line":68,"column":20},"end":{"line":70,"column":8}},"39":{"start":{"line":69,"column":8},"end":{"line":69,"column":63}},"40":{"start":{"line":71,"column":6},"end":{"line":76,"column":7}},"41":{"start":{"line":72,"column":8},"end":{"line":75,"column":11}},"42":{"start":{"line":77,"column":6},"end":{"line":82,"column":9}},"43":{"start":{"line":88,"column":18},"end":{"line":88,"column":84}},"44":{"start":{"line":90,"column":20},"end":{"line":90,"column":76}},"45":{"start":{"line":91,"column":19},"end":{"line":93,"column":8}},"46":{"start":{"line":92,"column":8},"end":{"line":92,"column":44}},"47":{"start":{"line":94,"column":20},"end":{"line":96,"column":8}},"48":{"start":{"line":95,"column":8},"end":{"line":95,"column":62}},"49":{"start":{"line":97,"column":6},"end":{"line":102,"column":7}},"50":{"start":{"line":98,"column":8},"end":{"line":101,"column":11}},"51":{"start":{"line":103,"column":6},"end":{"line":108,"column":9}},"52":{"start":{"line":114,"column":18},"end":{"line":114,"column":84}},"53":{"start":{"line":116,"column":20},"end":{"line":116,"column":76}},"54":{"start":{"line":117,"column":19},"end":{"line":119,"column":8}},"55":{"start":{"line":118,"column":8},"end":{"line":118,"column":44}},"56":{"start":{"line":120,"column":20},"end":{"line":122,"column":8}},"57":{"start":{"line":121,"column":8},"end":{"line":121,"column":37}},"58":{"start":{"line":123,"column":6},"end":{"line":128,"column":7}},"59":{"start":{"line":124,"column":8},"end":{"line":127,"column":11}},"60":{"start":{"line":129,"column":6},"end":{"line":134,"column":9}},"61":{"start":{"line":140,"column":18},"end":{"line":140,"column":84}},"62":{"start":{"line":142,"column":20},"end":{"line":142,"column":76}},"63":{"start":{"line":143,"column":19},"end":{"line":145,"column":8}},"64":{"start":{"line":144,"column":8},"end":{"line":144,"column":44}},"65":{"start":{"line":146,"column":17},"end":{"line":148,"column":8}},"66":{"start":{"line":147,"column":8},"end":{"line":147,"column":52}},"67":{"start":{"line":149,"column":6},"end":{"line":154,"column":7}},"68":{"start":{"line":150,"column":8},"end":{"line":153,"column":11}},"69":{"start":{"line":155,"column":6},"end":{"line":160,"column":7}},"70":{"start":{"line":156,"column":8},"end":{"line":159,"column":11}},"71":{"start":{"line":161,"column":6},"end":{"line":166,"column":9}},"72":{"start":{"line":172,"column":18},"end":{"line":172,"column":84}},"73":{"start":{"line":174,"column":20},"end":{"line":174,"column":76}},"74":{"start":{"line":175,"column":19},"end":{"line":177,"column":8}},"75":{"start":{"line":176,"column":8},"end":{"line":176,"column":44}},"76":{"start":{"line":178,"column":17},"end":{"line":180,"column":8}},"77":{"start":{"line":179,"column":8},"end":{"line":179,"column":52}},"78":{"start":{"line":181,"column":18},"end":{"line":181,"column":50}},"79":{"start":{"line":182,"column":6},"end":{"line":187,"column":7}},"80":{"start":{"line":183,"column":8},"end":{"line":186,"column":11}},"81":{"start":{"line":188,"column":6},"end":{"line":193,"column":7}},"82":{"start":{"line":189,"column":8},"end":{"line":192,"column":11}},"83":{"start":{"line":194,"column":6},"end":{"line":194,"column":42}},"84":{"start":{"line":195,"column":6},"end":{"line":200,"column":9}},"85":{"start":{"line":204,"column":2},"end":{"line":204,"column":18}},"86":{"start":{"line":207,"column":0},"end":{"line":207,"column":27}}},"fnMap":{"0":{"name":"(anonymous_0)","decl":{"start":{"line":7,"column":19},"end":{"line":7,"column":20}},"loc":{"start":{"line":7,"column":31},"end":{"line":7,"column":561}},"line":7},"1":{"name":"defineProperties","decl":{"start":{"line":7,"column":42},"end":{"line":7,"column":58}},"loc":{"start":{"line":7,"column":74},"end":{"line":7,"column":349}},"line":7},"2":{"name":"(anonymous_2)","decl":{"start":{"line":7,"column":357},"end":{"line":7,"column":358}},"loc":{"start":{"line":7,"column":405},"end":{"line":7,"column":558}},"line":7},"3":{"name":"_interopRequireDefault","decl":{"start":{"line":21,"column":9},"end":{"line":21,"column":31}},"loc":{"start":{"line":21,"column":37},"end":{"line":21,"column":95}},"line":21},"4":{"name":"_classCallCheck","decl":{"start":{"line":23,"column":9},"end":{"line":23,"column":24}},"loc":{"start":{"line":23,"column":48},"end":{"line":23,"column":153}},"line":23},"5":{"name":"(anonymous_5)","decl":{"start":{"line":27,"column":15},"end":{"line":27,"column":16}},"loc":{"start":{"line":27,"column":27},"end":{"line":205,"column":1}},"line":27},"6":{"name":"Messages","decl":{"start":{"line":28,"column":11},"end":{"line":28,"column":19}},"loc":{"start":{"line":28,"column":22},"end":{"line":30,"column":3}},"line":28},"7":{"name":"newMessage","decl":{"start":{"line":34,"column":20},"end":{"line":34,"column":30}},"loc":{"start":{"line":34,"column":41},"end":{"line":57,"column":5}},"line":34},"8":{"name":"getAllMessages","decl":{"start":{"line":60,"column":20},"end":{"line":60,"column":34}},"loc":{"start":{"line":60,"column":45},"end":{"line":83,"column":5}},"line":60},"9":{"name":"(anonymous_9)","decl":{"start":{"line":65,"column":45},"end":{"line":65,"column":46}},"loc":{"start":{"line":65,"column":61},"end":{"line":67,"column":7}},"line":65},"10":{"name":"(anonymous_10)","decl":{"start":{"line":68,"column":34},"end":{"line":68,"column":35}},"loc":{"start":{"line":68,"column":49},"end":{"line":70,"column":7}},"line":68},"11":{"name":"getUnread","decl":{"start":{"line":86,"column":20},"end":{"line":86,"column":29}},"loc":{"start":{"line":86,"column":40},"end":{"line":109,"column":5}},"line":86},"12":{"name":"(anonymous_12)","decl":{"start":{"line":91,"column":45},"end":{"line":91,"column":46}},"loc":{"start":{"line":91,"column":61},"end":{"line":93,"column":7}},"line":91},"13":{"name":"(anonymous_13)","decl":{"start":{"line":94,"column":34},"end":{"line":94,"column":35}},"loc":{"start":{"line":94,"column":49},"end":{"line":96,"column":7}},"line":94},"14":{"name":"getSent","decl":{"start":{"line":112,"column":20},"end":{"line":112,"column":27}},"loc":{"start":{"line":112,"column":38},"end":{"line":135,"column":5}},"line":112},"15":{"name":"(anonymous_15)","decl":{"start":{"line":117,"column":45},"end":{"line":117,"column":46}},"loc":{"start":{"line":117,"column":61},"end":{"line":119,"column":7}},"line":117},"16":{"name":"(anonymous_16)","decl":{"start":{"line":120,"column":34},"end":{"line":120,"column":35}},"loc":{"start":{"line":120,"column":49},"end":{"line":122,"column":7}},"line":120},"17":{"name":"getSpecificEmail","decl":{"start":{"line":138,"column":20},"end":{"line":138,"column":36}},"loc":{"start":{"line":138,"column":47},"end":{"line":167,"column":5}},"line":138},"18":{"name":"(anonymous_18)","decl":{"start":{"line":143,"column":45},"end":{"line":143,"column":46}},"loc":{"start":{"line":143,"column":61},"end":{"line":145,"column":7}},"line":143},"19":{"name":"(anonymous_19)","decl":{"start":{"line":146,"column":41},"end":{"line":146,"column":42}},"loc":{"start":{"line":146,"column":54},"end":{"line":148,"column":7}},"line":146},"20":{"name":"deleteEmail","decl":{"start":{"line":170,"column":20},"end":{"line":170,"column":31}},"loc":{"start":{"line":170,"column":42},"end":{"line":201,"column":5}},"line":170},"21":{"name":"(anonymous_21)","decl":{"start":{"line":175,"column":45},"end":{"line":175,"column":46}},"loc":{"start":{"line":175,"column":61},"end":{"line":177,"column":7}},"line":175},"22":{"name":"(anonymous_22)","decl":{"start":{"line":178,"column":41},"end":{"line":178,"column":42}},"loc":{"start":{"line":178,"column":54},"end":{"line":180,"column":7}},"line":178}},"branchMap":{"0":{"loc":{"start":{"line":7,"column":168},"end":{"line":7,"column":198}},"type":"binary-expr","locations":[{"start":{"line":7,"column":168},"end":{"line":7,"column":189}},{"start":{"line":7,"column":193},"end":{"line":7,"column":198}}],"line":7},"1":{"loc":{"start":{"line":7,"column":232},"end":{"line":7,"column":286}},"type":"if","locations":[{"start":{"line":7,"column":232},"end":{"line":7,"column":286}},{"start":{"line":7,"column":232},"end":{"line":7,"column":286}}],"line":7},"2":{"loc":{"start":{"line":7,"column":407},"end":{"line":7,"column":475}},"type":"if","locations":[{"start":{"line":7,"column":407},"end":{"line":7,"column":475}},{"start":{"line":7,"column":407},"end":{"line":7,"column":475}}],"line":7},"3":{"loc":{"start":{"line":7,"column":476},"end":{"line":7,"column":536}},"type":"if","locations":[{"start":{"line":7,"column":476},"end":{"line":7,"column":536}},{"start":{"line":7,"column":476},"end":{"line":7,"column":536}}],"line":7},"4":{"loc":{"start":{"line":21,"column":46},"end":{"line":21,"column":92}},"type":"cond-expr","l
[...]
":{"line":23,"column":9},"end":{"line":43,"column":3}}],"line":23},"5":{"loc":{"start":{"line":23,"column":13},"end":{"line":23,"column":111}},"type":"binary-expr","locations":[{"start":{"line":23,"column":13},"end":{"line":23,"column":32}},{"start":{"line":23,"column":36},"end":{"line":23,"column":59}},{"start":{"line":23,"column":63},"end":{"line":23,"column":85}},{"start":{"line":23,"column":89},"end":{"line":23,"column":111}}],"line":23},"6":{"loc":{"start":{"line":28,"column":9},"end":{"line":43,"column":3}},"type":"if","locations":[{"start":{"line":28,"column":9},"end":{"line":43,"column":3}},{"start":{"line":28,"column":9},"end":{"line":43,"column":3}}],"line":28},"7":{"loc":{"start":{"line":28,"column":13},"end":{"line":28,"column":78}},"type":"binary-expr","locations":[{"start":{"line":28,"column":13},"end":{"line":28,"column":31}},{"start":{"line":28,"column":35},"end":{"line":28,"column":51}},{"start":{"line":28,"column":55},"end":{"line":28,"column":78}}],"line":28},"8":{"loc":{"start":{"line":33,"column":9},"end":{"line":43,"column":3}},"type":"if","locations":[{"start":{"line":33,"column":9},"end":{"line":43,"column":3}},{"start":{"line":33,"column":9},"end":{"line":43,"column":3}}],"line":33},"9":{"loc":{"start":{"line":33,"column":13},"end":{"line":33,"column":75}},"type":"binary-expr","locations":[{"start":{"line":33,"column":13},"end":{"line":33,"column":30}},{"start":{"line":33,"column":34},"end":{"line":33,"column":49}},{"start":{"line":33,"column":53},"end":{"line":33,"column":75}}],"line":33},"10":{"loc":{"start":{"line":38,"column":9},"end":{"line":43,"column":3}},"type":"if","locations":[{"start":{"line":38,"column":9},"end":{"line":43,"column":3}},{"start":{"line":38,"column":9},"end":{"line":43,"column":3}}],"line":38},"11":{"loc":{"start":{"line":38,"column":13},"end":{"line":38,"column":91}},"type":"binary-expr","locations":[{"start":{"line":38,"column":13},"end":{"line":38,"column":30}},{"start":{"line":38,"column":34},"end":{"line":38,"column":49}},{"start":{"line":38,"column":53},"end":{"line":38,"column":75}},{"start":{"line":38,"column":79},"end":{"line":38,"column":91}}],"line":38}},"s":{"0":1,"1":1,"2":4,"3":4,"4":4,"5":4,"6":4,"7":4,"8":0,"9":4,"10":0,"11":4,"12":0,"13":4,"14":0,"15":4,"16":0,"17":4,"18":0,"19":4,"20":1},"f":{"0":4},"b":{"0":[0,4],"1":[4,0,0,0],"2":[0,4],"3":[4,0,0,0],"4":[0,4],"5":[4,0,0,0],"6":[0,4],"7":[4,4,4],"8":[0,4],"9":[4,4,4],"10":[0,4],"11":[4,4,4,4]},"_coverageSchema":"43e27e138ebf9cfc5966b082cf9a028302ed4184","hash":"31c7a0e53693460669635c09f74386353ef4df40","contentHash":"b4406e2659143d5b1cefe16d90a6fdef5296797dcdc4843bba11eb73b99cb71f"},"C:\\Users\\JUMIA-430.JUMLOS-430\\Desktop\\Epic-Mail\\server\\helpers\\checkSignInInput.js":{"path":"C:\\Users\\JUMIA-430.JUMLOS-430\\Desktop\\Epic-Mail\\server\\helpers\\checkSignInInput.js","statementMap":{"0":{"start":{"line":3,"column":0},"end":{"line":5,"column":3}},"1":{"start":{"line":6,"column":23},"end":{"line":33,"column":1}},"2":{"start":{"line":7,"column":18},"end":{"line":7,"column":26}},"3":{"start":{"line":8,"column":14},"end":{"line":8,"column":29}},"4":{"start":{"line":9,"column":17},"end":{"line":9,"column":35}},"5":{"start":{"line":11,"column":2},"end":{"line":31,"column":3}},"6":{"start":{"line":12,"column":4},"end":{"line":15,"column":7}},"7":{"start":{"line":16,"column":9},"end":{"line":31,"column":3}},"8":{"start":{"line":17,"column":4},"end":{"line":20,"column":7}},"9":{"start":{"line":21,"column":9},"end":{"line":31,"column":3}},"10":{"start":{"line":22,"column":4},"end":{"line":25,"column":7}},"11":{"start":{"line":26,"column":9},"end":{"line":31,"column":3}},"12":{"start":{"line":27,"column":4},"end":{"line":30,"column":7}},"13":{"start":{"line":32,"column":2},"end":{"line":32,"column":9}},"14":{"start":{"line":34,"column":0},"end":{"line":34,"column":35}}},"fnMap":{"0":{"name":"checkSignInInput","decl":{"start":{"line":6,"column":32},"end":{"line":6,"column":48}},"loc":{"start":{"line":6,"column":65},"end":{"line":33,"column":1}},"line":6}},"branchMap":{"0":{"loc":{"start":{"line":11,"column":2},"end":{"line":31,"column":3}},"type":"if","locations":[{"start":{"line":11,"column":2},"end":{"line":31,"column":3}},{"start":{"line":11,"column":2},"end":{"line":31,"column":3}}],"line":11},"1":{"loc":{"start":{"line":11,"column":6},"end":{"line":11,"column":37}},"type":"binary-expr","locations":[{"start":{"line":11,"column":6},"end":{"line":11,"column":18}},{"start":{"line":11,"column":22},"end":{"line":11,"column":37}}],"line":11},"2":{"loc":{"start":{"line":16,"column":9},"end":{"line":31,"column":3}},"type":"if","locations":[{"start":{"line":16,"column":9},"end":{"line":31,"column":3}},{"start":{"line":16,"column":9},"end":{"line":31,"column":3}}],"line":16},"3":{"loc":{"start":{"line":16,"column":13},"end":{"line":16,"column":48}},"type":"binary-expr","locations":[{"start":{"line":16,"column":13},"end":{"line":16,"column":27}},{"start":{"line":16,"column":31},"end":{"line":16,"column":48}}],"line":16},"4":{"loc":{"start":{"line":21,"column":9},"end":{"line":31,"column":3}},"type":"if","locations":[{"start":{"line":21,"column":9},"end":{"line":31,"column":3}},{"start":{"line":21,"column":9},"end":{"line":31,"column":3}}],"line":21},"5":{"loc":{"start":{"line":21,"column":13},"end":{"line":21,"column":58}},"type":"binary-expr","locations":[{"start":{"line":21,"column":13},"end":{"line":21,"column":32}},{"start":{"line":21,"column":36},"end":{"line":21,"column":58}}],"line":21},"6":{"loc":{"start":{"line":26,"column":9},"end":{"line":31,"column":3}},"type":"if","locations":[{"start":{"line":26,"column":9},"end":{"line":31,"column":3}},{"start":{"line":26,"column":9},"end":{"line":31,"column":3}}],"line":26},"7":{"loc":{"start":{"line":26,"column":13},"end":{"line":26,"column":91}},"type":"binary-expr","locations":[{"start":{"line":26,"column":13},"end":{"line":26,"column":30}},{"start":{"line":26,"column":34},"end":{"line":26,"column":49}},{"start":{"line":26,"column":53},"end":{"line":26,"column":75}},{"start":{"line":26,"column":79},"end":{"line":26,"column":91}}],"line":26}},"s":{"0":1,"1":1,"2":4,"3":4,"4":4,"5":4,"6":0,"7":4,"8":0,"9":4,"10":0,"11":4,"12":0,"13":4,"14":1},"f":{"0":4},"b":{"0":[0,4],"1":[4,1],"2":[0,4],"3":[4,0],"4":[0,4],"5":[4,0],"6":[0,4],"7":[4,4,4,4]},"_coverageSchema":"43e27e138ebf9cfc5966b082cf9a028302ed4184","hash":"409feca66c5111dd59e228856141f1c2da80d5f8","contentHash":"e1478efd63b798849121dee41cc691cdab19d9d56ca8be72324633dadbfc6ec4"},"C:\\Users\\JUMIA-430.JUMLOS-430\\Desktop\\Epic-Mail\\server\\helpers\\isLoggedIn.js":{"path":"C:\\Users\\JUMIA-430.JUMLOS-430\\Desktop\\Epic-Mail\\server\\helpers\\isLoggedIn.js","statementMap":{"0":{"start":{"line":3,"column":0},"end":{"line":5,"column":3}},"1":{"start":{"line":7,"column":20},"end":{"line":7,"column":43}},"2":{"start":{"line":9,"column":21},"end":{"line":9,"column":58}},"3":{"start":{"line":11,"column":14},"end":{"line":11,"column":31}},"4":{"start":{"line":13,"column":15},"end":{"line":13,"column":46}},"5":{"start":{"line":15,"column":39},"end":{"line":15,"column":93}},"6":{"start":{"line":17,"column":0},"end":{"line":17,"column":26}},"7":{"start":{"line":19,"column":17},"end":{"line":30,"column":1}},"8":{"start":{"line":20,"column":14},"end":{"line":20,"column":80}},"9":{"start":{"line":21,"column":2},"end":{"line":29,"column":5}},"10":{"start":{"line":22,"column":4},"end":{"line":27,"column":5}},"11":{"start":{"line":23,"column":6},"end":{"line":26,"column":9}},"12":{"start":{"line":28,"column":4},"end":{"line":28,"column":18}},"13":{"start":{"line":31,"column":0},"end":{"line":31,"column":29}}},"fnMap":{"0":{"name":"_interopRequireDefault","decl":{"start":{"line":15,"column":9},"end":{"line":15,"column":31}},"loc":{"start":{"line":15,"column":37},"end":{"line":15,"column":95}},"line":15},"1":{"name":"isLoggedIn","decl":{"start":{"line":19,"column":26},"end":{"line":19,"column":36}},"loc":{"start":{"line":19,"column":53},"end":{"line":30,"column":1}},"line":19},"2":{"name":"(anonymous_2)","decl":{"start":{"line":21,"column":59},"end":{"line":21,"column":60}},"loc":{"start":{"line":21,"column":71},"end":{"line":29,"column":3}},"line":21}},"branchMap":{"0":{"loc":{"start":{"line":15,"column":46},"end":{"line":15,"column":92}},"type":"cond-expr","locations":[{"start":{"line":15,"column":70},"end":{"line":15,"column":73}},{"start":{"line":15,"column":76},"end":{"line":15,"column":92}}],"line":15},"1":{"loc":{"start":{"line":15,"column":46},"end":{"line":15,"column":67}},"type":"binary-expr","locations":[{"start":{"line":15,"column":46},"end":{"line":15,"column":49}},{"start":{"line":15,"column":53},"end":{"line":15,"column":67}}],"line":15},"2":{"loc":{"start":{"line":20,"column":14},"end":{"line":20,"column":80}},"type":"binary-expr","locations":[{"start":{"line":20,"column":14},"end":{"line":20,"column":28}},{"start":{"line":20,"column":32},"end":{"line":20,"column":47}},{"start":{"line":20,"column":51},"end":{"line":20,"column":80}}],"line":20},"3":{"loc":{"start":{"line":22,"column":4},"end":{"line":27,"column":5}},"type":"if","locations":[{"start":{"line":22,"column":4},"end":{"line":27,"column":5}},{"start":{"line":22,"column":4},"end":{"line":27,"column":5}}],"line":22},"4":{"loc":{"start":{"line":22,"column":8},"end":{"line":22,"column":61}},"type":"binary-expr","locations":[{"start":{"line":22,"column":8},"end":{"line":22,"column":22}},{"start":{"line":22,"column":26},"end":{"line":22,"column":38}},{"start":{"line":22,"column":42},"end":{"line":22,"column":61}}],"line":22}},"s":{"0":1,"1":1,"2":1,"3":1,"4":1,"5":2,"6":1,"7":1,"8":20,"9":20,"10":20,"11":6,"12":14,"13":1},"f":{"0":2,"1":20,"2":20},"b":{"0":[0,2],"1":[2,2],"2":[20,20,6],"3":[6,14],"4":[20,20,20]},"_coverageSchema":"43e27e138ebf9cfc5966b082cf9a028302ed4184","hash":"759fb3da20a78df4989a553093fb4e0d2a2a5d9f","contentHash":"9b74f246d023c95dc76a63c326f94478c3eb36aa9600d17cbfca55e89fda6949"},"C:\\Users\\JUMIA-430.JUMLOS-430\\Desktop\\Epic-Mail\\server\\helpers\\checkMsgInput.js":{"path":"C:\\Users\\JUMIA-430.JUMLOS-430\\Desktop\\Epic-Mail\\server\\helpers\\checkMsgInput.js","statementMap":{"0":{"start":{"line":3,"column":0},"end":{"line":5,"column":3}},"1":{"start":{"line":6,"column":20},"end":{"line":39,"column":1}},"2":{"start":{"line":7,"column":18},"end":{"line":7,"column":26}},"3":{"start":{"line":8,"column":16},"end":{"line":8,"column":33}},"4":{"start":{"line":9,"column":16},"end":{"line":9,"column":33}},"5":{"start":{"line":10,"column":15},"end":{"line":10,"column":31}},"6":{"start":{"line":12,"column":2},"end":{"line":37,"column":3}},"7":{"start":{"line":13,"column":4},"end":{"line":16,"column":7}},"8":{"start":{"line":17,"column":9},"end":{"line":37,"column":3}},"9":{"start":{"line":18,"column":4},"end":{"line":21,"column":7}},"10":{"start":{"line":22,"column":9},"end":{"line":37,"column":3}},"11":{"start":{"line":23,"column":4},"end":{"line":26,"column":7}},"12":{"start":{"line":27,"column":9},"end":{"line":37,"column":3}},"13":{"start":{"line":28,"column":4},"end":{"line":31,"column":7}},"14":{"start":{"line":32,"column":9},"end":{"line":37,"column":3}},"15":{"start":{"line":33,"column":4},"end":{"line":36,"column":7}},"16":{"start":{"line":38,"column":2},"end":{"line":38,"column":9}},"17":{"start":{"line":40,"column":0},"end":{"line":40,"column":32}}},"fnMap":{"0":{"name":"checkMsgInput","decl":{"start":{"line":6,"column":29},"end":{"line":6,"column":42}},"loc":{"start":{"line":6,"column":59},"end":{"line":39,"column":1}},"line":6}},"branchMap":{"0":{"loc":{"start":{"line":12,"column":2},"end":{"line":37,"column":3}},"type":"if","locations":[{"start":{"line":12,"column":2},"end":{"line":37,"column":3}},{"start":{"line":12,"column":2},"end":{"line":37,"column":3}}],"line":12},"1":{"loc":{"start":{"line":12,"column":6},"end":{"line":12,"column":55}},"type":"binary-expr","locations":[{"start":{"line":12,"column":6},"end":{"line":12,"column":20}},{"start":{"line":12,"column":24},"end":{"line":12,"column":38}},{"start":{"line":12,"column":42},"end":{"line":12,"column":55}}],"line":12},"2":{"loc":{"start":{"line":17,"column":9},"end":{"line":37,"column":3}},"type":"if","locations":[{"start":{"line":17,"column":9},"end":{"line":37,"column":3}},{"start":{"line":17,"column":9},"end":{"line":37,"column":3}}],"line":17},"3":{"loc":{"start":{"line":17,"column":13},"end":{"line":17,"column":68}},"type":"binary-expr","locations":[{"start":{"line":17,"column":13},"end":{"line":17,"column":29}},{"start":{"line":17,"column":33},"end":{"line":17,"column":49}},{"start":{"line":17,"column":53},"end":{"line":17,"column":68}}],"line":17},"4":{"loc":{"start":{"line":22,"column":9},"end":{"line":37,"column":3}},"type":"if","locations":[{"start":{"line":22,"column":9},"end":{"line":37,"column":3}},{"start":{"line":22,"column":9},"end":{"line":37,"column":3}}],"line":22},"5":{"loc":{"start":{"line":22,"column":13},"end":{"line":22,"column":83}},"type":"binary-expr","locations":[{"start":{"line":22,"column":13},"end":{"line":22,"column":34}},{"start":{"line":22,"column":38},"end":{"line":22,"column":59}},{"start":{"line":22,"column":63},"end":{"line":22,"column":83}}],"line":22},"6":{"loc":{"start":{"line":27,"column":9},"end":{"line":37,"column":3}},"type":"if","locations":[{"start":{"line":27,"column":9},"end":{"line":37,"column":3}},{"start":{"line":27,"column":9},"end":{"line":37,"column":3}}],"line":27},"7":{"loc":{"start":{"line":27,"column":13},"end":{"line":27,"column":72}},"type":"binary-expr","locations":[{"start":{"line":27,"column":13},"end":{"line":27,"column":29}},{"start":{"line":27,"column":33},"end":{"line":27,"column":47}},{"start":{"line":27,"column":51},"end":{"line":27,"column":72}}],"line":27},"8":{"loc":{"start":{"line":32,"column":9},"end":{"line":37,"column":3}},"type":"if","locations":[{"start":{"line":32,"column":9},"end":{"line":37,"column":3}},{"start":{"line":32,"column":9},"end":{"line":37,"column":3}}],"line":32},"9":{"loc":{"start":{"line":32,"column":13},"end":{"line":32,"column":72}},"type":"binary-expr","locations":[{"start":{"line":32,"column":13},"end":{"line":32,"column":29}},{"start":{"line":32,"column":33},"end":{"line":32,"column":47}},{"start":{"line":32,"column":51},"end":{"line":32,"column":72}}],"line":32}},"s":{"0":1,"1":1,"2":1,"3":1,"4":1,"5":1,"6":1,"7":0,"8":1,"9":0,"10":1,"11":0,"12":1,"13":0,"14":1,"15":0,"16":1,"17":1},"f":{"0":1},"b":{"0":[0,1],"1":[1,0,0],"2":[0,1],"3":[1,0,0],"4":[0,1],"5":[1,0,0],"6":[0,1],"7":[1,1,1],"8":[0,1],"9":[1,1,1]},"_coverageSchema":"43e27e138ebf9cfc5966b082cf9a028302ed4184","hash":"bda1c29ff3941594fc997d67f7230b36d05e10f0","contentHash":"29f1604b31f437522905d303a136b9b58bdfc0d3548be7d7bb0161914ca24192"},"C:\\Users\\JUMIA-430.JUMLOS-430\\Desktop\\Epic-Mail\\server\\helpers\\wrongToken.js":{"path":"C:\\Users\\JUMIA-430.JUMLOS-430\\Desktop\\Epic-Mail\\server\\helpers\\wrongToken.js","statementMap":{"0":{"start":{"line":3,"column":0},"end":{"line":5,"column":3}},"1":{"start":{"line":7,"column":20},"end":{"line":7,"column":43}},"2":{"start":{"line":9,"column":21},"end":{"line":9,"column":58}},"3":{"start":{"line":11,"column":14},"end":{"line":11,"column":31}},"4":{"start":{"line":13,"column":15},"end":{"line":13,"column":46}},"5":{"start":{"line":15,"column":39},"end":{"line":15,"column":93}},"6":{"start":{"line":17,"column":0},"end":{"line":17,"column":26}},"7":{"start":{"line":19,"column":17},"end":{"line":30,"column":1}},"8":{"start":{"line":20,"column":14},"end":{"line":20,"column":80}},"9":{"start":{"line":21,"column":2},"end":{"line":29,"column":5}},"10":{"start":{"line":22,"column":4},"end":{"line":27,"column":5}},"11":{"start":{"line":23,"column":6},"end":{"line":26,"column":9}},"12":{"start":{"line":28,"column":4},"end":{"line":28,"column":18}},"13":{"start":{"line":31,"column":0},"end":{"line":31,"column":29}}},"fnMap":{"0":{"name":"_interopRequireDefault","decl":{"start":{"line":15,"column":9},"end":{"line":15,"column":31}},"loc":{"start":{"line":15,"column":37},"end":{"line":15,"column":95}},"line":15},"1":{"name":"wrongToken","decl":{"start":{"line":19,"column":26},"end":{"line":19,"column":36}},"loc":{"start":{"line":19,"column":53},"end":{"line":30,"column":1}},"line":19},"2":{"name":"(anonymous_2)","decl":{"start":{"line":21,"column":59},"end":{"line":21,"column":60}},"loc":{"start":{"line":21,"column":74},"end":{"line":29,"column":3}},"line":21}},"branchMap":{"0":{"loc":{"start":{"line":15,"column":46},"end":{"line":15,"column":92}},"type":"cond-expr","locations":[{"start":{"line":15,"column":70},"end":{"line":15,"column":73}},{"start":{"line":15,"column":76},"end":{"line":15,"column":92}}],"line":15},"1":{"loc":{"start":{"line":15,"column":46},"end":{"line":15,"column":67}},"type":"binary-expr","locations":[{"start":{"line":15,"column":46},"end":{"line":15,"column":49}},{"start":{"line":15,"column":53},"end":{"line":15,"column":67}}],"line":15},"2":{"loc":{"start":{"line":20,"column":14},"end":{"line":20,"column":80}},"type":"binary-expr","locations":[{"start":{"line":20,"column":14},"end":{"line":20,"column":28}},{"start":{"line":20,"column":32},"end":{"line":20,"column":47}},{"start":{"line":20,"column":51},"end":{"line":20,"column":80}}],"line":20},"3":{"loc":{"start":{"line":22,"column":4},"end":{"line":27,"column":5}},"type":"if","locations":[{"start":{"line":22,"column":4},"end":{"line":27,"column":5}},{"start":{"line":22,"column":4},"end":{"line":27,"column":5}}],"line":22}},"s":{"0":1,"1":1,"2":1,"3":1,"4":1,"5":2,"6":1,"7":1,"8":14,"9":14,"10":14,"11":6,"12":8,"13":1},"f":{"0":2,"1":14,"2":14},"b":{"0":[0,2],"1":[2,2],"2":[14,14,0],"3":[6,8]},"_coverageSchema":"43e27e138ebf9cfc5966b082cf9a028302ed4184","hash":"b07d062991b48c15a9d02ac0f2cf723c4b6b0f77","contentHash":"f0888e6bdece084a76348fab66b7b1ae490bc20dfb17ff6a3c8097897927890c"},"C:\\Users\\JUMIA-430.JUMLOS-430\\Desktop\\Epic-Mail\\server\\routes\\message.js":{"path":"C:\\Users\\JUMIA-430.JUMLOS-430\\Desktop\\Epic-Mail\\server\\routes\\message.js","statementMap":{"0":{"start":{"line":3,"column":0},"end":{"line":5,"column":3}},"1":{"start":{"line":7,"column":15},"end":{"line":7,"column":33}},"2":{"start":{"line":9,"column":16},"end":{"line":9,"column":48}},"3":{"start":{"line":11,"column":13},"end":{"line":11,"column":44}},"4":{"start":{"line":13,"column":14},"end":{"line":13,"column":41}},"5":{"start":{"line":15,"column":39},"end":{"line":15,"column":93}},"6":{"start":{"line":17,"column":13},"end":{"line":17,"column":39}},"7":{"start":{"line":19,"column":0},"end":{"line":19,"column":116}},"8":{"start":{"line":20,"column":0},"end":{"line":20,"column":96}},"9":{"start":{"line":21,"column":0},"end":{"line":21,"column":98}},"10":{"start":{"line":22,"column":0},"end":{"line":22,"column":94}},"11":{"start":{"line":23,"column":0},"end":{"line":23,"column":102}},"12":{"start":{"line":24,"column":0},"end":{"line":24,"column":100}},"13":{"start":{"line":25,"column":0},"end":{"line":25,"column":25}}},"fnMap":{"0":{"name":"_interopRequireDefault","decl":{"start":{"line":15,"column":9},"end":{"line":15,"column":31}},"loc":{"start":{"line":15,"column":37},"end":{"line":15,"column":95}},"line":15}},"branchMap":{"0":{"loc":{"start":{"line":15,"column":46},"end":{"line":15,"column":92}},"type":"cond-expr","locations":[{"start":{"line":15,"column":70},"end":{"line":15,"column":73}},{"start":{"line":15,"column":76},"end":{"line":15,"column":92}}],"line":15},"1":{"loc":{"start":{"line":15,"column":46},"end":{"line":15,"column":67}},"type":"binary-expr","locations":[{"start":{"line":15,"column":46},"end":{"line":15,"column":49}},{"start":{"line":15,"column":53},"end":{"line":15,"column":67}}],"line":15}},"s":{"0":1,"1":1,"2":1,"3":1,"4":1,"5":1,"6":1,"7":1,"8":1,"9":1,"10":1,"11":1,"12":1,"13":1},"f":{"0":1},"b":{"0":[0,1],"1":[1,1]},"_coverageSchema":"43e27e138ebf9cfc5966b082cf9a028302ed4184","hash":"82812a61791b8157b7e8ee69c6af8cb9135573b0","contentHash":"6b059b5b32c82d361a09dd88311974c332d841e7f4a3fb4e5ed3ec85bf015cf0"}}