{"C:\\Users\\UBA PLC\\Desktop\\new-projects\\Epic-Mail\\src\\models\\index.js":{"path":"C:\\Users\\UBA PLC\\Desktop\\new-projects\\Epic-Mail\\src\\models\\index.js","statementMap":{"0":{"start":{"line":3,"column":29},"end":{"line":3,"column":84}},"1":{"start":{"line":5,"column":0},"end":{"line":7,"column":3}},"2":{"start":{"line":8,"column":0},"end":{"line":8,"column":28}},"3":{"start":{"line":10,"column":10},"end":{"line":10,"column":47}},"4":{"start":{"line":12,"column":12},"end":{"line":12,"column":51}},"5":{"start":{"line":14,"column":17},"end":{"line":14,"column":61}},"6":{"start":{"line":16,"column":14},"end":{"line":16,"column":65}},"7":{"start":{"line":18,"column":15},"end":{"line":18,"column":52}},"8":{"start":{"line":20,"column":10},"end":{"line":20,"column":69}},"9":{"start":{"line":21,"column":13},"end":{"line":21,"column":36}},"10":{"start":{"line":22,"column":0},"end":{"line":22,"column":46}},"11":{"start":{"line":23,"column":9},"end":{"line":23,"column":11}},"12":{"start":{"line":26,"column":0},"end":{"line":40,"column":1}},"13":{"start":{"line":27,"column":2},"end":{"line":27,"column":86}},"14":{"start":{"line":28,"column":2},"end":{"line":37,"column":5}},"15":{"start":{"line":39,"column":2},"end":{"line":39,"column":99}},"16":{"start":{"line":42,"column":0},"end":{"line":48,"column":3}},"17":{"start":{"line":43,"column":2},"end":{"line":43,"column":82}},"18":{"start":{"line":45,"column":14},"end":{"line":45,"column":105}},"19":{"start":{"line":47,"column":2},"end":{"line":47,"column":25}},"20":{"start":{"line":50,"column":0},"end":{"line":54,"column":3}},"21":{"start":{"line":51,"column":2},"end":{"line":53,"column":3}},"22":{"start":{"line":52,"column":4},"end":{"line":52,"column":32}},"23":{"start":{"line":55,"column":0},"end":{"line":55,"column":25}},"24":{"start":{"line":56,"column":0},"end":{"line":56,"column":37}},"25":{"start":{"line":57,"column":15},"end":{"line":57,"column":17}},"26":{"start":{"line":58,"column":0},"end":{"line":58,"column":30}}},"fnMap":{"0":{"name":"(anonymous_0)","decl":{"start":{"line":42,"column":45},"end":{"line":42,"column":46}},"loc":{"start":{"line":42,"column":61},"end":{"line":44,"column":1}},"line":42},"1":{"name":"(anonymous_1)","decl":{"start":{"line":44,"column":11},"end":{"line":44,"column":12}},"loc":{"start":{"line":44,"column":27},"end":{"line":48,"column":1}},"line":44},"2":{"name":"(anonymous_2)","decl":{"start":{"line":50,"column":24},"end":{"line":50,"column":25}},"loc":{"start":{"line":50,"column":45},"end":{"line":54,"column":1}},"line":50}},"branchMap":{"0":{"loc":{"start":{"line":20,"column":10},"end":{"line":20,"column":69}},"type":"cond-expr","locations":[{"start":{"line":20,"column":33},"end":{"line":20,"column":53}},{"start":{"line":20,"column":56},"end":{"line":20,"column":69}}],"line":20},"1":{"loc":{"start":{"line":26,"column":0},"end":{"line":40,"column":1}},"type":"if","locations":[{"start":{"line":26,"column":0},"end":{"line":40,"column":1}},{"start":{"line":26,"column":0},"end":{"line":40,"column":1}}],"line":26},"2":{"loc":{"start":{"line":43,"column":9},"end":{"line":43,"column":81}},"type":"binary-expr","locations":[{"start":{"line":43,"column":9},"end":{"line":43,"column":32}},{"start":{"line":43,"column":36},"end":{"line":43,"column":53}},{"start":{"line":43,"column":57},"end":{"line":43,"column":81}}],"line":43},"3":{"loc":{"start":{"line":51,"column":2},"end":{"line":53,"column":3}},"type":"if","locations":[{"start":{"line":51,"column":2},"end":{"line":53,"column":3}},{"start":{"line":51,"column":2},"end":{"line":53,"column":3}}],"line":51}},"s":{"0":1,"1":1,"2":1,"3":1,"4":1,"5":1,"6":1,"7":1,"8":1,"9":1,"10":1,"11":1,"12":1,"13":0,"14":0,"15":1,"16":1,"17":6,"18":5,"19":5,"20":1,"21":5,"22":5,"23":1,"24":1,"25":1,"26":1},"f":{"0":6,"1":5,"2":5},"b":{"0":[1,0],"1":[0,1],"2":[6,6,5],"3":[5,0]},"inputSourceMap":{"version":3,"sources":["index.js"],"names":["basename","path","__filename","env","process","NODE_ENV","config","configJson","console","log","db","sequelize","environment","Sequelize","use_env_variable","DB_NAME","DB_USER","DB_PASS","host","DB_HOST","port","DB_PORT","dialect","dialectOption","ssl","logging","database","username","password","fs","readdirSync","__dirname","filter","file","indexOf","slice","forEach","model","require","join","DataTypes","name","Object","keys","modelName","associate"],"mappings":";;;;;;;;;AAAA;;AACA;;AACA;;AACA;;AAEA,IAAMA,QAAQ,GAAGC,iBAAKD,QAAL,CAAcE,UAAd,CAAjB;;AACA,IAAMC,GAAG,GAAGC,OAAO,CAACD,GAAR,CAAYE,QAAZ,GAAuBD,OAAO,CAACD,GAAR,CAAYE,QAAnC,GAA8C,aAA1D;AAEA,IAAMC,MAAM,GAAGC,mBAAWJ,GAAX,CAAf;AAEAK,OAAO,CAACC,GAAR,CAAY,2BAAZ,EAAyCN,GAAzC;AAEA,IAAMO,EAAE,GAAG,EAAX;AAEA,IAAIC,SAAJ;;AACA,IAAIL,MAAM,CAACM,WAAP,KAAuB,YAA3B,EAAyC;AACvCD,EAAAA,SAAS,GAAG,IAAIE,qBAAJ,CACVT,OAAO,CAACD,GAAR,CAAYG,MAAM,CAACQ,gBAAnB,CADU,EAC4BR,MAD5B,CAAZ;AAGAK,EAAAA,SAAS,GAAG,IAAIE,qBAAJ,CACVT,OAAO,CAACD,GAAR,CAAYY,OADF,EAEVX,OAAO,CAACD,GAAR,CAAYa,OAFF,EAGVZ,OAAO,CAACD,GAAR,CAAYc,OAHF,EAGW;AACnBC,IAAAA,IAAI,EAAEd,OAAO,CAACD,GAAR,CAAYgB,OADC;AAEnBC,IAAAA,IAAI,EAAEhB,OAAO,CAACD,GAAR,CAAYkB,OAFC;AAGnBC,IAAAA,OAAO,EAAE,UAHU;AAInBC,IAAAA,aAAa,EAAE;AACbC,MAAAA,GAAG,EAAE,IADQ;AAEb,gBAAQ;AAFK,KAJI;AAQnBC,IAAAA,OAAO,EAAE;AARU,GAHX,CAAZ;AAcD,CAlBD,MAkBO;AACLd,EAAAA,SAAS,GAAG,IAAIE,qBAAJ,CACVP,MAAM,CAACoB,QADG,EACOpB,MAAM,CAACqB,QADd,EACwBrB,MAAM,CAACsB,QAD/B,EACyCtB,MADzC,CAAZ;AAGD;;AAEDuB,eACGC,WADH,CACeC,SADf,EAEGC,MAFH,CAEU,UAACC,IAAD;AAAA,SAAWA,IAAI,CAACC,OAAL,CAAa,GAAb,MAAsB,CAAvB,IACLD,IAAI,KAAKjC,QADJ,IACkBiC,IAAI,CAACE,KAAL,CAAW,CAAC,CAAZ,MAAmB,KAD/C;AAAA,CAFV,EAIGC,OAJH,CAIW,UAACH,IAAD,EAAU;AACjB,MAAMI,KAAK,GAAGC,OAAO,CAACrC,iBAAKsC,IAAL,CAAUR,SAAV,EAAqBE,IAArB,CAAD,CAAP,CAAoCtB,SAApC,EAA+CE,sBAAU2B,SAAzD,CAAd;;AACA9B,EAAAA,EAAE,CAAC2B,KAAK,CAACI,IAAP,CAAF,GAAiBJ,KAAjB;AACD,CAPH;;AASAK,MAAM,CAACC,IAAP,CAAYjC,EAAZ,EAAgB0B,OAAhB,CAAwB,UAACQ,SAAD,EAAe;AACrC,MAAIlC,EAAE,CAACkC,SAAD,CAAF,CAAcC,SAAlB,EAA6B;AAC3BnC,IAAAA,EAAE,CAACkC,SAAD,CAAF,CAAcC,SAAd,CAAwBnC,EAAxB;AACD;AACF,CAJD;AAMAA,EAAE,CAACC,SAAH,GAAeA,SAAf;AACAD,EAAE,CAACG,SAAH,GAAeA,qBAAf;eAEeH,E","sourceRoot":"C:\\Users\\UBA PLC\\Desktop\\new-projects\\Epic-Mail\\src\\models\\","sourcesContent":["import fs from 'fs';\nimport path from 'path';\nimport Sequelize from 'sequelize';\nimport configJson from '../config/config';\n\nconst basename = path.basename(__filename);\nconst env = process.env.NODE_ENV ? process.env.NODE_ENV : 'development';\n\nconst config = configJson[env];\n\nconsole.log('this is the environment: ', env);\n\nconst db = {};\n\nlet sequelize;\nif (config.environment === 'production') {\n  sequelize = new Sequelize(\n    process.env[config.use_env_variable], config,\n  );\n  sequelize = new Sequelize(\n    process.env.DB_NAME,\n    process.env.DB_USER,\n    process.env.DB_PASS, {\n      host: process.env.DB_HOST,\n      port: process.env.DB_PORT,\n      dialect: 'postgres',\n      dialectOption: {\n        ssl: true,\n        native: true,\n      },\n      logging: true,\n    },\n  );\n} else {\n  sequelize = new Sequelize(\n    config.database, config.username, config.password, config,\n  );\n}\n\nfs\n  .readdirSync(__dirname)\n  .filter((file) => (file.indexOf('.') !== 0)\n           && (file !== basename) && (file.slice(-3) === '.js'))\n  .forEach((file) => {\n    const model = require(path.join(__dirname, file))(sequelize, Sequelize.DataTypes);\n    db[model.name] = model;\n  });\n\nObject.keys(db).forEach((modelName) => {\n  if (db[modelName].associate) {\n    db[modelName].associate(db);\n  }\n});\n\ndb.sequelize = sequelize;\ndb.Sequelize = Sequelize;\n\nexport default db;\n"]},"_coverageSchema":"1a1c01bbd47fc00a2c39e90264f33305004495a9","hash":"042e2bd663c6ebcefda7cbe2f9d228459b5273d2","contentHash":"2b40dbfa25980d6d4484b0dfe3aa1d04b3a71391adbed27e3b977c9650c3aa35"},"C:\\Users\\UBA PLC\\Desktop\\new-projects\\Epic-Mail\\src\\config\\config.js":{"path":"C:\\Users\\UBA PLC\\Desktop\\new-projects\\Epic-Mail\\src\\config\\config.js","statementMap":{"0":{"start":{"line":3,"column":0},"end":{"line":3,"column":27}},"1":{"start":{"line":5,"column":0},"end":{"line":27,"column":2}}},"fnMap":{},"branchMap":{},"s":{"0":1,"1":1},"f":{},"b":{},"inputSourceMap":{"version":3,"sources":["config.js"],"names":["require","config","module","exports","development","database","username","password","host","dialect","test","production","process","env","DB_NAME","DB_USER","DB_PASS","DB_HOST"],"mappings":";;AAAAA,OAAO,CAAC,QAAD,CAAP,CAAkBC,MAAlB;;AAEAC,MAAM,CAACC,OAAP,GAAiB;AAEfC,EAAAA,WAAW,EAAE;AACXC,IAAAA,QAAQ,EAAE,eADC;AAEXC,IAAAA,QAAQ,EAAE,MAFC;AAGXC,IAAAA,QAAQ,EAAE,UAHC;AAIXC,IAAAA,IAAI,EAAE,WAJK;AAKXC,IAAAA,OAAO,EAAE;AALE,GAFE;AAUfC,EAAAA,IAAI,EAAE;AACJL,IAAAA,QAAQ,EAAE,gBADN;AAEJC,IAAAA,QAAQ,EAAE,MAFN;AAGJC,IAAAA,QAAQ,EAAE,UAHN;AAIJC,IAAAA,IAAI,EAAE,WAJF;AAKJC,IAAAA,OAAO,EAAE;AALL,GAVS;AAkBfE,EAAAA,UAAU,EAAE;AACVN,IAAAA,QAAQ,EAAEO,OAAO,CAACC,GAAR,CAAYC,OADZ;AAEVR,IAAAA,QAAQ,EAAEM,OAAO,CAACC,GAAR,CAAYE,OAFZ;AAGVR,IAAAA,QAAQ,EAAEK,OAAO,CAACC,GAAR,CAAYG,OAHZ;AAIVR,IAAAA,IAAI,EAAEI,OAAO,CAACC,GAAR,CAAYI,OAJR;AAKVR,IAAAA,OAAO,EAAE;AALC;AAlBG,CAAjB","sourceRoot":"C:\\Users\\UBA PLC\\Desktop\\new-projects\\Epic-Mail\\src\\config\\","sourcesContent":["require('dotenv').config();\n\nmodule.exports = {\n\n  development: {\n    database: 'epic_mail_dev',\n    username: 'epic',\n    password: 'password',\n    host: '127.0.0.1',\n    dialect: 'postgres',\n  },\n\n  test: {\n    database: 'epic_mail_test',\n    username: 'epic',\n    password: 'password',\n    host: '127.0.0.1',\n    dialect: 'postgres',\n  },\n\n  production: {\n    database: process.env.DB_NAME,\n    username: process.env.DB_USER,\n    password: process.env.DB_PASS,\n    host: process.env.DB_HOST,\n    dialect: 'postgres',\n  },\n};\n"]},"_coverageSchema":"1a1c01bbd47fc00a2c39e90264f33305004495a9","hash":"31ba9c1ebc53329a5e8b056585c62a5201974682","contentHash":"d169e4953fdea080286870d5c2b09150feb604fe5d083c31ee0b3c472ab6bae9"},"C:\\Users\\UBA PLC\\Desktop\\new-projects\\Epic-Mail\\src\\models\\group.js":{"path":"C:\\Users\\UBA PLC\\Desktop\\new-projects\\Epic-Mail\\src\\models\\group.js","statementMap":{"0":{"start":{"line":3,"column":0},"end":{"line":34,"column":2}},"1":{"start":{"line":4,"column":14},"end":{"line":18,"column":4}},"2":{"start":{"line":20,"column":2},"end":{"line":31,"column":4}},"3":{"start":{"line":21,"column":4},"end":{"line":25,"column":7}},"4":{"start":{"line":26,"column":4},"end":{"line":30,"column":7}},"5":{"start":{"line":33,"column":2},"end":{"line":33,"column":15}}},"fnMap":{"0":{"name":"(anonymous_0)","decl":{"start":{"line":3,"column":17},"end":{"line":3,"column":18}},"loc":{"start":{"line":3,"column":49},"end":{"line":34,"column":1}},"line":3},"1":{"name":"(anonymous_1)","decl":{"start":{"line":20,"column":20},"end":{"line":20,"column":21}},"loc":{"start":{"line":20,"column":38},"end":{"line":31,"column":3}},"line":20}},"branchMap":{},"s":{"0":1,"1":1,"2":1,"3":1,"4":1,"5":1},"f":{"0":1,"1":1},"b":{},"inputSourceMap":{"version":3,"sources":["group.js"],"names":["module","exports","sequelize","DataTypes","Group","define","id","allowNull","primaryKey","type","UUID","defaultValue","UUIDV4","name","STRING","description","associate","models","belongsToMany","User","onDelete","through","as","hasMany","Message","foreignKey","target"],"mappings":";;AAAAA,MAAM,CAACC,OAAP,GAAiB,UAACC,SAAD,EAAYC,SAAZ,EAA0B;AACzC,MAAMC,KAAK,GAAGF,SAAS,CAACG,MAAV,CAAiB,OAAjB,EAA0B;AACtCC,IAAAA,EAAE,EAAE;AACFC,MAAAA,SAAS,EAAE,KADT;AAEFC,MAAAA,UAAU,EAAE,IAFV;AAGFC,MAAAA,IAAI,EAAEN,SAAS,CAACO,IAHd;AAIFC,MAAAA,YAAY,EAAER,SAAS,CAACS;AAJtB,KADkC;AAOtCC,IAAAA,IAAI,EAAE;AACJJ,MAAAA,IAAI,EAAEN,SAAS,CAACW,MADZ;AAEJP,MAAAA,SAAS,EAAE;AAFP,KAPgC;AAYtCQ,IAAAA,WAAW,EAAE;AACXN,MAAAA,IAAI,EAAEN,SAAS,CAACW;AADL;AAZyB,GAA1B,CAAd;;AAgBAV,EAAAA,KAAK,CAACY,SAAN,GAAkB,UAACC,MAAD,EAAY;AAC5Bb,IAAAA,KAAK,CAACc,aAAN,CAAoBD,MAAM,CAACE,IAA3B,EAAiC;AAC/BC,MAAAA,QAAQ,EAAE,SADqB;AAE/BC,MAAAA,OAAO,EAAE,cAFsB;AAG/BC,MAAAA,EAAE,EAAE;AAH2B,KAAjC;AAKAlB,IAAAA,KAAK,CAACmB,OAAN,CAAcN,MAAM,CAACO,OAArB,EAA8B;AAC5BJ,MAAAA,QAAQ,EAAE,SADkB;AAE5BK,MAAAA,UAAU,EAAE,SAFgB;AAG5BC,MAAAA,MAAM,EAAE;AAHoB,KAA9B;AAKD,GAXD;;AAYA,SAAOtB,KAAP;AACD,CA9BD","sourceRoot":"C:\\Users\\UBA PLC\\Desktop\\new-projects\\Epic-Mail\\src\\models\\","sourcesContent":["module.exports = (sequelize, DataTypes) => {\n  const Group = sequelize.define('Group', {\n    id: {\n      allowNull: false,\n      primaryKey: true,\n      type: DataTypes.UUID,\n      defaultValue: DataTypes.UUIDV4,\n    },\n    name: {\n      type: DataTypes.STRING,\n      allowNull: false,\n     \n    },\n    description: {\n      type: DataTypes.STRING,\n    },\n  });\n  Group.associate = (models) => {\n    Group.belongsToMany(models.User, {\n      onDelete: 'CASCADE',\n      through: 'GroupMembers',\n      as: 'members',\n    });\n    Group.hasMany(models.Message, {\n      onDelete: 'CASCADE',\n      foreignKey: 'groupId',\n      target: 'id',\n    });\n  };\n  return Group;\n};\n"]},"_coverageSchema":"1a1c01bbd47fc00a2c39e90264f33305004495a9","hash":"5bcf373c40fceffaa1a9f721bc4454d466767063","contentHash":"fac895ba6d8536f2d8589696dff7f9e0387897f113096dc402fce9576148b55c"},"C:\\Users\\UBA PLC\\Desktop\\new-projects\\Epic-Mail\\src\\models\\groupMembers.js":{"path":"C:\\Users\\UBA PLC\\Desktop\\new-projects\\Epic-Mail\\src\\models\\groupMembers.js","statementMap":{"0":{"start":{"line":3,"column":0},"end":{"line":33,"column":2}},"1":{"start":{"line":4,"column":21},"end":{"line":21,"column":4}},"2":{"start":{"line":23,"column":2},"end":{"line":30,"column":4}},"3":{"start":{"line":24,"column":4},"end":{"line":26,"column":7}},"4":{"start":{"line":27,"column":4},"end":{"line":29,"column":7}},"5":{"start":{"line":32,"column":2},"end":{"line":32,"column":22}}},"fnMap":{"0":{"name":"(anonymous_0)","decl":{"start":{"line":3,"column":17},"end":{"line":3,"column":18}},"loc":{"start":{"line":3,"column":49},"end":{"line":33,"column":1}},"line":3},"1":{"name":"(anonymous_1)","decl":{"start":{"line":23,"column":27},"end":{"line":23,"column":28}},"loc":{"start":{"line":23,"column":45},"end":{"line":30,"column":3}},"line":23}},"branchMap":{},"s":{"0":1,"1":1,"2":1,"3":1,"4":1,"5":1},"f":{"0":1,"1":1},"b":{},"inputSourceMap":{"version":3,"sources":["groupMembers.js"],"names":["module","exports","sequelize","DataTypes","GroupMembers","define","UserId","type","UUID","validate","isUUID","GroupId","isAdmin","BOOLEAN","defaultValue","associate","models","belongsTo","User","foreignKey","Group"],"mappings":";;AAAAA,MAAM,CAACC,OAAP,GAAiB,UAACC,SAAD,EAAYC,SAAZ,EAA0B;AACzC,MAAMC,YAAY,GAAGF,SAAS,CAACG,MAAV,CAAiB,cAAjB,EAAiC;AACpDC,IAAAA,MAAM,EAAE;AACNC,MAAAA,IAAI,EAAEJ,SAAS,CAACK,IADV;AAENC,MAAAA,QAAQ,EAAE;AACRC,QAAAA,MAAM,EAAE;AADA;AAFJ,KAD4C;AAOpDC,IAAAA,OAAO,EAAE;AACPJ,MAAAA,IAAI,EAAEJ,SAAS,CAACK,IADT;AAEPC,MAAAA,QAAQ,EAAE;AACRC,QAAAA,MAAM,EAAE;AADA;AAFH,KAP2C;AAapDE,IAAAA,OAAO,EAAE;AACPL,MAAAA,IAAI,EAAEJ,SAAS,CAACU,OADT;AAEPC,MAAAA,YAAY,EAAE;AAFP;AAb2C,GAAjC,CAArB;;AAkBAV,EAAAA,YAAY,CAACW,SAAb,GAAyB,UAACC,MAAD,EAAY;AACnCZ,IAAAA,YAAY,CAACa,SAAb,CAAuBD,MAAM,CAACE,IAA9B,EAAoC;AAClCC,MAAAA,UAAU,EAAE;AADsB,KAApC;AAGAf,IAAAA,YAAY,CAACa,SAAb,CAAuBD,MAAM,CAACI,KAA9B,EAAqC;AACnCD,MAAAA,UAAU,EAAE;AADuB,KAArC;AAGD,GAPD;;AAQA,SAAOf,YAAP;AACD,CA5BD","sourceRoot":"C:\\Users\\UBA PLC\\Desktop\\new-projects\\Epic-Mail\\src\\models\\","sourcesContent":["module.exports = (sequelize, DataTypes) => {\n  const GroupMembers = sequelize.define('GroupMembers', {\n    UserId: {\n      type: DataTypes.UUID,\n      validate: {\n        isUUID: 4,\n      },\n    },\n    GroupId: {\n      type: DataTypes.UUID,\n      validate: {\n        isUUID: 4,\n      },\n    },\n    isAdmin: {\n      type: DataTypes.BOOLEAN,\n      defaultValue: false,\n    },\n  });\n  GroupMembers.associate = (models) => {\n    GroupMembers.belongsTo(models.User, {\n      foreignKey: 'UserId',\n    });\n    GroupMembers.belongsTo(models.Group, {\n      foreignKey: 'GroupId',\n    });\n  };\n  return GroupMembers;\n};\n"]},"_coverageSchema":"1a1c01bbd47fc00a2c39e90264f33305004495a9","hash":"81107cef007e2b248251191a56834545715f7d5c","contentHash":"db1ff1cae32c6929b463d664056efb5f3229a6e3fe886645616cc3aa8af11b6b"},"C:\\Users\\UBA PLC\\Desktop\\new-projects\\Epic-Mail\\src\\models\\message.js":{"path":"C:\\Users\\UBA PLC\\Desktop\\new-projects\\Epic-Mail\\src\\models\\message.js","statementMap":{"0":{"start":{"line":3,"column":0},"end":{"line":99,"column":2}},"1":{"start":{"line":4,"column":16},"end":{"line":64,"column":4}},"2":{"start":{"line":66,"column":2},"end":{"line":96,"column":4}},"3":{"start":{"line":67,"column":4},"end":{"line":72,"column":7}},"4":{"start":{"line":73,"column":4},"end":{"line":78,"column":7}},"5":{"start":{"line":79,"column":4},"end":{"line":83,"column":7}},"6":{"start":{"line":84,"column":4},"end":{"line":89,"column":7}},"7":{"start":{"line":90,"column":4},"end":{"line":95,"column":7}},"8":{"start":{"line":98,"column":2},"end":{"line":98,"column":17}}},"fnMap":{"0":{"name":"(anonymous_0)","decl":{"start":{"line":3,"column":17},"end":{"line":3,"column":18}},"loc":{"start":{"line":3,"column":49},"end":{"line":99,"column":1}},"line":3},"1":{"name":"(anonymous_1)","decl":{"start":{"line":66,"column":22},"end":{"line":66,"column":23}},"loc":{"start":{"line":66,"column":40},"end":{"line":96,"column":3}},"line":66}},"branchMap":{},"s":{"0":1,"1":1,"2":1,"3":1,"4":1,"5":1,"6":1,"7":1,"8":1},"f":{"0":1,"1":1},"b":{},"inputSourceMap":{"version":3,"sources":["message.js"],"names":["module","exports","sequelize","DataTypes","Message","define","id","allowNull","primaryKey","type","UUID","defaultValue","UUIDV4","parentId","validate","isUUID","userId","contentId","replyId","groupId","folderName","STRING","isdeleted","BOOLEAN","isFlagged","isread","isgroupMessage","associate","models","belongsTo","Content","through","onDelete","foreignKey","target","User","as","Group"],"mappings":";;AAAAA,MAAM,CAACC,OAAP,GAAiB,UAACC,SAAD,EAAYC,SAAZ,EAA0B;AACzC,MAAMC,OAAO,GAAGF,SAAS,CAACG,MAAV,CAAiB,SAAjB,EAA4B;AAC1CC,IAAAA,EAAE,EAAE;AACFC,MAAAA,SAAS,EAAE,KADT;AAEFC,MAAAA,UAAU,EAAE,IAFV;AAGFC,MAAAA,IAAI,EAAEN,SAAS,CAACO,IAHd;AAIFC,MAAAA,YAAY,EAAER,SAAS,CAACS;AAJtB,KADsC;AAO1CC,IAAAA,QAAQ,EAAE;AACRJ,MAAAA,IAAI,EAAEN,SAAS,CAACO,IADR;AAERC,MAAAA,YAAY,EAAER,SAAS,CAACS,MAFhB;AAGRE,MAAAA,QAAQ,EAAE;AACRC,QAAAA,MAAM,EAAE;AADA;AAHF,KAPgC;AAc1CC,IAAAA,MAAM,EAAE;AACNP,MAAAA,IAAI,EAAEN,SAAS,CAACO,IADV;AAENI,MAAAA,QAAQ,EAAE;AACRC,QAAAA,MAAM,EAAE;AADA;AAFJ,KAdkC;AAoB1CE,IAAAA,SAAS,EAAE;AACTR,MAAAA,IAAI,EAAEN,SAAS,CAACO,IADP;AAETH,MAAAA,SAAS,EAAE,KAFF;AAGTO,MAAAA,QAAQ,EAAE;AACRC,QAAAA,MAAM,EAAE;AADA;AAHD,KApB+B;AA2B1CG,IAAAA,OAAO,EAAE;AACPT,MAAAA,IAAI,EAAEN,SAAS,CAACO,IADT;AAEPC,MAAAA,YAAY,EAAER,SAAS,CAACS,MAFjB;AAGPE,MAAAA,QAAQ,EAAE;AACRC,QAAAA,MAAM,EAAE;AADA;AAHH,KA3BiC;AAkC1CI,IAAAA,OAAO,EAAE;AACPV,MAAAA,IAAI,EAAEN,SAAS,CAACO,IADT;AAEPI,MAAAA,QAAQ,EAAE;AACRC,QAAAA,MAAM,EAAE;AADA;AAFH,KAlCiC;AAwC1CK,IAAAA,UAAU,EAAE;AACVX,MAAAA,IAAI,EAAEN,SAAS,CAACkB,MADN;AAEVd,MAAAA,SAAS,EAAE;AAFD,KAxC8B;AA4C1Ce,IAAAA,SAAS,EAAE;AACTb,MAAAA,IAAI,EAAEN,SAAS,CAACoB,OADP;AAETZ,MAAAA,YAAY,EAAE;AAFL,KA5C+B;AAgD1Ca,IAAAA,SAAS,EAAE;AACTf,MAAAA,IAAI,EAAEN,SAAS,CAACoB,OADP;AAETZ,MAAAA,YAAY,EAAE;AAFL,KAhD+B;AAoD1Cc,IAAAA,MAAM,EAAE;AACNhB,MAAAA,IAAI,EAAEN,SAAS,CAACoB,OADV;AAENZ,MAAAA,YAAY,EAAE;AAFR,KApDkC;AAwD1Ce,IAAAA,cAAc,EAAE;AACdjB,MAAAA,IAAI,EAAEN,SAAS,CAACoB,OADF;AAEdZ,MAAAA,YAAY,EAAE;AAFA;AAxD0B,GAA5B,CAAhB;;AA6DAP,EAAAA,OAAO,CAACuB,SAAR,GAAoB,UAACC,MAAD,EAAY;AAC9BxB,IAAAA,OAAO,CAACyB,SAAR,CAAkBD,MAAM,CAACE,OAAzB,EAAkC;AAChCC,MAAAA,OAAO,EAAE,WADuB;AAEhCC,MAAAA,QAAQ,EAAE,UAFsB;AAGhCC,MAAAA,UAAU,EAAE,WAHoB;AAIhCC,MAAAA,MAAM,EAAE;AAJwB,KAAlC;AAMA9B,IAAAA,OAAO,CAACyB,SAAR,CAAkBD,MAAM,CAACO,IAAzB,EAA+B;AAC7BJ,MAAAA,OAAO,EAAE,QADoB;AAE7BC,MAAAA,QAAQ,EAAE,SAFmB;AAG7BC,MAAAA,UAAU,EAAE,QAHiB;AAI7BC,MAAAA,MAAM,EAAE;AAJqB,KAA/B;AAMA9B,IAAAA,OAAO,CAACyB,SAAR,CAAkBD,MAAM,CAACxB,OAAzB,EAAkC;AAChC4B,MAAAA,QAAQ,EAAE,SADsB;AAEhCI,MAAAA,EAAE,EAAE,OAF4B;AAGhCH,MAAAA,UAAU,EAAE;AAHoB,KAAlC;AAKA7B,IAAAA,OAAO,CAACyB,SAAR,CAAkBD,MAAM,CAACxB,OAAzB,EAAkC;AAChC4B,MAAAA,QAAQ,EAAE,SADsB;AAEhCI,MAAAA,EAAE,EAAE,QAF4B;AAGhCH,MAAAA,UAAU,EAAE,UAHoB;AAIhCC,MAAAA,MAAM,EAAE;AAJwB,KAAlC;AAMA9B,IAAAA,OAAO,CAACyB,SAAR,CAAkBD,MAAM,CAACS,KAAzB,EAAgC;AAC9BN,MAAAA,OAAO,EAAE,SADqB;AAE9BC,MAAAA,QAAQ,EAAE,SAFoB;AAG9BC,MAAAA,UAAU,EAAE,SAHkB;AAI9BC,MAAAA,MAAM,EAAE;AAJsB,KAAhC;AAMD,GA9BD;;AA+BA,SAAO9B,OAAP;AACD,CA9FD","sourceRoot":"C:\\Users\\UBA PLC\\Desktop\\new-projects\\Epic-Mail\\src\\models\\","sourcesContent":["module.exports = (sequelize, DataTypes) => {\n  const Message = sequelize.define('Message', {\n    id: {\n      allowNull: false,\n      primaryKey: true,\n      type: DataTypes.UUID,\n      defaultValue: DataTypes.UUIDV4,\n    },\n    parentId: {\n      type: DataTypes.UUID,\n      defaultValue: DataTypes.UUIDV4,\n      validate: {\n        isUUID: 4,\n      },\n    },\n    userId: {\n      type: DataTypes.UUID,\n      validate: {\n        isUUID: 4,\n      },\n    },\n    contentId: {\n      type: DataTypes.UUID,\n      allowNull: false,\n      validate: {\n        isUUID: 4,\n      },\n    },\n    replyId: {\n      type: DataTypes.UUID,\n      defaultValue: DataTypes.UUIDV4,\n      validate: {\n        isUUID: 4,\n      },\n    },\n    groupId: {\n      type: DataTypes.UUID,\n      validate: {\n        isUUID: 4,\n      },\n    },\n    folderName: {\n      type: DataTypes.STRING,\n      allowNull: false,\n    },\n    isdeleted: {\n      type: DataTypes.BOOLEAN,\n      defaultValue: false,\n    },\n    isFlagged: {\n      type: DataTypes.BOOLEAN,\n      defaultValue: false,\n    },\n    isread: {\n      type: DataTypes.BOOLEAN,\n      defaultValue: false,\n    },\n    isgroupMessage: {\n      type: DataTypes.BOOLEAN,\n      defaultValue: false,\n    },\n  });\n  Message.associate = (models) => {\n    Message.belongsTo(models.Content, {\n      through: 'contentId',\n      onDelete: 'SET NULL',\n      foreignKey: 'contentId',\n      target: 'id',\n    });\n    Message.belongsTo(models.User, {\n      through: 'userId',\n      onDelete: 'CASCADE',\n      foreignKey: 'userId',\n      target: 'id',\n    });\n    Message.belongsTo(models.Message, {\n      onDelete: 'CASCADE',\n      as: 'reply',\n      foreignKey: 'replyId',\n    });\n    Message.belongsTo(models.Message, {\n      onDelete: 'CASCADE',\n      as: 'parent',\n      foreignKey: 'parentId',\n      target: 'id',\n    });\n    Message.belongsTo(models.Group, {\n      through: 'groupId',\n      onDelete: 'CASCADE',\n      foreignKey: 'groupId',\n      target: 'id',\n    });\n  };\n  return Message;\n};\n"]},"_coverageSchema":"1a1c01bbd47fc00a2c39e90264f33305004495a9","hash":"09fa0d87651b5e2918b83f22a1f833b02e721f9d","contentHash":"a66a90ba96cae1d90ea0b21cffecdd7308b50c1743d9e773ce6fc2906b7763b2"},"C:\\Users\\UBA PLC\\Desktop\\new-projects\\Epic-Mail\\src\\models\\messageContent.js":{"path":"C:\\Users\\UBA PLC\\Desktop\\new-projects\\Epic-Mail\\src\\models\\messageContent.js","statementMap":{"0":{"start":{"line":3,"column":0},"end":{"line":44,"column":2}},"1":{"start":{"line":4,"column":16},"end":{"line":33,"column":4}},"2":{"start":{"line":35,"column":2},"end":{"line":41,"column":4}},"3":{"start":{"line":36,"column":4},"end":{"line":40,"column":7}},"4":{"start":{"line":43,"column":2},"end":{"line":43,"column":17}}},"fnMap":{"0":{"name":"(anonymous_0)","decl":{"start":{"line":3,"column":17},"end":{"line":3,"column":18}},"loc":{"start":{"line":3,"column":49},"end":{"line":44,"column":1}},"line":3},"1":{"name":"(anonymous_1)","decl":{"start":{"line":35,"column":22},"end":{"line":35,"column":23}},"loc":{"start":{"line":35,"column":40},"end":{"line":41,"column":3}},"line":35}},"branchMap":{},"s":{"0":1,"1":1,"2":1,"3":1,"4":1},"f":{"0":1,"1":1},"b":{},"inputSourceMap":{"version":3,"sources":["messageContent.js"],"names":["module","exports","sequelize","DataTypes","Content","define","id","allowNull","primaryKey","type","UUID","defaultValue","UUIDV4","senderEmail","args","msg","STRING","receiverEmail","subject","body","attatchments","associate","models","hasMany","Message","foreignKey","target","onDelete"],"mappings":";;AAAAA,MAAM,CAACC,OAAP,GAAiB,UAACC,SAAD,EAAYC,SAAZ,EAA0B;AACzC,MAAMC,OAAO,GAAGF,SAAS,CAACG,MAAV,CAAiB,SAAjB,EAA4B;AAC1CC,IAAAA,EAAE,EAAE;AACFC,MAAAA,SAAS,EAAE,KADT;AAEFC,MAAAA,UAAU,EAAE,IAFV;AAGFC,MAAAA,IAAI,EAAEN,SAAS,CAACO,IAHd;AAIFC,MAAAA,YAAY,EAAER,SAAS,CAACS;AAJtB,KADsC;AAO1CC,IAAAA,WAAW,EAAE;AACXN,MAAAA,SAAS,EAAE;AACTO,QAAAA,IAAI,EAAE,KADG;AAETC,QAAAA,GAAG,EAAE;AAFI,OADA;AAKXN,MAAAA,IAAI,EAAEN,SAAS,CAACa;AALL,KAP6B;AAc1CC,IAAAA,aAAa,EAAE;AACbV,MAAAA,SAAS,EAAE,IADE;AAEbE,MAAAA,IAAI,EAAEN,SAAS,CAACa;AAFH,KAd2B;AAkB1CE,IAAAA,OAAO,EAAE;AACPT,MAAAA,IAAI,EAAEN,SAAS,CAACa,MADT;AAEPT,MAAAA,SAAS,EAAE;AAFJ,KAlBiC;AAsB1CY,IAAAA,IAAI,EAAE;AACJV,MAAAA,IAAI,EAAEN,SAAS,CAACa,MAAV,CAAiB,OAAjB,CADF;AAEJT,MAAAA,SAAS,EAAE;AAFP,KAtBoC;AA0B1Ca,IAAAA,YAAY,EAAE;AACZX,MAAAA,IAAI,EAAEN,SAAS,CAACa;AADJ;AA1B4B,GAA5B,CAAhB;;AA8BAZ,EAAAA,OAAO,CAACiB,SAAR,GAAoB,UAACC,MAAD,EAAY;AAC9BlB,IAAAA,OAAO,CAACmB,OAAR,CAAgBD,MAAM,CAACE,OAAvB,EAAgC;AAC9BC,MAAAA,UAAU,EAAE,WADkB;AAE9BC,MAAAA,MAAM,EAAE,IAFsB;AAG9BC,MAAAA,QAAQ,EAAE;AAHoB,KAAhC;AAKD,GAND;;AAOA,SAAOvB,OAAP;AACD,CAvCD","sourceRoot":"C:\\Users\\UBA PLC\\Desktop\\new-projects\\Epic-Mail\\src\\models\\","sourcesContent":["module.exports = (sequelize, DataTypes) => {\n  const Content = sequelize.define('Content', {\n    id: {\n      allowNull: false,\n      primaryKey: true,\n      type: DataTypes.UUID,\n      defaultValue: DataTypes.UUIDV4,\n    },\n    senderEmail: {\n      allowNull: {\n        args: false,\n        msg: 'Please provide a valid email',\n      },\n      type: DataTypes.STRING,\n    },\n    receiverEmail: {\n      allowNull: true,\n      type: DataTypes.STRING,\n    },\n    subject: {\n      type: DataTypes.STRING,\n      allowNull: true,\n    },\n    body: {\n      type: DataTypes.STRING(1000000),\n      allowNull: false,\n    },\n    attatchments: {\n      type: DataTypes.STRING,\n    },\n  });\n  Content.associate = (models) => {\n    Content.hasMany(models.Message, {\n      foreignKey: 'contentId',\n      target: 'id',\n      onDelete: 'CASCADE',\n    });\n  };\n  return Content;\n};\n"]},"_coverageSchema":"1a1c01bbd47fc00a2c39e90264f33305004495a9","hash":"9b74ee412ac7f6fd417f6aed25a3acd9491c8804","contentHash":"5e1945327fa516061b6d852dc449ada976d3566c50f74d838a3efc31ca74f2fd"},"C:\\Users\\UBA PLC\\Desktop\\new-projects\\Epic-Mail\\src\\models\\user.js":{"path":"C:\\Users\\UBA PLC\\Desktop\\new-projects\\Epic-Mail\\src\\models\\user.js","statementMap":{"0":{"start":{"line":3,"column":29},"end":{"line":3,"column":84}},"1":{"start":{"line":5,"column":14},"end":{"line":5,"column":55}},"2":{"start":{"line":7,"column":0},"end":{"line":118,"column":2}},"3":{"start":{"line":8,"column":13},"end":{"line":78,"column":4}},"4":{"start":{"line":86,"column":2},"end":{"line":88,"column":4}},"5":{"start":{"line":87,"column":4},"end":{"line":87,"column":67}},"6":{"start":{"line":97,"column":2},"end":{"line":99,"column":4}},"7":{"start":{"line":98,"column":4},"end":{"line":98,"column":84}},"8":{"start":{"line":101,"column":2},"end":{"line":103,"column":5}},"9":{"start":{"line":102,"column":4},"end":{"line":102,"column":56}},"10":{"start":{"line":105,"column":2},"end":{"line":115,"column":4}},"11":{"start":{"line":106,"column":4},"end":{"line":110,"column":7}},"12":{"start":{"line":111,"column":4},"end":{"line":114,"column":7}},"13":{"start":{"line":117,"column":2},"end":{"line":117,"column":14}}},"fnMap":{"0":{"name":"(anonymous_0)","decl":{"start":{"line":7,"column":17},"end":{"line":7,"column":18}},"loc":{"start":{"line":7,"column":49},"end":{"line":118,"column":1}},"line":7},"1":{"name":"(anonymous_1)","decl":{"start":{"line":86,"column":35},"end":{"line":86,"column":36}},"loc":{"start":{"line":86,"column":61},"end":{"line":88,"column":3}},"line":86},"2":{"name":"(anonymous_2)","decl":{"start":{"line":97,"column":35},"end":{"line":97,"column":36}},"loc":{"start":{"line":97,"column":55},"end":{"line":99,"column":3}},"line":97},"3":{"name":"(anonymous_3)","decl":{"start":{"line":101,"column":20},"end":{"line":101,"column":21}},"loc":{"start":{"line":101,"column":36},"end":{"line":103,"column":3}},"line":101},"4":{"name":"(anonymous_4)","decl":{"start":{"line":105,"column":19},"end":{"line":105,"column":20}},"loc":{"start":{"line":105,"column":37},"end":{"line":115,"column":3}},"line":105}},"branchMap":{},"s":{"0":1,"1":1,"2":1,"3":1,"4":1,"5":4,"6":1,"7":4,"8":1,"9":4,"10":1,"11":1,"12":1,"13":1},"f":{"0":1,"1":4,"2":4,"3":4,"4":1},"b":{},"inputSourceMap":{"version":3,"sources":["user.js"],"names":["module","exports","sequelize","DataTypes","User","define","id","allowNull","primaryKey","type","UUID","defaultValue","UUIDV4","firstName","STRING","args","msg","lastName","userName","mobileNumber","email","unique","password","sex","isAdmin","BOOLEAN","dateOfBirth","DATE","timestamps","scopes","withoutPassword","attributes","exclude","prototype","comparePassword","user","bcrypt","compareSync","encryptPassword","hashSync","genSaltSync","beforeCreate","associate","models","hasMany","Message","onDelete","foreignKey","target","belongsToMany","Group","through"],"mappings":";;;;AAAA;;AAEAA,MAAM,CAACC,OAAP,GAAiB,UAACC,SAAD,EAAYC,SAAZ,EAA0B;AACzC,MAAMC,IAAI,GAAGF,SAAS,CAACG,MAAV,CAAiB,MAAjB,EAAyB;AACpCC,IAAAA,EAAE,EAAE;AACFC,MAAAA,SAAS,EAAE,KADT;AAEFC,MAAAA,UAAU,EAAE,IAFV;AAGFC,MAAAA,IAAI,EAAEN,SAAS,CAACO,IAHd;AAIFC,MAAAA,YAAY,EAAER,SAAS,CAACS;AAJtB,KADgC;AAOpCC,IAAAA,SAAS,EAAE;AACTJ,MAAAA,IAAI,EAAEN,SAAS,CAACW,MADP;AAETP,MAAAA,SAAS,EAAE;AACTQ,QAAAA,IAAI,EAAE,KADG;AAETC,QAAAA,GAAG,EAAE;AAFI;AAFF,KAPyB;AAcpCC,IAAAA,QAAQ,EAAE;AACRR,MAAAA,IAAI,EAAEN,SAAS,CAACW,MADR;AAERP,MAAAA,SAAS,EAAE;AACTQ,QAAAA,IAAI,EAAE,KADG;AAETC,QAAAA,GAAG,EAAE;AAFI;AAFH,KAd0B;AAqBpCE,IAAAA,QAAQ,EAAE;AACRT,MAAAA,IAAI,EAAEN,SAAS,CAACW,MADR;AAERP,MAAAA,SAAS,EAAE;AACTQ,QAAAA,IAAI,EAAE;AADG;AAFH,KArB0B;AA2BpCI,IAAAA,YAAY,EAAE;AACZV,MAAAA,IAAI,EAAEN,SAAS,CAACW,MADJ;AAEZP,MAAAA,SAAS,EAAE;AACTQ,QAAAA,IAAI,EAAE;AADG;AAFC,KA3BsB;AAiCpCK,IAAAA,KAAK,EAAE;AACLb,MAAAA,SAAS,EAAE;AACTQ,QAAAA,IAAI,EAAE,KADG;AAETC,QAAAA,GAAG,EAAE;AAFI,OADN;AAKLP,MAAAA,IAAI,EAAEN,SAAS,CAACW,MALX;AAMLO,MAAAA,MAAM,EAAE;AACNN,QAAAA,IAAI,EAAE,IADA;AAENC,QAAAA,GAAG,EAAE;AAFC;AANH,KAjC6B;AA4CpCM,IAAAA,QAAQ,EAAE;AACRb,MAAAA,IAAI,EAAEN,SAAS,CAACW,MADR;AAERP,MAAAA,SAAS,EAAE;AACTQ,QAAAA,IAAI,EAAE,KADG;AAETC,QAAAA,GAAG,EAAE;AAFI;AAFH,KA5C0B;AAmDpCO,IAAAA,GAAG,EAAE;AACHd,MAAAA,IAAI,EAAEN,SAAS,CAACW;AADb,KAnD+B;AAsDpCU,IAAAA,OAAO,EAAE;AACPf,MAAAA,IAAI,EAAEN,SAAS,CAACsB,OADT;AAEPd,MAAAA,YAAY,EAAE;AAFP,KAtD2B;AA0DpCe,IAAAA,WAAW,EAAE;AACXjB,MAAAA,IAAI,EAAEN,SAAS,CAACwB;AADL;AA1DuB,GAAzB,EA6DV;AACDC,IAAAA,UAAU,EAAE,KADX;AAEDC,IAAAA,MAAM,EAAE;AACNC,MAAAA,eAAe,EAAE;AACfC,QAAAA,UAAU,EAAE;AAAEC,UAAAA,OAAO,EAAE,CAAC,UAAD;AAAX;AADG;AADX;AAFP,GA7DU,CAAb;AAqEA;;;;;;;AAMA5B,EAAAA,IAAI,CAAC6B,SAAL,CAAeC,eAAf,GAAiC,UAACZ,QAAD,EAAWa,IAAX;AAAA,WAAoBC,mBAAOC,WAAP,CAAmBf,QAAnB,EAA6Ba,IAAI,CAACb,QAAlC,CAApB;AAAA,GAAjC;AACA;;;;;;;;AAMAlB,EAAAA,IAAI,CAAC6B,SAAL,CAAeK,eAAf,GAAiC,UAAChB,QAAD;AAAA,WAAcc,mBAAOG,QAAP,CAAgBjB,QAAhB,EAA0Bc,mBAAOI,WAAP,CAAmB,CAAnB,CAA1B,CAAd;AAAA,GAAjC;;AACApC,EAAAA,IAAI,CAACqC,YAAL,CAAkB,UAACN,IAAD,EAAU;AAC1BA,IAAAA,IAAI,CAACb,QAAL,GAAgBa,IAAI,CAACG,eAAL,CAAqBH,IAAI,CAACb,QAA1B,CAAhB;AACD,GAFD;;AAGAlB,EAAAA,IAAI,CAACsC,SAAL,GAAiB,UAACC,MAAD,EAAY;AAC3BvC,IAAAA,IAAI,CAACwC,OAAL,CAAaD,MAAM,CAACE,OAApB,EAA6B;AAC3BC,MAAAA,QAAQ,EAAE,SADiB;AAE3BC,MAAAA,UAAU,EAAE,QAFe;AAG3BC,MAAAA,MAAM,EAAE;AAHmB,KAA7B;AAKA5C,IAAAA,IAAI,CAAC6C,aAAL,CAAmBN,MAAM,CAACO,KAA1B,EAAiC;AAC/BJ,MAAAA,QAAQ,EAAE,SADqB;AAE/BK,MAAAA,OAAO,EAAE;AAFsB,KAAjC;AAID,GAVD;;AAWA,SAAO/C,IAAP;AACD,CAnGD","sourceRoot":"C:\\Users\\UBA PLC\\Desktop\\new-projects\\Epic-Mail\\src\\models\\","sourcesContent":["import bcrypt from 'bcrypt';\n\nmodule.exports = (sequelize, DataTypes) => {\n  const User = sequelize.define('User', {\n    id: {\n      allowNull: false,\n      primaryKey: true,\n      type: DataTypes.UUID,\n      defaultValue: DataTypes.UUIDV4,\n    },\n    firstName: {\n      type: DataTypes.STRING,\n      allowNull: {\n        args: false,\n        msg: 'Please enter your firstname',\n      },\n    },\n    lastName: {\n      type: DataTypes.STRING,\n      allowNull: {\n        args: false,\n        msg: 'Please enter your lastname',\n      },\n    },\n    userName: {\n      type: DataTypes.STRING,\n      allowNull: {\n        args: true,\n      },\n    },\n    mobileNumber: {\n      type: DataTypes.STRING,\n      allowNull: {\n        args: true,\n      },\n    },\n    email: {\n      allowNull: {\n        args: false,\n        msg: 'Please provide a valid email',\n      },\n      type: DataTypes.STRING,\n      unique: {\n        args: true,\n        msg: 'Email already exists',\n      },\n    },\n    password: {\n      type: DataTypes.STRING,\n      allowNull: {\n        args: false,\n        msg: 'Please provide a password',\n      },\n    },\n    sex: {\n      type: DataTypes.STRING,\n    },\n    isAdmin: {\n      type: DataTypes.BOOLEAN,\n      defaultValue: false,\n    },\n    dateOfBirth: {\n      type: DataTypes.DATE,\n    },\n  }, {\n    timestamps: false,\n    scopes: {\n      withoutPassword: {\n        attributes: { exclude: ['password'] },\n      },\n    },\n  });\n  /**\n   * compares if the passed arguments are equal\n   * @param {string} password\n   * @param {object} user\n   * @returns {boolean} true or false\n   */\n  User.prototype.comparePassword = (password, user) => bcrypt.compareSync(password, user.password);\n  /**\n   * encrypt a user's password\n   * @param {string} password\n   * @returns {string} hashed password\n   *\n   */\n  User.prototype.encryptPassword = (password) => bcrypt.hashSync(password, bcrypt.genSaltSync(6));\n  User.beforeCreate((user) => {\n    user.password = user.encryptPassword(user.password);\n  });\n  User.associate = (models) => {\n    User.hasMany(models.Message, {\n      onDelete: 'CASCADE',\n      foreignKey: 'userId',\n      target: 'id',\n    });\n    User.belongsToMany(models.Group, {\n      onDelete: 'CASCADE',\n      through: 'GroupMembers',\n    });\n  };\n  return User;\n};\n"]},"_coverageSchema":"1a1c01bbd47fc00a2c39e90264f33305004495a9","hash":"1a420d23b069540342e4814e4edfdeea726f0ab8","contentHash":"2fc170933b2d36f5d56b00b013fde92e78ce118e3423b59f81744070106cf80e"},"C:\\Users\\UBA PLC\\Desktop\\new-projects\\Epic-Mail\\src\\index.js":{"path":"C:\\Users\\UBA PLC\\Desktop\\new-projects\\Epic-Mail\\src\\index.js","statementMap":{"0":{"start":{"line":3,"column":29},"end":{"line":3,"column":84}},"1":{"start":{"line":5,"column":0},"end":{"line":7,"column":3}},"2":{"start":{"line":8,"column":0},"end":{"line":8,"column":28}},"3":{"start":{"line":10,"column":15},"end":{"line":10,"column":57}},"4":{"start":{"line":12,"column":18},"end":{"line":12,"column":64}},"5":{"start":{"line":14,"column":14},"end":{"line":14,"column":57}},"6":{"start":{"line":16,"column":10},"end":{"line":16,"column":36}},"7":{"start":{"line":17,"column":0},"end":{"line":17,"column":39}},"8":{"start":{"line":18,"column":0},"end":{"line":20,"column":4}},"9":{"start":{"line":21,"column":0},"end":{"line":21,"column":28}},"10":{"start":{"line":22,"column":11},"end":{"line":22,"column":35}},"11":{"start":{"line":24,"column":0},"end":{"line":28,"column":3}},"12":{"start":{"line":25,"column":2},"end":{"line":27,"column":5}},"13":{"start":{"line":29,"column":0},"end":{"line":31,"column":3}},"14":{"start":{"line":30,"column":2},"end":{"line":30,"column":57}},"15":{"start":{"line":32,"column":15},"end":{"line":32,"column":18}},"16":{"start":{"line":33,"column":0},"end":{"line":33,"column":30}}},"fnMap":{"0":{"name":"(anonymous_0)","decl":{"start":{"line":24,"column":13},"end":{"line":24,"column":14}},"loc":{"start":{"line":24,"column":33},"end":{"line":28,"column":1}},"line":24},"1":{"name":"(anonymous_1)","decl":{"start":{"line":29,"column":17},"end":{"line":29,"column":18}},"loc":{"start":{"line":29,"column":29},"end":{"line":31,"column":1}},"line":29}},"branchMap":{"0":{"loc":{"start":{"line":22,"column":11},"end":{"line":22,"column":35}},"type":"binary-expr","locations":[{"start":{"line":22,"column":11},"end":{"line":22,"column":27}},{"start":{"line":22,"column":31},"end":{"line":22,"column":35}}],"line":22}},"s":{"0":1,"1":1,"2":1,"3":1,"4":1,"5":1,"6":1,"7":1,"8":1,"9":1,"10":1,"11":1,"12":0,"13":1,"14":1,"15":1,"16":1},"f":{"0":0,"1":1},"b":{"0":[1,1]},"inputSourceMap":{"version":3,"sources":["index.js"],"names":["app","use","bodyParser","json","urlencoded","extended","routes","port","process","env","PORT","get","req","res","status","send","message","listen","console","log"],"mappings":";;;;;;;;;AAAA;;AACA;;AACA;;AAEA,IAAMA,GAAG,GAAG,0BAAZ;AACAA,GAAG,CAACC,GAAJ,CAAQC,uBAAWC,IAAX,EAAR;AACAH,GAAG,CAACC,GAAJ,CAAQC,uBAAWE,UAAX,CAAsB;AAAEC,EAAAA,QAAQ,EAAE;AAAZ,CAAtB,CAAR;AACAL,GAAG,CAACC,GAAJ,CAAQK,kBAAR;AACA,IAAMC,IAAI,GAAGC,OAAO,CAACC,GAAR,CAAYC,IAAZ,IAAoB,IAAjC,C,CACA;;AACAV,GAAG,CAACW,GAAJ,CAAQ,GAAR,EAAa,UAACC,GAAD,EAAMC,GAAN;AAAA,SAAcA,GAAG,CAACC,MAAJ,CAAW,GAAX,EAAgBC,IAAhB,CAAqB;AAC9CC,IAAAA,OAAO,EAAE;AADqC,GAArB,CAAd;AAAA,CAAb;AAGAhB,GAAG,CAACiB,MAAJ,CAAWV,IAAX,EAAiB,YAAM;AACrBW,EAAAA,OAAO,CAACC,GAAR,qCAAyCZ,IAAzC;AACD,CAFD;eAGeP,G","sourceRoot":"C:\\Users\\UBA PLC\\Desktop\\new-projects\\Epic-Mail\\src\\","sourcesContent":["import express from 'express';\r\nimport bodyParser from 'body-parser';\r\nimport routes from './routes';\r\n\r\nconst app = express();\r\napp.use(bodyParser.json());\r\napp.use(bodyParser.urlencoded({ extended: false }));\r\napp.use(routes);\r\nconst port = process.env.PORT || 8000;\r\n// when a random route is inputed\r\napp.get('*', (req, res) => res.status(200).send({\r\n  message: 'Welcome to this API.',\r\n}));\r\napp.listen(port, () => {\r\n  console.log(`Server is running on PORT ${port}`);\r\n});\r\nexport default app;\r\n"]},"_coverageSchema":"1a1c01bbd47fc00a2c39e90264f33305004495a9","hash":"9bce0f5b821b41e9f59fa3881c70126ec74392c4","contentHash":"19b2578a88462b6376bdcb83503300523a69ef80e37ac4408b3fd0a26553f157"},"C:\\Users\\UBA PLC\\Desktop\\new-projects\\Epic-Mail\\src\\routes\\index.js":{"path":"C:\\Users\\UBA PLC\\Desktop\\new-projects\\Epic-Mail\\src\\routes\\index.js","statementMap":{"0":{"start":{"line":3,"column":29},"end":{"line":3,"column":84}},"1":{"start":{"line":5,"column":0},"end":{"line":7,"column":3}},"2":{"start":{"line":8,"column":0},"end":{"line":8,"column":28}},"3":{"start":{"line":10,"column":15},"end":{"line":10,"column":57}},"4":{"start":{"line":12,"column":9},"end":{"line":12,"column":48}},"5":{"start":{"line":14,"column":13},"end":{"line":14,"column":41}},"6":{"start":{"line":16,"column":0},"end":{"line":16,"column":34}},"7":{"start":{"line":17,"column":15},"end":{"line":17,"column":21}},"8":{"start":{"line":18,"column":0},"end":{"line":18,"column":30}}},"fnMap":{},"branchMap":{},"s":{"0":1,"1":1,"2":1,"3":1,"4":1,"5":1,"6":1,"7":1,"8":1},"f":{},"b":{},"inputSourceMap":{"version":3,"sources":["index.js"],"names":["router","express","Router","use","api"],"mappings":";;;;;;;;;AAAA;;AACA;;AAEA,IAAMA,MAAM,GAAGC,oBAAQC,MAAR,EAAf;;AAEAF,MAAM,CAACG,GAAP,CAAW,MAAX,EAAmBC,aAAnB;eAEeJ,M","sourceRoot":"C:\\Users\\UBA PLC\\Desktop\\new-projects\\Epic-Mail\\src\\routes\\","sourcesContent":["import express from 'express';\r\nimport api from './v1';\r\n\r\nconst router = express.Router();\r\n\r\nrouter.use('/api', api);\r\n\r\nexport default router;\r\n"]},"_coverageSchema":"1a1c01bbd47fc00a2c39e90264f33305004495a9","hash":"984002384c24b7bf6e2b0de502d072cc7c95c39a","contentHash":"375ce426cd1561b1f130b32478aa8d9c26e244923bc369fc9a3da1beba66d51b"},"C:\\Users\\UBA PLC\\Desktop\\new-projects\\Epic-Mail\\src\\routes\\v1.js":{"path":"C:\\Users\\UBA PLC\\Desktop\\new-projects\\Epic-Mail\\src\\routes\\v1.js","statementMap":{"0":{"start":{"line":3,"column":29},"end":{"line":3,"column":84}},"1":{"start":{"line":5,"column":0},"end":{"line":7,"column":3}},"2":{"start":{"line":8,"column":0},"end":{"line":8,"column":28}},"3":{"start":{"line":10,"column":15},"end":{"line":10,"column":57}},"4":{"start":{"line":12,"column":17},"end":{"line":12,"column":67}},"5":{"start":{"line":14,"column":18},"end":{"line":14,"column":69}},"6":{"start":{"line":16,"column":20},"end":{"line":16,"column":73}},"7":{"start":{"line":18,"column":24},"end":{"line":18,"column":81}},"8":{"start":{"line":20,"column":13},"end":{"line":20,"column":41}},"9":{"start":{"line":22,"column":0},"end":{"line":22,"column":41}},"10":{"start":{"line":23,"column":0},"end":{"line":23,"column":44}},"11":{"start":{"line":24,"column":0},"end":{"line":24,"column":42}},"12":{"start":{"line":25,"column":0},"end":{"line":25,"column":48}},"13":{"start":{"line":26,"column":15},"end":{"line":26,"column":21}},"14":{"start":{"line":27,"column":0},"end":{"line":27,"column":30}}},"fnMap":{},"branchMap":{},"s":{"0":1,"1":1,"2":1,"3":1,"4":1,"5":1,"6":1,"7":1,"8":1,"9":1,"10":1,"11":1,"12":1,"13":1,"14":1},"f":{},"b":{},"inputSourceMap":{"version":3,"sources":["v1.js"],"names":["router","express","Router","use","usersRoute","messageRoute","groupRoute","groupMemberRoute"],"mappings":";;;;;;;;;AAAA;;AACA;;AACA;;AACA;;AACA;;AAEA,IAAMA,MAAM,GAAGC,oBAAQC,MAAR,EAAf;;AACAF,MAAM,CAACG,GAAP,CAAW,KAAX,EAAkBC,qBAAlB;AACAJ,MAAM,CAACG,GAAP,CAAW,KAAX,EAAkBE,wBAAlB;AACAL,MAAM,CAACG,GAAP,CAAW,KAAX,EAAkBG,sBAAlB;AACAN,MAAM,CAACG,GAAP,CAAW,KAAX,EAAkBI,4BAAlB;eAEeP,M","sourceRoot":"C:\\Users\\UBA PLC\\Desktop\\new-projects\\Epic-Mail\\src\\routes\\","sourcesContent":["import express from 'express';\r\nimport usersRoute from './api/userRoute';\r\nimport groupRoute from './api/groupRoute';\r\nimport messageRoute from './api/messageRoute';\r\nimport groupMemberRoute from './api/groupMemberRoute';\r\n\r\nconst router = express.Router();\r\nrouter.use('/v1', usersRoute);\r\nrouter.use('/v1', messageRoute);\r\nrouter.use('/v1', groupRoute);\r\nrouter.use('/v1', groupMemberRoute);\r\n\r\nexport default router;\r\n"]},"_coverageSchema":"1a1c01bbd47fc00a2c39e90264f33305004495a9","hash":"7ff047f5bde7c5a8bbc706b75fdfc875606ccee1","contentHash":"96bab1b7162361f0045b50b70ac762be3852c4d4d4276986f5955f3252794e98"},"C:\\Users\\UBA PLC\\Desktop\\new-projects\\Epic-Mail\\src\\routes\\api\\userRoute.js":{"path":"C:\\Users\\UBA PLC\\Desktop\\new-projects\\Epic-Mail\\src\\routes\\api\\userRoute.js","statementMap":{"0":{"start":{"line":3,"column":29},"end":{"line":3,"column":84}},"1":{"start":{"line":5,"column":0},"end":{"line":7,"column":3}},"2":{"start":{"line":8,"column":0},"end":{"line":8,"column":28}},"3":{"start":{"line":10,"column":15},"end":{"line":10,"column":33}},"4":{"start":{"line":12,"column":22},"end":{"line":12,"column":89}},"5":{"start":{"line":14,"column":23},"end":{"line":14,"column":102}},"6":{"start":{"line":16,"column":23},"end":{"line":16,"column":102}},"7":{"start":{"line":18,"column":13},"end":{"line":18,"column":35}},"8":{"start":{"line":19,"column":0},"end":{"line":19,"column":98}},"9":{"start":{"line":20,"column":0},"end":{"line":20,"column":91}},"10":{"start":{"line":21,"column":15},"end":{"line":21,"column":21}},"11":{"start":{"line":22,"column":0},"end":{"line":22,"column":30}}},"fnMap":{},"branchMap":{},"s":{"0":1,"1":1,"2":1,"3":1,"4":1,"5":1,"6":1,"7":1,"8":1,"9":1,"10":1,"11":1},"f":{},"b":{},"inputSourceMap":{"version":3,"sources":["userRoute.js"],"names":["router","post","signUpValidation","UserController","registerUser","signInValidation","login"],"mappings":";;;;;;;;;AAAA;;AACA;;AACA;;AACA;;AAEA,IAAMA,MAAM,GAAG,sBAAf;AAEAA,MAAM,CAACC,IAAP,CAAY,cAAZ,EAA4BC,2BAA5B,EAA8CC,2BAAeC,YAA7D;AACAJ,MAAM,CAACC,IAAP,CAAY,cAAZ,EAA4BI,2BAA5B,EAA8CF,2BAAeG,KAA7D;eACeN,M","sourceRoot":"C:\\Users\\UBA PLC\\Desktop\\new-projects\\Epic-Mail\\src\\routes\\api\\","sourcesContent":["import { Router } from 'express';\r\nimport UserController from '../../controllers/UserController';\r\nimport signUpValidation from '../../middleware/validations/signupvalidator';\r\nimport signInValidation from '../../middleware/validations/signinValidator';\r\n\r\nconst router = Router();\r\n\r\nrouter.post('/auth/signup', signUpValidation, UserController.registerUser);\r\nrouter.post('/auth/signin', signInValidation, UserController.login);\r\nexport default router;\r\n"]},"_coverageSchema":"1a1c01bbd47fc00a2c39e90264f33305004495a9","hash":"bf2c651360d80c72415d78ab9d15027b73b2a4cd","contentHash":"3d9c4ee578a32f7a9870e9946cd5ed92327489e7bb5742d5165f85446603fd4c"},"C:\\Users\\UBA PLC\\Desktop\\new-projects\\Epic-Mail\\src\\controllers\\UserController.js":{"path":"C:\\Users\\UBA PLC\\Desktop\\new-projects\\Epic-Mail\\src\\controllers\\UserController.js","statementMap":{"0":{"start":{"line":3,"column":29},"end":{"line":3,"column":84}},"1":{"start":{"line":5,"column":0},"end":{"line":7,"column":3}},"2":{"start":{"line":8,"column":0},"end":{"line":8,"column":28}},"3":{"start":{"line":10,"column":19},"end":{"line":10,"column":80}},"4":{"start":{"line":12,"column":22},"end":{"line":12,"column":93}},"5":{"start":{"line":14,"column":25},"end":{"line":14,"column":99}},"6":{"start":{"line":16,"column":23},"end":{"line":16,"column":95}},"7":{"start":{"line":18,"column":20},"end":{"line":18,"column":89}},"8":{"start":{"line":20,"column":16},"end":{"line":20,"column":68}},"9":{"start":{"line":22,"column":16},"end":{"line":22,"column":38}},"10":{"start":{"line":24,"column":20},"end":{"line":24,"column":86}},"11":{"start":{"line":26,"column":15},"end":{"line":26,"column":41}},"12":{"start":{"line":28,"column":34},"end":{"line":167,"column":3}},"13":{"start":{"line":30,"column":4},"end":{"line":30,"column":59}},"14":{"start":{"line":33,"column":2},"end":{"line":165,"column":6}},"15":{"start":{"line":41,"column":26},"end":{"line":93,"column":9}},"16":{"start":{"line":44,"column":8},"end":{"line":92,"column":37}},"17":{"start":{"line":45,"column":10},"end":{"line":91,"column":11}},"18":{"start":{"line":46,"column":12},"end":{"line":90,"column":13}},"19":{"start":{"line":48,"column":16},"end":{"line":48,"column":34}},"20":{"start":{"line":49,"column":16},"end":{"line":49,"column":34}},"21":{"start":{"line":50,"column":16},"end":{"line":50,"column":78}},"22":{"start":{"line":53,"column":16},"end":{"line":53,"column":54}},"23":{"start":{"line":54,"column":16},"end":{"line":54,"column":99}},"24":{"start":{"line":55,"column":16},"end":{"line":55,"column":49}},"25":{"start":{"line":56,"column":16},"end":{"line":56,"column":52}},"26":{"start":{"line":57,"column":16},"end":{"line":57,"column":103}},"27":{"start":{"line":58,"column":16},"end":{"line":58,"column":79}},"28":{"start":{"line":60,"column":16},"end":{"line":63,"column":17}},"29":{"start":{"line":61,"column":18},"end":{"line":61,"column":37}},"30":{"start":{"line":62,"column":18},"end":{"line":62,"column":24}},"31":{"start":{"line":65,"column":16},"end":{"line":73,"column":18}},"32":{"start":{"line":74,"column":16},"end":{"line":74,"column":76}},"33":{"start":{"line":75,"column":16},"end":{"line":75,"column":69}},"34":{"start":{"line":78,"column":16},"end":{"line":78,"column":61}},"35":{"start":{"line":79,"column":16},"end":{"line":79,"column":69}},"36":{"start":{"line":82,"column":16},"end":{"line":82,"column":35}},"37":{"start":{"line":83,"column":16},"end":{"line":83,"column":51}},"38":{"start":{"line":84,"column":16},"end":{"line":84,"column":60}},"39":{"start":{"line":85,"column":16},"end":{"line":85,"column":69}},"40":{"start":{"line":89,"column":16},"end":{"line":89,"column":39}},"41":{"start":{"line":96,"column":8},"end":{"line":96,"column":52}},"42":{"start":{"line":99,"column":6},"end":{"line":99,"column":26}},"43":{"start":{"line":109,"column":19},"end":{"line":157,"column":9}},"44":{"start":{"line":112,"column":8},"end":{"line":156,"column":21}},"45":{"start":{"line":113,"column":10},"end":{"line":155,"column":11}},"46":{"start":{"line":114,"column":12},"end":{"line":154,"column":13}},"47":{"start":{"line":116,"column":16},"end":{"line":116,"column":93}},"48":{"start":{"line":117,"column":16},"end":{"line":117,"column":35}},"49":{"start":{"line":118,"column":16},"end":{"line":118,"column":61}},"50":{"start":{"line":121,"column":16},"end":{"line":121,"column":38}},"51":{"start":{"line":122,"column":16},"end":{"line":122,"column":34}},"52":{"start":{"line":124,"column":16},"end":{"line":127,"column":17}},"53":{"start":{"line":125,"column":18},"end":{"line":125,"column":37}},"54":{"start":{"line":126,"column":18},"end":{"line":126,"column":24}},"55":{"start":{"line":129,"column":16},"end":{"line":129,"column":47}},"56":{"start":{"line":130,"column":16},"end":{"line":130,"column":62}},"57":{"start":{"line":131,"column":16},"end":{"line":131,"column":70}},"58":{"start":{"line":134,"column":16},"end":{"line":137,"column":17}},"59":{"start":{"line":135,"column":18},"end":{"line":135,"column":38}},"60":{"start":{"line":136,"column":18},"end":{"line":136,"column":24}},"61":{"start":{"line":139,"column":16},"end":{"line":139,"column":84}},"62":{"start":{"line":140,"column":16},"end":{"line":143,"column":18}},"63":{"start":{"line":144,"column":16},"end":{"line":144,"column":67}},"64":{"start":{"line":145,"column":16},"end":{"line":145,"column":70}},"65":{"start":{"line":148,"column":16},"end":{"line":148,"column":62}},"66":{"start":{"line":149,"column":16},"end":{"line":149,"column":70}},"67":{"start":{"line":153,"column":16},"end":{"line":153,"column":40}},"68":{"start":{"line":160,"column":8},"end":{"line":160,"column":45}},"69":{"start":{"line":163,"column":6},"end":{"line":163,"column":19}},"70":{"start":{"line":166,"column":2},"end":{"line":166,"column":24}},"71":{"start":{"line":169,"column":15},"end":{"line":169,"column":29}},"72":{"start":{"line":170,"column":0},"end":{"line":170,"column":30}}},"fnMap":{"0":{"name":"(anonymous_0)","decl":{"start":{"line":28,"column":34},"end":{"line":28,"column":35}},"loc":{"start":{"line":28,"column":46},"end":{"line":167,"column":1}},"line":28},"1":{"name":"UserController","decl":{"start":{"line":29,"column":11},"end":{"line":29,"column":25}},"loc":{"start":{"line":29,"column":28},"end":{"line":31,"column":3}},"line":29},"2":{"name":"(anonymous_2)","decl":{"start":{"line":40,"column":11},"end":{"line":40,"column":12}},"loc":{"start":{"line":40,"column":23},"end":{"line":100,"column":5}},"line":40},"3":{"name":"_callee","decl":{"start":{"line":41,"column":113},"end":{"line":41,"column":120}},"loc":{"start":{"line":41,"column":131},"end":{"line":93,"column":7}},"line":41},"4":{"name":"_callee$","decl":{"start":{"line":44,"column":53},"end":{"line":44,"column":61}},"loc":{"start":{"line":44,"column":72},"end":{"line":92,"column":9}},"line":44},"5":{"name":"registerUser","decl":{"start":{"line":95,"column":15},"end":{"line":95,"column":27}},"loc":{"start":{"line":95,"column":37},"end":{"line":97,"column":7}},"line":95},"6":{"name":"(anonymous_6)","decl":{"start":{"line":108,"column":11},"end":{"line":108,"column":12}},"loc":{"start":{"line":108,"column":23},"end":{"line":164,"column":5}},"line":108},"7":{"name":"_callee2","decl":{"start":{"line":109,"column":106},"end":{"line":109,"column":114}},"loc":{"start":{"line":109,"column":125},"end":{"line":157,"column":7}},"line":109},"8":{"name":"_callee2$","decl":{"start":{"line":112,"column":53},"end":{"line":112,"column":62}},"loc":{"start":{"line":112,"column":74},"end":{"line":156,"column":9}},"line":112},"9":{"name":"login","decl":{"start":{"line":159,"column":15},"end":{"line":159,"column":20}},"loc":{"start":{"line":159,"column":31},"end":{"line":161,"column":7}},"line":159}},"branchMap":{"0":{"loc":{"start":{"line":46,"column":12},"end":{"line":90,"column":13}},"type":"switch","locations":[{"start":{"line":47,"column":14},"end":{"line":50,"column":78}},{"start":{"line":52,"column":14},"end":{"line":75,"column":69}},{"start":{"line":77,"column":14},"end":{"line":79,"column":69}},{"start":{"line":81,"column":14},"end":{"line":85,"column":69}},{"start":{"line":87,"column":14},"end":{"line":87,"column":22}},{"start":{"line":88,"column":14},"end":{"line":89,"column":39}}],"line":46},"1":{"loc":{"start":{"line":60,"column":16},"end":{"line":63,"column":17}},"type":"if","locations":[{"start":{"line":60,"column":16},"end":{"line":63,"column":17}},{"start":{"line":60,"column":16},"end":{"line":63,"column":17}}],"line":60},"2":{"loc":{"start":{"line":114,"column":12},"end":{"line":154,"column":13}},"type":"switch","locations":[{"start":{"line":115,"column":14},"end":{"line":118,"column":61}},{"start":{"line":120,"column":14},"end":{"line":131,"column":70}},{"start":{"line":133,"column":14},"end":{"line":145,"column":70}},{"start":{"line":147,"column":14},"end":{"line":149,"column":70}},{"start":{"line":151,"column":14},"end":{"line":151,"column":22}},{"start":{"line":152,"column":14},"end":{"line":153,"column":40}}],"line":114},"3":{"loc":{"start":{"line":124,"column":16},"end":{"line":127,"column":17}},"type":"if","locations":[{"start":{"line":124,"column":16},"end":{"line":127,"column":17}},{"start":{"line":124,"column":16},"end":{"line":127,"column":17}}],"line":124},"4":{"loc":{"start":{"line":134,"column":16},"end":{"line":137,"column":17}},"type":"if","locations":[{"start":{"line":134,"column":16},"end":{"line":137,"column":17}},{"start":{"line":134,"column":16},"end":{"line":137,"column":17}}],"line":134}},"s":{"0":1,"1":1,"2":1,"3":1,"4":1,"5":1,"6":1,"7":1,"8":1,"9":1,"10":1,"11":1,"12":1,"13":0,"14":1,"15":1,"16":6,"17":18,"18":19,"19":6,"20":6,"21":6,"22":5,"23":5,"24":5,"25":5,"26":5,"27":5,"28":5,"29":1,"30":1,"31":4,"32":4,"33":4,"34":1,"35":1,"36":1,"37":1,"38":1,"39":1,"40":6,"41":6,"42":1,"43":1,"44":5,"45":15,"46":20,"47":5,"48":5,"49":5,"50":5,"51":5,"52":5,"53":4,"54":4,"55":1,"56":1,"57":1,"58":4,"59":1,"60":1,"61":3,"62":3,"63":3,"64":3,"65":1,"66":1,"67":5,"68":5,"69":1,"70":1,"71":1,"72":1},"f":{"0":1,"1":0,"2":1,"3":6,"4":18,"5":6,"6":1,"7":5,"8":15,"9":5},"b":{"0":[6,5,1,1,0,6],"1":[1,4],"2":[5,5,4,1,0,5],"3":[4,1],"4":[1,3]},"inputSourceMap":{"version":3,"sources":["UserController.js"],"names":["response","Response","UserController","req","res","userService","signup","body","email","user","created","id","firstName","lastName","token","Authenticate","generateToken","data","setSuccess","send","setError","message","password","findUser","console","log","comparePassword"],"mappings":";;;;;;;;;;;;;;;;;;;AAAA;;AACA;;AACA;;AAEA,IAAMA,QAAQ,GAAG,IAAIC,oBAAJ,EAAjB;;IAEMC,c;;;;;;;;AACJ;;;;;yHAI0BC,G,EAAKC,G;;;;;;;;;uBAEGC,sBAAYC,MAAZ,CAAmBH,GAAG,CAACI,IAAvB,EAA6BJ,GAAG,CAACI,IAAJ,CAASC,KAAtC,C;;;;;AAAvBC,gBAAAA,I;AAAMC,gBAAAA,O;AAEXC,gBAAAA,E,GACEF,I,CADFE,E,EAAIC,S,GACFH,I,CADEG,S,EAAWC,Q,GACbJ,I,CADaI,Q,EAAUL,K,GACvBC,I,CADuBD,K;AAErBM,gBAAAA,K,GAAQC,yBAAaC,aAAb,CAA2BL,EAA3B,EAA+BF,IAAI,CAACD,KAApC,C;;qBACVE,O;;;;;AACIO,gBAAAA,I,GAAO;AACXR,kBAAAA,IAAI,EAAE;AACJE,oBAAAA,EAAE,EAAFA,EADI;AAEJC,oBAAAA,SAAS,EAATA,SAFI;AAGJC,oBAAAA,QAAQ,EAARA,QAHI;AAIJL,oBAAAA,KAAK,EAALA;AAJI,mBADK;AAOXM,kBAAAA,KAAK,EAALA;AAPW,iB;AASbd,gBAAAA,QAAQ,CAACkB,UAAT,CAAoB,GAApB,EAAyB,2BAAzB,EAAsDD,IAAtD;iDACOjB,QAAQ,CAACmB,IAAT,CAAcf,GAAd,C;;;AAETJ,gBAAAA,QAAQ,CAACoB,QAAT,CAAkB,GAAlB,EAAuB,oBAAvB;iDACOpB,QAAQ,CAACmB,IAAT,CAAcf,GAAd,C;;;;;AAEPJ,gBAAAA,QAAQ,CAACoB,QAAT,CAAkB,GAAlB,EAAuB,YAAMC,OAA7B;iDACOrB,QAAQ,CAACmB,IAAT,CAAcf,GAAd,C;;;;;;;;;;;;;;;;AAIX;;;;;;;;mHAImBD,G,EAAKC,G;;;;;;;4BAGlBD,GAAG,CAACI,I,EADNC,K,aAAAA,K,EAAOc,Q,aAAAA,Q;;uBAEUjB,sBAAYkB,QAAZ,CAAqBf,KAArB,C;;;AAAbC,gBAAAA,I;AACNe,gBAAAA,OAAO,CAACC,GAAR,CAAYhB,IAAZ;;oBACKA,I;;;;;AACHe,gBAAAA,OAAO,CAACC,GAAR,CAAY,iBAAZ;AACAzB,gBAAAA,QAAQ,CAACoB,QAAT,CAAkB,GAAlB,EAAuB,qBAAvB;kDACOpB,QAAQ,CAACmB,IAAT,CAAcf,GAAd,C;;;qBAELK,IAAI,CAACiB,eAAL,CAAqBJ,QAArB,EAA+Bb,IAA/B,C;;;;;AACIK,gBAAAA,K,GAAQC,yBAAaC,aAAb,CAA2BP,IAAI,CAACE,EAAhC,EAAoCF,IAAI,CAACD,KAAzC,C;AACRS,gBAAAA,I,GAAO;AAAER,kBAAAA,IAAI,EAAJA,IAAF;AAAQK,kBAAAA,KAAK,EAALA;AAAR,iB;AACbd,gBAAAA,QAAQ,CAACkB,UAAT,CAAoB,GAApB,EAAyB,kBAAzB,EAA6CD,IAA7C;kDACOjB,QAAQ,CAACmB,IAAT,CAAcf,GAAd,C;;;AAETJ,gBAAAA,QAAQ,CAACoB,QAAT,CAAkB,GAAlB,EAAuB,qBAAvB;kDACOpB,QAAQ,CAACmB,IAAT,CAAcf,GAAd,C;;;;;;;;;;;;;;;;;;;;eAIIF,c","sourceRoot":"C:\\Users\\UBA PLC\\Desktop\\new-projects\\Epic-Mail\\src\\controllers\\","sourcesContent":["import Response from '../utils/response';\r\nimport { userService } from '../services';\r\nimport Authenticate from '../middleware/auth/Authenticate';\r\n\r\nconst response = new Response();\r\n\r\nclass UserController {\r\n  /**\r\n   * @param  {} req\r\n   * @param  {} res\r\n   */\r\n  static async registerUser(req, res) {\r\n    try {\r\n      const [user, created] = await userService.signup(req.body, req.body.email);\r\n      const {\r\n        id, firstName, lastName, email,\r\n      } = user;\r\n      const token = Authenticate.generateToken(id, user.email);\r\n      if (created) {\r\n        const data = {\r\n          user: {\r\n            id,\r\n            firstName,\r\n            lastName,\r\n            email,\r\n          },\r\n          token,\r\n        };\r\n        response.setSuccess(201, 'User created successfully', data);\r\n        return response.send(res);\r\n      }\r\n      response.setError(409, 'User already exist');\r\n      return response.send(res);\r\n    } catch (error) {\r\n      response.setError(500, error.message);\r\n      return response.send(res);\r\n    }\r\n  }\r\n\r\n  /**\r\n   * @param  {} req\r\n   * @param  {} res\r\n   */\r\n  static async login(req, res) {\r\n    const {\r\n      email, password,\r\n    } = req.body;\r\n    const user = await userService.findUser(email);\r\n    console.log(user);\r\n    if (!user) {\r\n      console.log('noooooooooooooo');\r\n      response.setError(404, 'User does not exist');\r\n      return response.send(res);\r\n    }\r\n    if (user.comparePassword(password, user)) {\r\n      const token = Authenticate.generateToken(user.id, user.email);\r\n      const data = { user, token };\r\n      response.setSuccess(200, 'Login successful', data);\r\n      return response.send(res);\r\n    }\r\n    response.setError(401, 'Invalid credentials');\r\n    return response.send(res);\r\n  }\r\n}\r\n\r\nexport default UserController;\r\n"]},"_coverageSchema":"1a1c01bbd47fc00a2c39e90264f33305004495a9","hash":"af2e960150e58612dcedeb1997d629e1c0542f83","contentHash":"19a84906f002c1fe4d4a14cdce98a492352d9f9dec997b257873b67556b5513c"},"C:\\Users\\UBA PLC\\Desktop\\new-projects\\Epic-Mail\\src\\utils\\response.js":{"path":"C:\\Users\\UBA PLC\\Desktop\\new-projects\\Epic-Mail\\src\\utils\\response.js","statementMap":{"0":{"start":{"line":3,"column":29},"end":{"line":3,"column":84}},"1":{"start":{"line":5,"column":0},"end":{"line":7,"column":3}},"2":{"start":{"line":8,"column":0},"end":{"line":8,"column":28}},"3":{"start":{"line":10,"column":23},"end":{"line":10,"column":95}},"4":{"start":{"line":12,"column":20},"end":{"line":12,"column":89}},"5":{"start":{"line":14,"column":28},"end":{"line":59,"column":3}},"6":{"start":{"line":16,"column":4},"end":{"line":16,"column":53}},"7":{"start":{"line":17,"column":4},"end":{"line":17,"column":27}},"8":{"start":{"line":18,"column":4},"end":{"line":18,"column":21}},"9":{"start":{"line":19,"column":4},"end":{"line":19,"column":21}},"10":{"start":{"line":20,"column":4},"end":{"line":20,"column":24}},"11":{"start":{"line":23,"column":2},"end":{"line":57,"column":6}},"12":{"start":{"line":26,"column":6},"end":{"line":26,"column":53}},"13":{"start":{"line":27,"column":6},"end":{"line":27,"column":35}},"14":{"start":{"line":28,"column":6},"end":{"line":28,"column":29}},"15":{"start":{"line":29,"column":6},"end":{"line":29,"column":23}},"16":{"start":{"line":30,"column":6},"end":{"line":30,"column":28}},"17":{"start":{"line":35,"column":6},"end":{"line":35,"column":35}},"18":{"start":{"line":36,"column":6},"end":{"line":36,"column":29}},"19":{"start":{"line":37,"column":6},"end":{"line":37,"column":26}},"20":{"start":{"line":42,"column":19},"end":{"line":46,"column":7}},"21":{"start":{"line":48,"column":6},"end":{"line":50,"column":7}},"22":{"start":{"line":49,"column":8},"end":{"line":49,"column":56}},"23":{"start":{"line":52,"column":6},"end":{"line":55,"column":9}},"24":{"start":{"line":58,"column":2},"end":{"line":58,"column":18}},"25":{"start":{"line":61,"column":0},"end":{"line":61,"column":30}}},"fnMap":{"0":{"name":"(anonymous_0)","decl":{"start":{"line":14,"column":28},"end":{"line":14,"column":29}},"loc":{"start":{"line":14,"column":40},"end":{"line":59,"column":1}},"line":14},"1":{"name":"Response","decl":{"start":{"line":15,"column":11},"end":{"line":15,"column":19}},"loc":{"start":{"line":15,"column":22},"end":{"line":21,"column":3}},"line":15},"2":{"name":"setSuccess","decl":{"start":{"line":25,"column":20},"end":{"line":25,"column":30}},"loc":{"start":{"line":25,"column":58},"end":{"line":31,"column":5}},"line":25},"3":{"name":"setError","decl":{"start":{"line":34,"column":20},"end":{"line":34,"column":28}},"loc":{"start":{"line":34,"column":50},"end":{"line":38,"column":5}},"line":34},"4":{"name":"send","decl":{"start":{"line":41,"column":20},"end":{"line":41,"column":24}},"loc":{"start":{"line":41,"column":30},"end":{"line":56,"column":5}},"line":41}},"branchMap":{"0":{"loc":{"start":{"line":48,"column":6},"end":{"line":50,"column":7}},"type":"if","locations":[{"start":{"line":48,"column":6},"end":{"line":50,"column":7}},{"start":{"line":48,"column":6},"end":{"line":50,"column":7}}],"line":48}},"s":{"0":1,"1":1,"2":1,"3":1,"4":1,"5":1,"6":5,"7":5,"8":5,"9":5,"10":5,"11":1,"12":38,"13":38,"14":38,"15":38,"16":38,"17":28,"18":28,"19":28,"20":65,"21":65,"22":37,"23":28,"24":1,"25":1},"f":{"0":1,"1":5,"2":38,"3":28,"4":65},"b":{"0":[37,28]},"inputSourceMap":{"version":3,"sources":["response.js"],"names":["Response","statusCode","type","data","message","console","log","res","result","status","json"],"mappings":";;;;;;;;;;;;;IAAqBA,Q;AACnB,sBAAc;AAAA;AACZ,SAAKC,UAAL,GAAkB,IAAlB;AACA,SAAKC,IAAL,GAAY,IAAZ;AACA,SAAKC,IAAL,GAAY,IAAZ;AACA,SAAKC,OAAL,GAAe,IAAf;AACD;;;;+BAEUH,U,EAAYG,O,EAASD,I,EAAM;AACpCE,MAAAA,OAAO,CAACC,GAAR,CAAYL,UAAZ,EAAwBG,OAAxB,EAAiCD,IAAjC,EAAuC,MAAvC;AACA,WAAKF,UAAL,GAAkBA,UAAlB;AACA,WAAKG,OAAL,GAAeA,OAAf;AACA,WAAKD,IAAL,GAAYA,IAAZ;AACA,WAAKD,IAAL,GAAY,SAAZ;AACD;;;6BAEQD,U,EAAYG,O,EAAS;AAC5B,WAAKH,UAAL,GAAkBA,UAAlB;AACA,WAAKG,OAAL,GAAeA,OAAf;AACA,WAAKF,IAAL,GAAY,OAAZ;AACD;;;yBAEIK,G,EAAK;AACR,UAAMC,MAAM,GAAG;AACbC,QAAAA,MAAM,EAAE,KAAKP,IADA;AAEbE,QAAAA,OAAO,EAAE,KAAKA,OAFD;AAGbD,QAAAA,IAAI,EAAE,KAAKA;AAHE,OAAf;;AAMA,UAAI,KAAKD,IAAL,KAAc,SAAlB,EAA6B;AAC3B,eAAOK,GAAG,CAACE,MAAJ,CAAW,KAAKR,UAAhB,EAA4BS,IAA5B,CAAiCF,MAAjC,CAAP;AACD;;AACD,aAAOD,GAAG,CAACE,MAAJ,CAAW,KAAKR,UAAhB,EAA4BS,IAA5B,CAAiC;AACtCD,QAAAA,MAAM,EAAE,KAAKP,IADyB;AAEtCE,QAAAA,OAAO,EAAE,KAAKA;AAFwB,OAAjC,CAAP;AAID","sourceRoot":"C:\\Users\\UBA PLC\\Desktop\\new-projects\\Epic-Mail\\src\\utils\\","sourcesContent":["export default class Response {\r\n  constructor() {\r\n    this.statusCode = null;\r\n    this.type = null;\r\n    this.data = null;\r\n    this.message = null;\r\n  }\r\n\r\n  setSuccess(statusCode, message, data) {\r\n    console.log(statusCode, message, data, 'data')\r\n    this.statusCode = statusCode;\r\n    this.message = message;\r\n    this.data = data;\r\n    this.type = 'success';\r\n  }\r\n\r\n  setError(statusCode, message) {\r\n    this.statusCode = statusCode;\r\n    this.message = message;\r\n    this.type = 'error';\r\n  }\r\n\r\n  send(res) {\r\n    const result = {\r\n      status: this.type,\r\n      message: this.message,\r\n      data: this.data,\r\n    };\r\n\r\n    if (this.type === 'success') {\r\n      return res.status(this.statusCode).json(result);\r\n    }\r\n    return res.status(this.statusCode).json({\r\n      status: this.type,\r\n      message: this.message,\r\n    });\r\n  }\r\n}\r\n"]},"_coverageSchema":"1a1c01bbd47fc00a2c39e90264f33305004495a9","hash":"117e3d983a8401dfc5a0abe4ce0600897aa212fc","contentHash":"e9ac9a909fce1d0ad86359c7b9cf4812e8659cdb53603952fb0b28fc1e28ed1c"},"C:\\Users\\UBA PLC\\Desktop\\new-projects\\Epic-Mail\\src\\services\\index.js":{"path":"C:\\Users\\UBA PLC\\Desktop\\new-projects\\Epic-Mail\\src\\services\\index.js","statementMap":{"0":{"start":{"line":3,"column":29},"end":{"line":3,"column":84}},"1":{"start":{"line":5,"column":0},"end":{"line":7,"column":3}},"2":{"start":{"line":8,"column":0},"end":{"line":13,"column":3}},"3":{"start":{"line":11,"column":4},"end":{"line":11,"column":35}},"4":{"start":{"line":14,"column":0},"end":{"line":19,"column":3}},"5":{"start":{"line":17,"column":4},"end":{"line":17,"column":39}},"6":{"start":{"line":20,"column":0},"end":{"line":25,"column":3}},"7":{"start":{"line":23,"column":4},"end":{"line":23,"column":45}},"8":{"start":{"line":26,"column":0},"end":{"line":31,"column":3}},"9":{"start":{"line":29,"column":4},"end":{"line":29,"column":36}},"10":{"start":{"line":32,"column":0},"end":{"line":37,"column":3}},"11":{"start":{"line":35,"column":4},"end":{"line":35,"column":42}},"12":{"start":{"line":39,"column":19},"end":{"line":39,"column":67}},"13":{"start":{"line":41,"column":23},"end":{"line":41,"column":75}},"14":{"start":{"line":43,"column":29},"end":{"line":43,"column":87}},"15":{"start":{"line":45,"column":20},"end":{"line":45,"column":69}},"16":{"start":{"line":47,"column":26},"end":{"line":47,"column":81}}},"fnMap":{"0":{"name":"get","decl":{"start":{"line":10,"column":16},"end":{"line":10,"column":19}},"loc":{"start":{"line":10,"column":22},"end":{"line":12,"column":3}},"line":10},"1":{"name":"get","decl":{"start":{"line":16,"column":16},"end":{"line":16,"column":19}},"loc":{"start":{"line":16,"column":22},"end":{"line":18,"column":3}},"line":16},"2":{"name":"get","decl":{"start":{"line":22,"column":16},"end":{"line":22,"column":19}},"loc":{"start":{"line":22,"column":22},"end":{"line":24,"column":3}},"line":22},"3":{"name":"get","decl":{"start":{"line":28,"column":16},"end":{"line":28,"column":19}},"loc":{"start":{"line":28,"column":22},"end":{"line":30,"column":3}},"line":28},"4":{"name":"get","decl":{"start":{"line":34,"column":16},"end":{"line":34,"column":19}},"loc":{"start":{"line":34,"column":22},"end":{"line":36,"column":3}},"line":34}},"branchMap":{},"s":{"0":1,"1":1,"2":1,"3":13,"4":1,"5":25,"6":1,"7":4,"8":1,"9":14,"10":1,"11":19,"12":1,"13":1,"14":1,"15":1,"16":1},"f":{"0":13,"1":25,"2":4,"3":14,"4":19},"b":{},"inputSourceMap":{"version":3,"sources":["index.js"],"names":[],"mappings":";;;;;;;;;;;;;;;;;;;;;;;;;;;;;;;;;;;;;;AAAA;;AACA;;AACA;;AACA;;AACA","sourceRoot":"C:\\Users\\UBA PLC\\Desktop\\new-projects\\Epic-Mail\\src\\services\\","sourcesContent":["import userService from './UserService';\r\nimport messageService from './MessagesService';\r\nimport contentService from './MessageContentService';\r\nimport groupService from './GroupService';\r\nimport groupMemberService from './GroupMemberService';\r\n\r\nexport {\r\n  userService, messageService, contentService, groupService, groupMemberService,\r\n};\r\n"]},"_coverageSchema":"1a1c01bbd47fc00a2c39e90264f33305004495a9","hash":"ac79d4a7ef3c53c3e5a4753128133c14a1bf944e","contentHash":"54ee695e66c4c9c324c8cf7446c58662d63da06981288e43a4debe69213ea780"},"C:\\Users\\UBA PLC\\Desktop\\new-projects\\Epic-Mail\\src\\services\\UserService.js":{"path":"C:\\Users\\UBA PLC\\Desktop\\new-projects\\Epic-Mail\\src\\services\\UserService.js","statementMap":{"0":{"start":{"line":3,"column":29},"end":{"line":3,"column":84}},"1":{"start":{"line":5,"column":0},"end":{"line":7,"column":3}},"2":{"start":{"line":8,"column":0},"end":{"line":8,"column":28}},"3":{"start":{"line":10,"column":19},"end":{"line":10,"column":80}},"4":{"start":{"line":12,"column":25},"end":{"line":12,"column":99}},"5":{"start":{"line":14,"column":23},"end":{"line":14,"column":95}},"6":{"start":{"line":16,"column":20},"end":{"line":16,"column":89}},"7":{"start":{"line":18,"column":14},"end":{"line":18,"column":58}},"8":{"start":{"line":21,"column":11},"end":{"line":21,"column":34}},"9":{"start":{"line":22,"column":12},"end":{"line":22,"column":36}},"10":{"start":{"line":23,"column":14},"end":{"line":23,"column":40}},"11":{"start":{"line":25,"column":31},"end":{"line":115,"column":3}},"12":{"start":{"line":27,"column":4},"end":{"line":27,"column":56}},"13":{"start":{"line":30,"column":2},"end":{"line":113,"column":6}},"14":{"start":{"line":33,"column":20},"end":{"line":51,"column":9}},"15":{"start":{"line":34,"column":8},"end":{"line":50,"column":20}},"16":{"start":{"line":35,"column":10},"end":{"line":49,"column":11}},"17":{"start":{"line":36,"column":12},"end":{"line":48,"column":13}},"18":{"start":{"line":38,"column":16},"end":{"line":43,"column":20}},"19":{"start":{"line":47,"column":16},"end":{"line":47,"column":39}},"20":{"start":{"line":54,"column":8},"end":{"line":54,"column":46}},"21":{"start":{"line":57,"column":6},"end":{"line":57,"column":20}},"22":{"start":{"line":62,"column":25},"end":{"line":96,"column":9}},"23":{"start":{"line":63,"column":8},"end":{"line":95,"column":37}},"24":{"start":{"line":64,"column":10},"end":{"line":94,"column":11}},"25":{"start":{"line":65,"column":12},"end":{"line":93,"column":13}},"26":{"start":{"line":67,"column":16},"end":{"line":67,"column":35}},"27":{"start":{"line":68,"column":16},"end":{"line":68,"column":35}},"28":{"start":{"line":69,"column":16},"end":{"line":80,"column":19}},"29":{"start":{"line":83,"column":16},"end":{"line":83,"column":66}},"30":{"start":{"line":86,"column":16},"end":{"line":86,"column":35}},"31":{"start":{"line":87,"column":16},"end":{"line":87,"column":53}},"32":{"start":{"line":88,"column":16},"end":{"line":88,"column":35}},"33":{"start":{"line":92,"column":16},"end":{"line":92,"column":40}},"34":{"start":{"line":99,"column":8},"end":{"line":99,"column":51}},"35":{"start":{"line":102,"column":6},"end":{"line":102,"column":25}},"36":{"start":{"line":107,"column":6},"end":{"line":111,"column":9}},"37":{"start":{"line":114,"column":2},"end":{"line":114,"column":21}},"38":{"start":{"line":117,"column":15},"end":{"line":117,"column":26}},"39":{"start":{"line":118,"column":0},"end":{"line":118,"column":30}}},"fnMap":{"0":{"name":"(anonymous_0)","decl":{"start":{"line":25,"column":31},"end":{"line":25,"column":32}},"loc":{"start":{"line":25,"column":43},"end":{"line":115,"column":1}},"line":25},"1":{"name":"UserService","decl":{"start":{"line":26,"column":11},"end":{"line":26,"column":22}},"loc":{"start":{"line":26,"column":25},"end":{"line":28,"column":3}},"line":26},"2":{"name":"(anonymous_2)","decl":{"start":{"line":32,"column":11},"end":{"line":32,"column":12}},"loc":{"start":{"line":32,"column":23},"end":{"line":58,"column":5}},"line":32},"3":{"name":"_callee","decl":{"start":{"line":33,"column":107},"end":{"line":33,"column":114}},"loc":{"start":{"line":33,"column":131},"end":{"line":51,"column":7}},"line":33},"4":{"name":"_callee$","decl":{"start":{"line":34,"column":53},"end":{"line":34,"column":61}},"loc":{"start":{"line":34,"column":72},"end":{"line":50,"column":9}},"line":34},"5":{"name":"signup","decl":{"start":{"line":53,"column":15},"end":{"line":53,"column":21}},"loc":{"start":{"line":53,"column":31},"end":{"line":55,"column":7}},"line":53},"6":{"name":"(anonymous_6)","decl":{"start":{"line":61,"column":11},"end":{"line":61,"column":12}},"loc":{"start":{"line":61,"column":23},"end":{"line":103,"column":5}},"line":61},"7":{"name":"_callee2","decl":{"start":{"line":62,"column":112},"end":{"line":62,"column":120}},"loc":{"start":{"line":62,"column":129},"end":{"line":96,"column":7}},"line":62},"8":{"name":"_callee2$","decl":{"start":{"line":63,"column":53},"end":{"line":63,"column":62}},"loc":{"start":{"line":63,"column":74},"end":{"line":95,"column":9}},"line":63},"9":{"name":"getAllUsers","decl":{"start":{"line":98,"column":15},"end":{"line":98,"column":26}},"loc":{"start":{"line":98,"column":32},"end":{"line":100,"column":7}},"line":98},"10":{"name":"findUser","decl":{"start":{"line":106,"column":20},"end":{"line":106,"column":28}},"loc":{"start":{"line":106,"column":36},"end":{"line":112,"column":5}},"line":106}},"branchMap":{"0":{"loc":{"start":{"line":36,"column":12},"end":{"line":48,"column":13}},"type":"switch","locations":[{"start":{"line":37,"column":14},"end":{"line":43,"column":20}},{"start":{"line":45,"column":14},"end":{"line":45,"column":21}},{"start":{"line":46,"column":14},"end":{"line":47,"column":39}}],"line":36},"1":{"loc":{"start":{"line":65,"column":12},"end":{"line":93,"column":13}},"type":"switch","locations":[{"start":{"line":66,"column":14},"end":{"line":80,"column":19}},{"start":{"line":82,"column":14},"end":{"line":83,"column":66}},{"start":{"line":85,"column":14},"end":{"line":88,"column":35}},{"start":{"line":90,"column":14},"end":{"line":90,"column":21}},{"start":{"line":91,"column":14},"end":{"line":92,"column":40}}],"line":65}},"s":{"0":1,"1":1,"2":1,"3":1,"4":1,"5":1,"6":1,"7":1,"8":1,"9":1,"10":1,"11":1,"12":0,"13":1,"14":1,"15":6,"16":12,"17":12,"18":6,"19":6,"20":6,"21":1,"22":1,"23":0,"24":0,"25":0,"26":0,"27":0,"28":0,"29":0,"30":0,"31":0,"32":0,"33":0,"34":0,"35":1,"36":7,"37":1,"38":1,"39":1},"f":{"0":1,"1":0,"2":1,"3":6,"4":12,"5":6,"6":1,"7":0,"8":0,"9":0,"10":7},"b":{"0":[6,0,6],"1":[0,0,0,0,0]},"inputSourceMap":{"version":3,"sources":["UserService.js"],"names":["User","database","Group","Message","UserService","newUser","email","findOrCreate","where","defaults","userId","findAll","include","model","findOne"],"mappings":";;;;;;;;;;;;;;;;;AACA;;AADA;IAGQA,I,GAAyBC,kB,CAAzBD,I;IAAME,K,GAAmBD,kB,CAAnBC,K;IAAOC,O,GAAYF,kB,CAAZE,O;;IAEfC,W;;;;;;;;mHACgBC,O,EAASC,K;;;;;iDACpBN,IAAI,CAACO,YAAL,CAAkB;AACvBC,kBAAAA,KAAK,EAAE;AAAEF,oBAAAA,KAAK,EAALA;AAAF,mBADgB;AAEvBG,kBAAAA,QAAQ,EAAEJ;AAFa,iBAAlB,C;;;;;;;;;;;;;;;;;;;yHAMgBK,M;;;;;;;uBAERV,IAAI,CAACW,OAAL,CAAa;AACxBC,kBAAAA,OAAO,EAAE,CACP;AACEC,oBAAAA,KAAK,EAAEb;AADT,mBADO,EAIP;AACEa,oBAAAA,KAAK,EAAEV;AADT,mBAJO,EAOP;AACEU,oBAAAA,KAAK,EAAEX;AADT,mBAPO,CADe;AAYxBM,kBAAAA,KAAK,EAAE;AAAEE,oBAAAA,MAAM,EAANA;AAAF;AAZiB,iBAAb,C;;;;;;;;;;;;;;;;;;;;;;;;;;6BAmBDJ,K,EAAO;AACrB,aAAON,IAAI,CAACc,OAAL,CAAa;AAAEN,QAAAA,KAAK,EAAE;AAAEF,UAAAA,KAAK,EAALA;AAAF;AAAT,OAAb,CAAP;AACD;;;;;eAGYF,W","sourceRoot":"C:\\Users\\UBA PLC\\Desktop\\new-projects\\Epic-Mail\\src\\services\\","sourcesContent":["/* eslint-disable no-useless-catch */\r\nimport database from '../models';\r\n\r\nconst { User, Group, Message } = database;\r\n\r\nclass UserService {\r\n  static async signup(newUser, email) {\r\n    return User.findOrCreate({\r\n      where: { email },\r\n      defaults: newUser,\r\n    });\r\n  }\r\n\r\n  static async getAllUsers(userId) {\r\n    try {\r\n      return await User.findAll({\r\n        include: [\r\n          {\r\n            model: User,\r\n          },\r\n          {\r\n            model: Message,\r\n          },\r\n          {\r\n            model: Group,\r\n          },\r\n        ],\r\n        where: { userId },\r\n      });\r\n    } catch (error) {\r\n      throw (error);\r\n    }\r\n  }\r\n\r\n  static findUser(email) {\r\n    return User.findOne({ where: { email } });\r\n  }\r\n}\r\n\r\nexport default UserService;\r\n"]},"_coverageSchema":"1a1c01bbd47fc00a2c39e90264f33305004495a9","hash":"fe26e3d1cdd783820bfa8ee0ad9906368ff0e0c9","contentHash":"27dd781c908cb0d91b8f28d6be24cfab02612d31a393f8b0f54b30f81063167f"},"C:\\Users\\UBA PLC\\Desktop\\new-projects\\Epic-Mail\\src\\services\\MessagesService.js":{"path":"C:\\Users\\UBA PLC\\Desktop\\new-projects\\Epic-Mail\\src\\services\\MessagesService.js","statementMap":{"0":{"start":{"line":3,"column":29},"end":{"line":3,"column":84}},"1":{"start":{"line":5,"column":0},"end":{"line":7,"column":3}},"2":{"start":{"line":8,"column":0},"end":{"line":8,"column":28}},"3":{"start":{"line":10,"column":19},"end":{"line":10,"column":80}},"4":{"start":{"line":12,"column":25},"end":{"line":12,"column":99}},"5":{"start":{"line":14,"column":23},"end":{"line":14,"column":95}},"6":{"start":{"line":16,"column":20},"end":{"line":16,"column":89}},"7":{"start":{"line":18,"column":14},"end":{"line":18,"column":58}},"8":{"start":{"line":21,"column":14},"end":{"line":21,"column":40}},"9":{"start":{"line":22,"column":14},"end":{"line":22,"column":40}},"10":{"start":{"line":24,"column":34},"end":{"line":248,"column":3}},"11":{"start":{"line":26,"column":4},"end":{"line":26,"column":59}},"12":{"start":{"line":29,"column":2},"end":{"line":246,"column":6}},"13":{"start":{"line":32,"column":28},"end":{"line":62,"column":9}},"14":{"start":{"line":33,"column":8},"end":{"line":61,"column":36}},"15":{"start":{"line":34,"column":10},"end":{"line":60,"column":11}},"16":{"start":{"line":35,"column":12},"end":{"line":59,"column":13}},"17":{"start":{"line":37,"column":16},"end":{"line":37,"column":34}},"18":{"start":{"line":38,"column":16},"end":{"line":38,"column":34}},"19":{"start":{"line":39,"column":16},"end":{"line":46,"column":19}},"20":{"start":{"line":49,"column":16},"end":{"line":49,"column":64}},"21":{"start":{"line":52,"column":16},"end":{"line":52,"column":34}},"22":{"start":{"line":53,"column":16},"end":{"line":53,"column":51}},"23":{"start":{"line":54,"column":16},"end":{"line":54,"column":34}},"24":{"start":{"line":58,"column":16},"end":{"line":58,"column":39}},"25":{"start":{"line":65,"column":8},"end":{"line":65,"column":54}},"26":{"start":{"line":68,"column":6},"end":{"line":68,"column":28}},"27":{"start":{"line":73,"column":32},"end":{"line":101,"column":9}},"28":{"start":{"line":74,"column":8},"end":{"line":100,"column":37}},"29":{"start":{"line":75,"column":10},"end":{"line":99,"column":11}},"30":{"start":{"line":76,"column":12},"end":{"line":98,"column":13}},"31":{"start":{"line":78,"column":16},"end":{"line":78,"column":35}},"32":{"start":{"line":79,"column":16},"end":{"line":87,"column":20}},"33":{"start":{"line":90,"column":16},"end":{"line":90,"column":35}},"34":{"start":{"line":91,"column":16},"end":{"line":91,"column":53}},"35":{"start":{"line":92,"column":16},"end":{"line":92,"column":51}},"36":{"start":{"line":93,"column":16},"end":{"line":93,"column":35}},"37":{"start":{"line":97,"column":16},"end":{"line":97,"column":40}},"38":{"start":{"line":104,"column":8},"end":{"line":104,"column":58}},"39":{"start":{"line":107,"column":6},"end":{"line":107,"column":32}},"40":{"start":{"line":112,"column":27},"end":{"line":131,"column":9}},"41":{"start":{"line":113,"column":8},"end":{"line":130,"column":37}},"42":{"start":{"line":114,"column":10},"end":{"line":129,"column":11}},"43":{"start":{"line":115,"column":12},"end":{"line":128,"column":13}},"44":{"start":{"line":117,"column":16},"end":{"line":117,"column":35}},"45":{"start":{"line":118,"column":16},"end":{"line":118,"column":78}},"46":{"start":{"line":121,"column":16},"end":{"line":121,"column":35}},"47":{"start":{"line":122,"column":16},"end":{"line":122,"column":53}},"48":{"start":{"line":123,"column":16},"end":{"line":123,"column":35}},"49":{"start":{"line":127,"column":16},"end":{"line":127,"column":40}},"50":{"start":{"line":134,"column":8},"end":{"line":134,"column":53}},"51":{"start":{"line":137,"column":6},"end":{"line":137,"column":27}},"52":{"start":{"line":142,"column":28},"end":{"line":166,"column":9}},"53":{"start":{"line":143,"column":8},"end":{"line":165,"column":37}},"54":{"start":{"line":144,"column":10},"end":{"line":164,"column":11}},"55":{"start":{"line":145,"column":12},"end":{"line":163,"column":13}},"56":{"start":{"line":147,"column":16},"end":{"line":147,"column":35}},"57":{"start":{"line":148,"column":16},"end":{"line":153,"column":20}},"58":{"start":{"line":156,"column":16},"end":{"line":156,"column":35}},"59":{"start":{"line":157,"column":16},"end":{"line":157,"column":53}},"60":{"start":{"line":158,"column":16},"end":{"line":158,"column":35}},"61":{"start":{"line":162,"column":16},"end":{"line":162,"column":40}},"62":{"start":{"line":169,"column":8},"end":{"line":169,"column":54}},"63":{"start":{"line":172,"column":6},"end":{"line":172,"column":27}},"64":{"start":{"line":177,"column":25},"end":{"line":203,"column":9}},"65":{"start":{"line":178,"column":8},"end":{"line":202,"column":37}},"66":{"start":{"line":179,"column":10},"end":{"line":201,"column":11}},"67":{"start":{"line":180,"column"
[...]
lumn":15},"end":{"line":182,"column":33}},"loc":{"start":{"line":182,"column":44},"end":{"line":184,"column":7}},"line":182},"14":{"name":"(anonymous_14)","decl":{"start":{"line":206,"column":11},"end":{"line":206,"column":12}},"loc":{"start":{"line":206,"column":23},"end":{"line":267,"column":5}},"line":206},"15":{"name":"_callee4","decl":{"start":{"line":207,"column":113},"end":{"line":207,"column":121}},"loc":{"start":{"line":207,"column":132},"end":{"line":260,"column":7}},"line":207},"16":{"name":"_callee4$","decl":{"start":{"line":209,"column":53},"end":{"line":209,"column":62}},"loc":{"start":{"line":209,"column":74},"end":{"line":259,"column":9}},"line":209},"17":{"name":"deleteMember","decl":{"start":{"line":262,"column":15},"end":{"line":262,"column":27}},"loc":{"start":{"line":262,"column":38},"end":{"line":264,"column":7}},"line":262}},"branchMap":{"0":{"loc":{"start":{"line":36,"column":12},"end":{"line":81,"column":13}},"type":"switch","locations":[{"start":{"line":37,"column":14},"end":{"line":43,"column":81}},{"start":{"line":45,"column":14},"end":{"line":55,"column":22}},{"start":{"line":57,"column":14},"end":{"line":63,"column":79}},{"start":{"line":65,"column":14},"end":{"line":67,"column":67}},{"start":{"line":69,"column":14},"end":{"line":70,"column":69}},{"start":{"line":72,"column":14},"end":{"line":76,"column":69}},{"start":{"line":78,"column":14},"end":{"line":78,"column":22}},{"start":{"line":79,"column":14},"end":{"line":80,"column":39}}],"line":36},"1":{"loc":{"start":{"line":48,"column":16},"end":{"line":51,"column":17}},"type":"if","locations":[{"start":{"line":48,"column":16},"end":{"line":51,"column":17}},{"start":{"line":48,"column":16},"end":{"line":51,"column":17}}],"line":48},"2":{"loc":{"start":{"line":100,"column":12},"end":{"line":129,"column":13}},"type":"switch","locations":[{"start":{"line":101,"column":14},"end":{"line":105,"column":80}},{"start":{"line":107,"column":14},"end":{"line":118,"column":70}},{"start":{"line":120,"column":14},"end":{"line":124,"column":70}},{"start":{"line":126,"column":14},"end":{"line":126,"column":22}},{"start":{"line":127,"column":14},"end":{"line":128,"column":40}}],"line":100},"3":{"loc":{"start":{"line":110,"column":16},"end":{"line":116,"column":17}},"type":"if","locations":[{"start":{"line":110,"column":16},"end":{"line":116,"column":17}},{"start":{"line":110,"column":16},"end":{"line":116,"column":17}}],"line":110},"4":{"loc":{"start":{"line":147,"column":12},"end":{"line":177,"column":13}},"type":"switch","locations":[{"start":{"line":148,"column":14},"end":{"line":154,"column":88}},{"start":{"line":156,"column":14},"end":{"line":166,"column":70}},{"start":{"line":168,"column":14},"end":{"line":172,"column":70}},{"start":{"line":174,"column":14},"end":{"line":174,"column":22}},{"start":{"line":175,"column":14},"end":{"line":176,"column":40}}],"line":147},"5":{"loc":{"start":{"line":160,"column":16},"end":{"line":164,"column":17}},"type":"if","locations":[{"start":{"line":160,"column":16},"end":{"line":164,"column":17}},{"start":{"line":160,"column":16},"end":{"line":164,"column":17}}],"line":160},"6":{"loc":{"start":{"line":211,"column":12},"end":{"line":257,"column":13}},"type":"switch","locations":[{"start":{"line":212,"column":14},"end":{"line":216,"column":80}},{"start":{"line":218,"column":14},"end":{"line":230,"column":87}},{"start":{"line":232,"column":14},"end":{"line":241,"column":70}},{"start":{"line":243,"column":14},"end":{"line":245,"column":70}},{"start":{"line":247,"column":14},"end":{"line":252,"column":70}},{"start":{"line":254,"column":14},"end":{"line":254,"column":22}},{"start":{"line":255,"column":14},"end":{"line":256,"column":40}}],"line":211},"7":{"loc":{"start":{"line":224,"column":16},"end":{"line":226,"column":17}},"type":"if","locations":[{"start":{"line":224,"column":16},"end":{"line":226,"column":17}},{"start":{"line":224,"column":16},"end":{"line":226,"column":17}}],"line":224},"8":{"loc":{"start":{"line":235,"column":16},"end":{"line":238,"column":17}},"type":"if","locations":[{"start":{"line":235,"column":16},"end":{"line":238,"column":17}},{"start":{"line":235,"column":16},"end":{"line":238,"column":17}}],"line":235}},"s":{"0":1,"1":1,"2":1,"3":1,"4":1,"5":1,"6":1,"7":1,"8":1,"9":1,"10":1,"11":0,"12":1,"13":1,"14":3,"15":11,"16":14,"17":3,"18":3,"19":3,"20":3,"21":3,"22":3,"23":3,"24":3,"25":2,"26":2,"27":1,"28":1,"29":1,"30":2,"31":2,"32":2,"33":1,"34":1,"35":2,"36":1,"37":1,"38":1,"39":1,"40":3,"41":3,"42":1,"43":1,"44":3,"45":9,"46":9,"47":3,"48":3,"49":3,"50":3,"51":2,"52":2,"53":1,"54":1,"55":1,"56":1,"57":2,"58":1,"59":1,"60":1,"61":1,"62":3,"63":3,"64":1,"65":1,"66":3,"67":9,"68":9,"69":3,"70":3,"71":3,"72":3,"73":3,"74":3,"75":2,"76":2,"77":2,"78":1,"79":1,"80":2,"81":1,"82":1,"83":1,"84":1,"85":3,"86":3,"87":1,"88":1,"89":1,"90":4,"91":4,"92":1,"93":1,"94":1,"95":1,"96":1,"97":1,"98":1,"99":1,"100":1,"101":0,"102":1,"103":1,"104":1,"105":1,"106":1,"107":0,"108":0,"109":1,"110":1,"111":0,"112":0,"113":0,"114":0,"115":0,"116":0,"117":0,"118":1,"119":1,"120":1,"121":1,"122":1,"123":1},"f":{"0":1,"1":0,"2":1,"3":3,"4":11,"5":3,"6":1,"7":3,"8":9,"9":3,"10":1,"11":3,"12":9,"13":3,"14":1,"15":1,"16":4,"17":1},"b":{"0":[3,3,2,1,2,1,0,3],"1":[2,1],"2":[3,2,1,0,3],"3":[1,1],"4":[3,2,1,0,3],"5":[1,1],"6":[1,1,1,0,0,0,1],"7":[0,1],"8":[0,1]},"inputSourceMap":{"version":3,"sources":["groupMembersController.js"],"names":["response","Response","GroupMembersController","req","res","userId","body","reqUser","user","groupId","params","groupMemberService","getAMember","grp","setSuccess","member","UserId","GroupId","createGroupMembers","createMembers","send","setError","console","log","groupMember","dataValues","getAllGroupMembers","grps","length","adminUser","isAdmin","id","deleteGroupMember","deleted"],"mappings":";;;;;;;;;;;;;;;;;AAAA;;AACA;;AAEA,IAAMA,QAAQ,GAAG,IAAIC,oBAAJ,EAAjB;;IAEMC,sB;;;;;;;;8HAC2BC,G,EAAKC,G;;;;;;;AAG9BC,gBAAAA,M,GACEF,GAAG,CAACG,I,CADND,M;AAEIE,gBAAAA,O,GAAUJ,GAAG,CAACK,IAAJ,CAASH,M;AACjBI,gBAAAA,O,GAAYN,GAAG,CAACO,M,CAAhBD,O;;uBACUE,6BAAmBC,UAAnB,CAA8BH,OAA9B,EAAuCF,OAAvC,C;;;AAAZM,gBAAAA,G;;oBACDA,G;;;;;AACHb,gBAAAA,QAAQ,CAACc,UAAT,CAAoB,GAApB,EAAyB,kBAAzB;;;;;AAEMC,gBAAAA,M,GAAS;AAAEC,kBAAAA,MAAM,EAAEX,MAAV;AAAkBY,kBAAAA,OAAO,EAAER;AAA3B,iB;;uBACaE,6BAAmBO,kBAAnB,CAAsCH,MAAtC,C;;;AAAtBI,gBAAAA,a;AACNnB,gBAAAA,QAAQ,CAACc,UAAT,CAAoB,GAApB,EAAyB,SAAzB,EAAoCK,aAApC;;;iDAEKnB,QAAQ,CAACoB,IAAT,CAAchB,GAAd,C;;;;;AAEPJ,gBAAAA,QAAQ,CAACqB,QAAT,CAAkB,GAAlB;iDACOrB,QAAQ,CAACoB,IAAT,CAAchB,GAAd,C;;;;;;;;;;;;;;;;;;;wHAIaD,G,EAAKC,G;;;;;;;8BACCD,GAAG,CAACO,M,EAAxBD,O,eAAAA,O,EAASJ,M,eAAAA,M;;;uBAEGM,6BAAmBC,UAAnB,CAA8BH,OAA9B,EAAuCJ,MAAvC,C;;;AAAZQ,gBAAAA,G;;AACN,oBAAI,CAACA,GAAL,EAAU;AACRb,kBAAAA,QAAQ,CAACc,UAAT,CAAoB,GAApB,EAAyB,kBAAzB;AACD,iBAFD,MAEO;AACLQ,kBAAAA,OAAO,CAACC,GAAR,CAAYV,GAAZ,EAAiB,cAAjB;AACMW,kBAAAA,WAFD,GAEeX,GAAG,CAACY,UAFnB;AAGLzB,kBAAAA,QAAQ,CAACc,UAAT,CAAoB,GAApB,EAAyB,IAAzB,EAA+BU,WAA/B;AACD;;kDACMxB,QAAQ,CAACoB,IAAT,CAAchB,GAAd,C;;;;;AAEPJ,gBAAAA,QAAQ,CAACqB,QAAT,CAAkB,GAAlB;kDACOrB,QAAQ,CAACoB,IAAT,CAAchB,GAAd,C;;;;;;;;;;;;;;;;;;;gIAIqBD,G,EAAKC,G;;;;;;AAC3BK,gBAAAA,O,GAAYN,GAAG,CAACO,M,CAAhBD,O;AACAJ,gBAAAA,M,GAAWF,GAAG,CAACK,I,CAAfH,M;;AAENiB,gBAAAA,OAAO,CAACC,GAAR,CAAYd,OAAZ,EAAqBJ,MAArB;;uBACmBM,6BAAmBe,kBAAnB,CAAsCrB,MAAtC,EAA8CI,OAA9C,C;;;AAAbkB,gBAAAA,I;AACNL,gBAAAA,OAAO,CAACC,GAAR,CAAYI,IAAZ,EAAkB,sBAAlB;;AACA,oBAAIA,IAAI,CAACC,MAAL,KAAgB,CAApB,EAAuB;AACrB5B,kBAAAA,QAAQ,CAACc,UAAT,CAAoB,GAApB,EAAyB,mBAAzB;AACD,iBAFD,MAEO;AACLd,kBAAAA,QAAQ,CAACc,UAAT,CAAoB,GAApB,EAAyB,IAAzB,EAA+Ba,IAA/B;AACD;;kDACM3B,QAAQ,CAACoB,IAAT,CAAchB,GAAd,C;;;;;AAEPJ,gBAAAA,QAAQ,CAACqB,QAAT,CAAkB,GAAlB;kDACOrB,QAAQ,CAACoB,IAAT,CAAchB,GAAd,C;;;;;;;;;;;;;;;QAIX;AACA;AACA;AACA;AACA;AACA;AACA;AACA;AACA;AAEA;AAEA;AACA;AACA;AACA;AACA;AACA;;;;;0HAE0BD,G,EAAKC,G;;;;;;AACrBK,gBAAAA,O,GAAYN,GAAG,CAACO,M,CAAhBD,O;AACAJ,gBAAAA,M,GAAWF,GAAG,CAACK,I,CAAfH,M;;uBACgBM,6BAAmBC,UAAnB,CAA8BH,OAA9B,EAAuCJ,MAAvC,C;;;AAAlBwB,gBAAAA,S;AACNP,gBAAAA,OAAO,CAACC,GAAR,CAAYM,SAAZ,EAAuB,gBAAvB;AACQC,gBAAAA,O,GAAYD,SAAS,CAACJ,U,CAAtBK,O;AACFC,gBAAAA,E,GAAKF,SAAS,CAACJ,UAAV,CAAqBpB,M;;AAChC,oBAAI,CAACyB,OAAL,EAAc;AACZ9B,kBAAAA,QAAQ,CAACqB,QAAT,CAAkB,GAAlB,EAAuB,yCAAvB;AACD;;;;uBAEuBV,6BAAmBqB,iBAAnB,CAAqCvB,OAArC,EAA8CJ,MAA9C,C;;;AAAhB4B,gBAAAA,O;;qBACFA,O;;;;;AACFjC,gBAAAA,QAAQ,CAACc,UAAT,CAAoB,GAApB,EAAyB,SAAzB;kDACOd,QAAQ,CAACoB,IAAT,CAAchB,GAAd,C;;;AAGTJ,gBAAAA,QAAQ,CAACc,UAAT,CAAoB,GAApB,EAAyB,kBAAzB;kDAEOd,QAAQ,CAACoB,IAAT,CAAchB,GAAd,C;;;;;AAEPkB,gBAAAA,OAAO,CAACC,GAAR,eAAmB,YAAnB;AACAvB,gBAAAA,QAAQ,CAACqB,QAAT,CAAkB,GAAlB;kDACOrB,QAAQ,CAACoB,IAAT,CAAchB,GAAd,C;;;;;;;;;;;;;;;;;;;;eAKEF,sB","sourceRoot":"C:\\Users\\UBA PLC\\Desktop\\new-projects\\Epic-Mail\\src\\controllers\\","sourcesContent":["import Response from '../utils/response';\r\nimport { groupMemberService } from '../services';\r\n\r\nconst response = new Response();\r\n\r\nclass GroupMembersController {\r\n  static async createGroupMember(req, res) {\r\n    try {\r\n      const {\r\n        userId,\r\n      } = req.body;\r\n      const reqUser = req.user.userId;\r\n      const { groupId } = req.params;\r\n      const grp = await groupMemberService.getAMember(groupId, reqUser);\r\n      if (!grp) {\r\n        response.setSuccess(404, 'Member not found');\r\n      } else {\r\n        const member = { UserId: userId, GroupId: groupId };\r\n        const createMembers = await groupMemberService.createGroupMembers(member);\r\n        response.setSuccess(201, 'success', createMembers);\r\n      }\r\n      return response.send(res);\r\n    } catch (error) {\r\n      response.setError(500, error);\r\n      return response.send(res);\r\n    }\r\n  }\r\n\r\n  static async getAMember(req, res) {\r\n    const { groupId, userId } = req.params;\r\n    try {\r\n      const grp = await groupMemberService.getAMember(groupId, userId);\r\n      if (!grp) {\r\n        response.setSuccess(404, 'Member not found');\r\n      } else {\r\n        console.log(grp, 'cccccccccccc')\r\n        const groupMember = grp.dataValues;\r\n        response.setSuccess(200, null, groupMember);\r\n      }\r\n      return response.send(res);\r\n    } catch (error) {\r\n      response.setError(500, error);\r\n      return response.send(res);\r\n    }\r\n  }\r\n\r\n  static async getAllGroupMembers(req, res) {\r\n    const { groupId } = req.params;\r\n    const { userId } = req.user;\r\n    try {\r\n      console.log(groupId, userId)\r\n      const grps = await groupMemberService.getAllGroupMembers(userId, groupId);\r\n      console.log(grps, 'eeeeeeeeeeeeeeeeeeee')\r\n      if (grps.length === 0) {\r\n        response.setSuccess(404, 'Members not found');\r\n      } else {\r\n        response.setSuccess(200, null, grps);\r\n      }\r\n      return response.send(res);\r\n    } catch (error) {\r\n      response.setError(500, error);\r\n      return response.send(res);\r\n    }\r\n  }\r\n\r\n  //   static async updateGroup(req, res) {\r\n  //     const { id } = req.params;\r\n  //     try {\r\n  //       const [updated] = await groupService.updateGroup(req.body, id);\r\n  //       if (updated) {\r\n  //         groupService.getAGroup(id);\r\n  //         response.setSuccess(200, 'success', updated);\r\n  //         return response.send(res);\r\n  //       }\r\n\r\n  //       response.setSuccess(404, 'Group not found');\r\n\r\n  //       return response.send(res);\r\n  //     } catch (error) {\r\n  //       response.setError(500, error);\r\n  //       return response.send(res);\r\n  //     }\r\n  //   }\r\n\r\n  static async deleteMember(req, res) {\r\n    const { groupId } = req.params;\r\n    const { userId } = req.user;\r\n    const adminUser = await groupMemberService.getAMember(groupId, userId);\r\n    console.log(adminUser, 'hhhhhhhhhhhhhh')\r\n    const { isAdmin } = adminUser.dataValues;\r\n    const id = adminUser.dataValues.userId;\r\n    if (!isAdmin) {\r\n      response.setError(401, 'Only an admin can delete a group member');\r\n    }\r\n    try {\r\n      const deleted = await groupMemberService.deleteGroupMember(groupId, userId);\r\n      if (deleted) {\r\n        response.setSuccess(200, 'success');\r\n        return response.send(res);\r\n      }\r\n\r\n      response.setSuccess(404, 'Member not found');\r\n\r\n      return response.send(res);\r\n    } catch (error) {\r\n      console.log(error, 'vvvvvvvvvv')\r\n      response.setError(500, error);\r\n      return response.send(res);\r\n    }\r\n  }\r\n}\r\n\r\nexport default GroupMembersController;\r\n"]},"_coverageSchema":"1a1c01bbd47fc00a2c39e90264f33305004495a9","hash":"d2ceea199983c2e6d21e92afcbba35e76a060279","contentHash":"171019e9faf94ba237263cdc29331e572969cd567219fe42b29dbec017fd460e"},"C:\\Users\\UBA PLC\\Desktop\\new-projects\\Epic-Mail\\src\\utils\\userData.js":{"path":"C:\\Users\\UBA PLC\\Desktop\\new-projects\\Epic-Mail\\src\\utils\\userData.js","statementMap":{"0":{"start":{"line":3,"column":29},"end":{"line":3,"column":84}},"1":{"start":{"line":5,"column":0},"end":{"line":7,"column":3}},"2":{"start":{"line":8,"column":0},"end":{"line":8,"column":116}},"3":{"start":{"line":10,"column":23},"end":{"line":10,"column":95}},"4":{"start":{"line":12,"column":20},"end":{"line":12,"column":86}},"5":{"start":{"line":14,"column":54},"end":{"line":14,"column":73}},"6":{"start":{"line":14,"column":75},"end":{"line":14,"column":326}},"7":{"start":{"line":14,"column":125},"end":{"line":14,"column":161}},"8":{"start":{"line":14,"column":163},"end":{"line":14,"column":292}},"9":{"start":{"line":14,"column":183},"end":{"line":14,"column":292}},"10":{"start":{"line":14,"column":225},"end":{"line":14,"column":288}},"11":{"start":{"line":14,"column":293},"end":{"line":14,"column":324}},"12":{"start":{"line":14,"column":327},"end":{"line":14,"column":339}},"13":{"start":{"line":16,"column":33},"end":{"line":16,"column":534}},"14":{"start":{"line":16,"column":46},"end":{"line":16,"column":47}},"15":{"start":{"line":16,"column":91},"end":{"line":16,"column":131}},"16":{"start":{"line":16,"column":133},"end":{"line":16,"column":532}},"17":{"start":{"line":16,"column":146},"end":{"line":16,"column":264}},"18":{"start":{"line":16,"column":201},"end":{"line":16,"column":260}},"19":{"start":{"line":16,"column":272},"end":{"line":16,"column":532}},"20":{"start":{"line":16,"column":312},"end":{"line":16,"column":386}},"21":{"start":{"line":16,"column":396},"end":{"line":16,"column":530}},"22":{"start":{"line":16,"column":445},"end":{"line":16,"column":526}},"23":{"start":{"line":16,"column":535},"end":{"line":16,"column":549}},"24":{"start":{"line":18,"column":14},"end":{"line":24,"column":1}},"25":{"start":{"line":25,"column":0},"end":{"line":25,"column":26}},"26":{"start":{"line":26,"column":19},"end":{"line":32,"column":1}},"27":{"start":{"line":33,"column":0},"end":{"line":33,"column":36}},"28":{"start":{"line":34,"column":20},"end":{"line":40,"column":1}},"29":{"start":{"line":41,"column":0},"end":{"line":41,"column":38}},"30":{"start":{"line":43,"column":18},"end":{"line":43,"column":93}},"31":{"start":{"line":45,"column":0},"end":{"line":45,"column":34}},"32":{"start":{"line":47,"column":18},"end":{"line":49,"column":1}},"33":{"start":{"line":48,"column":2},"end":{"line":48,"column":62}},"34":{"start":{"line":51,"column":0},"end":{"line":51,"column":34}}},"fnMap":{"0":{"name":"ownKeys","decl":{"start":{"line":14,"column":9},"end":{"line":14,"column":16}},"loc":{"start":{"line":14,"column":41},"end":{"line":14,"column":341}},"line":14},"1":{"name":"(anonymous_1)","decl":{"start":{"line":14,"column":208},"end":{"line":14,"column":209}},"loc":{"start":{"line":14,"column":223},"end":{"line":14,"column":290}},"line":14},"2":{"name":"_objectSpread","decl":{"start":{"line":16,"column":9},"end":{"line":16,"column":22}},"loc":{"start":{"line":16,"column":31},"end":{"line":16,"column":551}},"line":16},"3":{"name":"(anonymous_3)","decl":{"start":{"line":16,"column":184},"end":{"line":16,"column":185}},"loc":{"start":{"line":16,"column":199},"end":{"line":16,"column":262}},"line":16},"4":{"name":"(anonymous_4)","decl":{"start":{"line":16,"column":428},"end":{"line":16,"column":429}},"loc":{"start":{"line":16,"column":443},"end":{"line":16,"column":528}},"line":16},"5":{"name":"getUserData","decl":{"start":{"line":47,"column":27},"end":{"line":47,"column":38}},"loc":{"start":{"line":47,"column":45},"end":{"line":49,"column":1}},"line":47}},"branchMap":{"0":{"loc":{"start":{"line":14,"column":75},"end":{"line":14,"column":326}},"type":"if","locations":[{"start":{"line":14,"column":75},"end":{"line":14,"column":326}},{"start":{"line":14,"column":75},"end":{"line":14,"column":326}}],"line":14},"1":{"loc":{"start":{"line":14,"column":163},"end":{"line":14,"column":292}},"type":"if","locations":[{"start":{"line":14,"column":163},"end":{"line":14,"column":292}},{"start":{"line":14,"column":163},"end":{"line":14,"column":292}}],"line":14},"2":{"loc":{"start":{"line":16,"column":91},"end":{"line":16,"column":131}},"type":"cond-expr","locations":[{"start":{"line":16,"column":114},"end":{"line":16,"column":126}},{"start":{"line":16,"column":129},"end":{"line":16,"column":131}}],"line":16},"3":{"loc":{"start":{"line":16,"column":133},"end":{"line":16,"column":532}},"type":"if","locations":[{"start":{"line":16,"column":133},"end":{"line":16,"column":532}},{"start":{"line":16,"column":133},"end":{"line":16,"column":532}}],"line":16},"4":{"loc":{"start":{"line":16,"column":272},"end":{"line":16,"column":532}},"type":"if","locations":[{"start":{"line":16,"column":272},"end":{"line":16,"column":532}},{"start":{"line":16,"column":272},"end":{"line":16,"column":532}}],"line":16}},"s":{"0":1,"1":1,"2":1,"3":1,"4":1,"5":4,"6":4,"7":4,"8":4,"9":4,"10":0,"11":4,"12":4,"13":4,"14":4,"15":4,"16":4,"17":4,"18":14,"19":0,"20":0,"21":0,"22":0,"23":4,"24":1,"25":1,"26":1,"27":1,"28":1,"29":1,"30":1,"31":1,"32":1,"33":2,"34":1},"f":{"0":4,"1":0,"2":4,"3":14,"4":0,"5":2},"b":{"0":[4,0],"1":[4,0],"2":[4,0],"3":[4,0],"4":[0,0]},"inputSourceMap":{"version":3,"sources":["userData.js"],"names":["newUser","email","userName","firstName","lastName","password","goodUserData","emptyUserData","username","unknownUser","Authenticate","generateToken","getUserData","args"],"mappings":";;;;;;;;;;;AAAA;;;;;;AAEO,IAAMA,OAAO,GAAG;AACrBC,EAAAA,KAAK,EAAE,gBADc;AAErBC,EAAAA,QAAQ,EAAE,MAFW;AAGrBC,EAAAA,SAAS,EAAE,MAHU;AAIrBC,EAAAA,QAAQ,EAAE,MAJW;AAKrBC,EAAAA,QAAQ,EAAE;AALW,CAAhB;;AAQA,IAAMC,YAAY,GAAG;AAC1BL,EAAAA,KAAK,EAAE,gBADmB;AAE1BC,EAAAA,QAAQ,EAAE,MAFgB;AAG1BE,EAAAA,QAAQ,EAAE,MAHgB;AAI1BD,EAAAA,SAAS,EAAE,MAJe;AAK1BE,EAAAA,QAAQ,EAAE;AALgB,CAArB;;AAQA,IAAME,aAAa,GAAG;AAC3BN,EAAAA,KAAK,EAAE,EADoB;AAE3BO,EAAAA,QAAQ,EAAE,EAFiB;AAG3BJ,EAAAA,QAAQ,EAAE,EAHiB;AAI3BD,EAAAA,SAAS,EAAE,EAJgB;AAK3BE,EAAAA,QAAQ,EAAE;AALiB,CAAtB;;;AAQA,IAAMI,WAAW,GAAGC,yBAAaC,aAAb,CACzB,IADyB,EAEzB,kBAFyB,EAGzB,SAHyB,CAApB;;;;AAKA,IAAMC,WAAW,GAAG,SAAdA,WAAc,CAACC,IAAD;AAAA,yCACtBP,YADsB,GAEtBO,IAFsB;AAAA,CAApB","sourceRoot":"C:\\Users\\UBA PLC\\Desktop\\new-projects\\Epic-Mail\\src\\utils\\","sourcesContent":["import Authenticate from '../middleware/auth/Authenticate';\r\n\r\nexport const newUser = {\r\n  email: 'user@gmail.com',\r\n  userName: 'user',\r\n  firstName: 'User',\r\n  lastName: 'Test',\r\n  password: 'password',\r\n};\r\n\r\nexport const goodUserData = {\r\n  email: 'test@gmail.com',\r\n  userName: 'Test',\r\n  lastName: 'Test',\r\n  firstName: 'User',\r\n  password: 'testing123',\r\n};\r\n\r\nexport const emptyUserData = {\r\n  email: '',\r\n  username: '',\r\n  lastName: '',\r\n  firstName: '',\r\n  password: '',\r\n};\r\n\r\nexport const unknownUser = Authenticate.generateToken(\r\n  2000,\r\n  'unknown@mail.com',\r\n  'unknown',\r\n);\r\nexport const getUserData = (args) => ({\r\n  ...goodUserData,\r\n  ...args,\r\n});\r\n"]},"_coverageSchema":"1a1c01bbd47fc00a2c39e90264f33305004495a9","hash":"7115efca6c43a5d97dc299a10d2f9513d2c9fafa","contentHash":"53fde88fefcafdb2871c6673d04c004256b7870ea5a9ac59d47b2dfe8e9fa625"}}